
****** Vivado v2014.4 (64-bit)
  **** SW Build 1071353 on Tue Nov 18 16:47:07 MST 2014
  **** IP Build 1070531 on Tue Nov 18 01:10:18 MST 2014
    ** Copyright 1986-2014 Xilinx, Inc. All Rights Reserved.

source get_cs_ip.tcl
# set_param gui.test TreeTableDev
# debug::add_scope template.lib 1
# set_param chipscope.flow 0
# set part xc7z030fbg676-1
# set ip_vlnv xilinx.com:ip:ila:5.0
# set ip_module_name u_ila_1_CV
# set params [list {PARAM_VALUE.ALL_PROBE_SAME_MU} {true} {PARAM_VALUE.ALL_PROBE_SAME_MU_CNT} {4} {PARAM_VALUE.C_ADV_TRIGGER} {true} {PARAM_VALUE.C_DATA_DEPTH} {1024} {PARAM_VALUE.C_EN_STRG_QUAL} {true} {PARAM_VALUE.C_INPUT_PIPE_STAGES} {0} {PARAM_VALUE.C_NUM_OF_PROBES} {1} {PARAM_VALUE.C_PROBE0_WIDTH} {1} {PARAM_VALUE.C_TRIGIN_EN} {0} {PARAM_VALUE.C_TRIGOUT_EN} {0}]
# set output_xci {/home/subhagato/Codes/marie_smart/marie_smart.runs/impl_2/.Xil/Vivado-9287-headlight-pc/u_ila_1_CV.0/out/result.xci}
# set output_dcp {/home/subhagato/Codes/marie_smart/marie_smart.runs/impl_2/.Xil/Vivado-9287-headlight-pc/u_ila_1_CV.0/out/result.dcp}
# set output_dir {/home/subhagato/Codes/marie_smart/marie_smart.runs/impl_2/.Xil/Vivado-9287-headlight-pc/u_ila_1_CV.0/out}
# set ip_repo_paths {
#   /home/subhagato/Codes/marie_smart/marie_smart.cache/ip
#   /home/subhagato/Codes/smartheadlight_fpga/CameraLinkToAXI_IP
# }
# set ip_output_repo /home/subhagato/Codes/marie_smart/marie_smart.cache/ip
# set ip_cache_permissions {read write}
# source {/opt/Xilinx/Vivado/2014.4/scripts/ip/ipxchipscope.tcl}
INFO: [IP_Flow 19-234] Refreshing IP repositories
INFO: [IP_Flow 19-1700] Loaded user IP repository '/home/subhagato/Codes/marie_smart/marie_smart.cache/ip'.
INFO: [IP_Flow 19-1700] Loaded user IP repository '/home/subhagato/Codes/smartheadlight_fpga/CameraLinkToAXI_IP'.
INFO: [IP_Flow 19-2313] Loaded Vivado IP repository '/opt/Xilinx/Vivado/2014.4/data/ip'.
INFO: [IP_Flow 19-1686] Generating 'Instantiation Template' target for IP 'u_ila_1_CV'...
INFO: [IP_Flow 19-1686] Generating 'Synthesis' target for IP 'u_ila_1_CV'...
INFO: [IP_Flow 19-1686] Generating 'Simulation' target for IP 'u_ila_1_CV'...
INFO: [IP_Flow 19-1686] Generating 'Change Log' target for IP 'u_ila_1_CV'...
Running: synth_ip -dont_touch_constr -verbose [get_ips u_ila_1_CV]
# generate_target all [get_files /home/subhagato/Codes/marie_smart/marie_smart.runs/impl_2/.Xil/Vivado-9287-headlight-pc/u_ila_1_CV.0/run/.srcs/sources_1/ip/u_ila_1_CV/u_ila_1_CV.xci]
INFO: [Vivado 12-3774] Using cached synthesis results for 'u_ila_1_CV' IP instance from /home/subhagato/Codes/marie_smart/marie_smart.cache/ip/87dd0892
# open_checkpoint -netlist_only [list /home/subhagato/Codes/marie_smart/marie_smart.cache/ip/87dd0892/i_ila.dcp] -part xc7z030fbg676-1
Command: open_checkpoint -netlist_only /home/subhagato/Codes/marie_smart/marie_smart.cache/ip/87dd0892/i_ila.dcp -part xc7z030fbg676-1
INFO: [Netlist 29-17] Analyzing 308 Unisim elements for replacement
INFO: [Netlist 29-28] Unisim Transformation completed in 0 CPU seconds
INFO: [Project 1-479] Netlist was created with Vivado 2014.4
Loading clock regions from /opt/Xilinx/Vivado/2014.4/data/parts/xilinx/zynq/zynq/xc7z030/ClockRegion.xml
Loading clock buffers from /opt/Xilinx/Vivado/2014.4/data/parts/xilinx/zynq/zynq/xc7z030/ClockBuffers.xml
Loading clock placement rules from /opt/Xilinx/Vivado/2014.4/data/parts/xilinx/zynq/ClockPlacerRules.xml
Loading package pin functions from /opt/Xilinx/Vivado/2014.4/data/parts/xilinx/zynq/PinFunctions.xml...
Loading package from /opt/Xilinx/Vivado/2014.4/data/parts/xilinx/zynq/zynq/xc7z030/fbg676/Package.xml
Loading io standards from /opt/Xilinx/Vivado/2014.4/data/./parts/xilinx/zynq/IOStandards.xml
INFO: [Project 1-570] Preparing netlist for logic optimization
INFO: [Opt 31-138] Pushed 0 inverter(s) to 0 load pin(s).
INFO: [Project 1-111] Unisim Transformation Summary:
  A total of 204 instances were transformed.
  CFGLUT5 => CFGLUT5 (SRLC32E, SRL16E): 172 instances
  RAM64M => RAM64M (RAMD64E, RAMD64E, RAMD64E, RAMD64E): 32 instances

INFO: [Project 1-484] Checkpoint was created with build 1071353
# rename_ref -ref [list i_ila] -to [list u_ila_1_CV]
# rename_ref -prefix_all u_ila_1_CV
INFO: [Coretcl 2-1174] Renamed 327 cell refs.
# write_checkpoint /home/subhagato/Codes/marie_smart/marie_smart.runs/impl_2/.Xil/Vivado-9287-headlight-pc/u_ila_1_CV.0/run/.srcs/sources_1/ip/u_ila_1_CV/u_ila_1_CV.dcp
INFO: [Timing 38-35] Done setting XDC timing constraints.
write_checkpoint: Time (s): cpu = 00:00:07 ; elapsed = 00:00:07 . Memory (MB): peak = 1751.402 ; gain = 518.520 ; free physical = 6265 ; free virtual = 16046
# write_verilog -force -mode synth_stub /home/subhagato/Codes/marie_smart/marie_smart.runs/impl_2/.Xil/Vivado-9287-headlight-pc/u_ila_1_CV.0/run/.srcs/sources_1/ip/u_ila_1_CV/u_ila_1_CV_stub.v
# write_vhdl -force -mode synth_stub /home/subhagato/Codes/marie_smart/marie_smart.runs/impl_2/.Xil/Vivado-9287-headlight-pc/u_ila_1_CV.0/run/.srcs/sources_1/ip/u_ila_1_CV/u_ila_1_CV_stub.vhdl
# write_verilog -force -mode funcsim /home/subhagato/Codes/marie_smart/marie_smart.runs/impl_2/.Xil/Vivado-9287-headlight-pc/u_ila_1_CV.0/run/.srcs/sources_1/ip/u_ila_1_CV/u_ila_1_CV_funcsim.vhdl
# write_vhdl -force -mode funcsim /home/subhagato/Codes/marie_smart/marie_smart.runs/impl_2/.Xil/Vivado-9287-headlight-pc/u_ila_1_CV.0/run/.srcs/sources_1/ip/u_ila_1_CV/u_ila_1_CV_funcsim.v
# close_design
# close_project
INFO: [Vivado 12-3441] generate_netlist_ip - operation complete
synth_ip: Time (s): cpu = 00:00:16 ; elapsed = 00:00:16 . Memory (MB): peak = 1777.402 ; gain = 801.016 ; free physical = 6233 ; free virtual = 16020
# set failed [catch {ipx::chipscope::gen_and_synth_ip $part $ip_vlnv $ip_module_name $params $output_xci $output_dcp $output_dir $ip_repo_paths $ip_output_repo $ip_cache_permissions} errMessage]
# if { $failed } {
#   puts "Caught exception:"
#   puts "$errMessage"
#   exit 1
# }
INFO: [Common 17-206] Exiting Vivado at Thu Jul 16 13:02:44 2015...
