@I [HLS-0] Workspace C:/Users/marien.CRICKET/Documents/preprocessing/07_02_smart/hls_cropping/hls_cropping/solution1 opened at Wed Jul 15 16:47:13 -0400 2015
@I [HLS-100] Command "config_clock -quiet -name default -period 20 -default=false "
@I [SYN-201] Setting up clock 'default' with a period of 20ns.
@I [HLS-100] Command 'config_clock' returned 0; elapsed 0Total elapsed time: 0.488 sec.
@I [HLS-100] Command "open_platform DefaultPlatform "
@I [HLS-100] Command 'open_platform' returned 0; elapsed 0Total elapsed time: 0.489 sec.
@I [HLS-100] Command "import_lib C:/Xilinx/Vivado_HLS/2014.4/common/technology/xilinx/zynq/zynq "
@I [HLS-100] Command "source C:/Xilinx/Vivado_HLS/2014.4/common/technology/xilinx/common/xilinx.lib "
@I [HLS-100] Command "source C:/Xilinx/Vivado_HLS/2014.4/common/technology/xilinx/interface/xilinx_interface.lib "
@I [HLS-100] Command "source C:/Xilinx/Vivado_HLS/2014.4/common/technology/xilinx/interface/plb46.lib "
@I [HLS-100] Command 'ap_source' returned 0; elapsed 0Total elapsed time: 0.489 sec.
@I [HLS-100] Command "source C:/Xilinx/Vivado_HLS/2014.4/common/technology/xilinx/interface/fsl.lib "
@I [HLS-100] Command 'ap_source' returned 0; elapsed 0.001Total elapsed time: 0.490 sec.
@I [HLS-100] Command "source C:/Xilinx/Vivado_HLS/2014.4/common/technology/xilinx/interface/axi4.lib "
@I [HLS-100] Command 'ap_source' returned 0; elapsed 0Total elapsed time: 0.490 sec.
@I [HLS-100] Command "source C:/Xilinx/Vivado_HLS/2014.4/common/technology/xilinx/interface/maxi.lib "
@I [HLS-100] Command 'ap_source' returned 0; elapsed 0Total elapsed time: 0.490 sec.
@I [HLS-100] Command "source C:/Xilinx/Vivado_HLS/2014.4/common/technology/xilinx/interface/saxilite.lib "
@I [HLS-100] Command 'ap_source' returned 0; elapsed 0Total elapsed time: 0.490 sec.
@I [HLS-100] Command 'ap_source' returned 0; elapsed 0.001Total elapsed time: 0.490 sec.
@I [HLS-100] Command "source C:/Xilinx/Vivado_HLS/2014.4/common/technology/xilinx/common/dsp48.lib "
@I [HLS-100] Command 'ap_source' returned 0; elapsed 0Total elapsed time: 0.490 sec.
@I [HLS-100] Command "source C:/Xilinx/Vivado_HLS/2014.4/common/technology/xilinx/ip/xfft.lib "
@I [HLS-100] Command 'ap_source' returned 0; elapsed 0Total elapsed time: 0.491 sec.
@I [HLS-100] Command "source C:/Xilinx/Vivado_HLS/2014.4/common/technology/xilinx/ip/xfir.lib "
@I [HLS-100] Command 'ap_source' returned 0; elapsed 0Total elapsed time: 0.491 sec.
@I [HLS-100] Command 'ap_source' returned 0; elapsed 0.003Total elapsed time: 0.492 sec.
@I [HLS-100] Command "source C:/Xilinx/Vivado_HLS/2014.4/common/technology/xilinx/common/xilinx_old.lib "
@I [HLS-100] Command 'ap_source' returned 0; elapsed 0Total elapsed time: 0.493 sec.
@I [HLS-100] Command "source C:/Xilinx/Vivado_HLS/2014.4/common/technology/xilinx/common/xilinx_vivado.lib "
@I [HLS-100] Command 'ap_source' returned 0; elapsed 0Total elapsed time: 0.493 sec.
@I [HLS-100] Command "source C:/Xilinx/Vivado_HLS/2014.4/common/technology/xilinx/common/xilinx.hlp "
@I [HLS-100] Command "source C:/Xilinx/Vivado_HLS/2014.4/common/technology/xilinx/common/target_info.tcl "
@I [HLS-100] Command 'ap_source' returned 0; elapsed 0Total elapsed time: 0.496 sec.
@I [HLS-100] Command "source C:/Xilinx/Vivado_HLS/2014.4/common/technology/xilinx/interface/xilinx_interface.hlp "
@I [HLS-100] Command "source C:/Xilinx/Vivado_HLS/2014.4/common/technology/xilinx/interface/maxi.hlp "
@I [HLS-100] Command 'ap_source' returned 0; elapsed 0Total elapsed time: 0.496 sec.
@I [HLS-100] Command "source C:/Xilinx/Vivado_HLS/2014.4/common/technology/xilinx/interface/saxilite.hlp "
@I [HLS-100] Command 'ap_source' returned 0; elapsed 0.001Total elapsed time: 0.497 sec.
@I [HLS-100] Command 'ap_source' returned 0; elapsed 0.001Total elapsed time: 0.497 sec.
@I [HLS-100] Command "source C:/Xilinx/Vivado_HLS/2014.4/common/technology/xilinx/common/dsp48.hlp "
@I [HLS-100] Command 'ap_source' returned 0; elapsed 0Total elapsed time: 0.497 sec.
@I [HLS-100] Command 'ap_source' returned 0; elapsed 0.002Total elapsed time: 0.497 sec.
@I [HLS-100] Command "source C:/Xilinx/Vivado_HLS/2014.4/common/technology/xilinx/zynq/dsp48e1.hlp "
@I [HLS-100] Command 'ap_source' returned 0; elapsed 0Total elapsed time: 0.497 sec.
@I [HLS-100] Command "get_default_platform "
@I [HLS-100] Command 'get_default_platform' returned 0; elapsed 0Total elapsed time: 0.498 sec.
@I [HLS-100] Command "config_chip_info -quiet -resource  {SLICE 13300}  {LUT 53200}     {FF 106400} {DSP48E 220}   {BRAM 280}  "
@I [HLS-100] Command 'config_chip_info' returned 0; elapsed 0Total elapsed time: 0.498 sec.
@I [HLS-100] Command "config_chip_info -quiet -speed medium "
@I [HLS-100] Command 'config_chip_info' returned 0; elapsed 0Total elapsed time: 0.498 sec.
@I [HLS-100] Command 'import_lib' returned 0; elapsed 0.01Total elapsed time: 0.499 sec.
@I [HLS-100] Command "source C:/Xilinx/Vivado_HLS/2014.4/common/technology/xilinx/zynq/zynq.gen "
@I [HLS-100] Command "source C:/Xilinx/Vivado_HLS/2014.4/common/technology/xilinx/common/virtex.gen "
@I [HLS-100] Command "source C:/Xilinx/Vivado_HLS/2014.4/common/technology/xilinx/common/xilinx.gen "
@I [HLS-100] Command "source C:/Xilinx/Vivado_HLS/2014.4/common/technology/xilinx/interface/plb46.gen "
@I [HLS-100] Command 'ap_source' returned 0; elapsed 0.001Total elapsed time: 0.501 sec.
@I [HLS-100] Command "source C:/Xilinx/Vivado_HLS/2014.4/common/technology/xilinx/interface/fsl.gen "
@I [HLS-100] Command 'ap_source' returned 0; elapsed 0Total elapsed time: 0.501 sec.
@I [HLS-100] Command "source C:/Xilinx/Vivado_HLS/2014.4/common/technology/xilinx/interface/axi4.gen "
@I [HLS-100] Command 'ap_source' returned 0; elapsed 0.002Total elapsed time: 0.503 sec.
@I [HLS-100] Command "source C:/Xilinx/Vivado_HLS/2014.4/common/technology/xilinx/interface/nativeAXI4.gen "
@I [HLS-100] Command "source C:/Xilinx/Vivado_HLS/2014.4/common/technology/xilinx/interface/saxilite.gen "
@I [HLS-100] Command 'ap_source' returned 0; elapsed 0.002Total elapsed time: 0.505 sec.
@I [HLS-100] Command "source C:/Xilinx/Vivado_HLS/2014.4/common/technology/xilinx/interface/maxi.gen "
@I [HLS-100] Command 'ap_source' returned 0; elapsed 0.006Total elapsed time: 0.512 sec.
@I [HLS-100] Command 'ap_source' returned 0; elapsed 0.009Total elapsed time: 0.512 sec.
@I [HLS-100] Command "source C:/Xilinx/Vivado_HLS/2014.4/common/technology/xilinx/scripts/xilinxcoregen.gen "
@I [HLS-100] Command 'ap_source' returned 0; elapsed 0.008Total elapsed time: 0.520 sec.
@I [HLS-100] Command "source C:/Xilinx/Vivado_HLS/2014.4/common/technology/xilinx/interface/XilEDKCoreGen.gen "
@I [HLS-100] Command 'ap_source' returned 0; elapsed 0.007Total elapsed time: 0.527 sec.
@I [HLS-100] Command "source C:/Xilinx/Vivado_HLS/2014.4/common/technology/xilinx/ip/util.gen "
@I [HLS-100] Command 'ap_source' returned 0; elapsed 0Total elapsed time: 0.527 sec.
@I [HLS-100] Command "source C:/Xilinx/Vivado_HLS/2014.4/common/technology/xilinx/ip/xfft.gen "
@I [HLS-100] Command 'ap_source' returned 0; elapsed 0.101Total elapsed time: 0.628 sec.
@I [HLS-100] Command "source C:/Xilinx/Vivado_HLS/2014.4/common/technology/xilinx/ip/xfir.gen "
@I [HLS-100] Command "source C:/Xilinx/Vivado_HLS/2014.4/tps/tcl/tcllib1.11.1/struct/list.tcl "
@I [HLS-100] Command "source C:/Xilinx/Vivado_HLS/2014.4/tps/tcl/tcllib1.11.1/cmdline/cmdline.tcl "
@I [HLS-100] Command 'ap_source' returned 0; elapsed 0.001Total elapsed time: 0.645 sec.
@I [HLS-100] Command 'ap_source' returned 0; elapsed 0.002Total elapsed time: 0.645 sec.
@I [HLS-100] Command "source C:/Xilinx/Vivado_HLS/2014.4/tps/tcl/tcllib1.11.1/math/bignum.tcl "
@I [HLS-100] Command 'ap_source' returned 0; elapsed 0.001Total elapsed time: 0.649 sec.
@I [HLS-100] Command 'ap_source' returned 0; elapsed 0.026Total elapsed time: 0.654 sec.
@I [HLS-100] Command 'ap_source' returned 0; elapsed 0.155Total elapsed time: 0.654 sec.
@I [HLS-100] Command "source C:/Xilinx/Vivado_HLS/2014.4/common/technology/xilinx/common/dsp48.gen "
@I [HLS-100] Command 'ap_source' returned 0; elapsed 0.001Total elapsed time: 0.655 sec.
@I [HLS-100] Command 'ap_source' returned 0; elapsed 0.156Total elapsed time: 0.655 sec.
@I [HLS-100] Command 'ap_source' returned 0; elapsed 0.156Total elapsed time: 0.655 sec.
@I [HLS-100] Command "open_platform DefaultPlatform "
@I [HLS-100] Command 'open_platform' returned 0; elapsed 0Total elapsed time: 0.655 sec.
@I [HLS-100] Command "import_lib C:/Xilinx/Vivado_HLS/2014.4/common/technology/xilinx/zynq/zynq_fpv6 "
@I [HLS-100] Command "source C:/Xilinx/Vivado_HLS/2014.4/common/technology/xilinx/common/xilinx_fpv7.lib "
@I [HLS-100] Command 'ap_source' returned 0; elapsed 0.002Total elapsed time: 0.657 sec.
@I [HLS-100] Command "source C:/Xilinx/Vivado_HLS/2014.4/common/technology/xilinx/common/xilinx_fpv.hlp "
@I [HLS-100] Command "source C:/Xilinx/Vivado_HLS/2014.4/common/technology/xilinx/common/xilinx.hlp "
@I [HLS-100] Command "source C:/Xilinx/Vivado_HLS/2014.4/common/technology/xilinx/common/target_info.tcl "
@I [HLS-100] Command 'ap_source' returned 0; elapsed 0.001Total elapsed time: 0.664 sec.
@I [HLS-100] Command "source C:/Xilinx/Vivado_HLS/2014.4/common/technology/xilinx/interface/xilinx_interface.hlp "
@I [HLS-100] Command "source C:/Xilinx/Vivado_HLS/2014.4/common/technology/xilinx/interface/maxi.hlp "
@I [HLS-100] Command 'ap_source' returned 0; elapsed 0Total elapsed time: 0.664 sec.
@I [HLS-100] Command "source C:/Xilinx/Vivado_HLS/2014.4/common/technology/xilinx/interface/saxilite.hlp "
@I [HLS-100] Command 'ap_source' returned 0; elapsed 0Total elapsed time: 0.664 sec.
@I [HLS-100] Command 'ap_source' returned 0; elapsed 0Total elapsed time: 0.664 sec.
@I [HLS-100] Command "source C:/Xilinx/Vivado_HLS/2014.4/common/technology/xilinx/common/dsp48.hlp "
@I [HLS-100] Command 'ap_source' returned 0; elapsed 0.001Total elapsed time: 0.665 sec.
@I [HLS-100] Command 'ap_source' returned 0; elapsed 0.003Total elapsed time: 0.665 sec.
@I [HLS-100] Command 'ap_source' returned 0; elapsed 0.003Total elapsed time: 0.665 sec.
@I [HLS-100] Command 'import_lib' returned 0; elapsed 0.013Total elapsed time: 0.668 sec.
@I [HLS-100] Command "source C:/Xilinx/Vivado_HLS/2014.4/common/technology/xilinx/zynq/zynq_fpv6.gen "
@I [HLS-100] Command "source C:/Xilinx/Vivado_HLS/2014.4/common/technology/xilinx/common/xilinx_fpv6.gen "
@I [HLS-100] Command 'ap_source' returned 0; elapsed 0.001Total elapsed time: 0.670 sec.
@I [HLS-100] Command 'ap_source' returned 0; elapsed 0.002Total elapsed time: 0.670 sec.
@I [HLS-100] Command "set_part xc7z020clg484-1 "
@I [HLS-100] Command "add_library xilinx/zynq/zynq:xc7z020:clg484:-1 "
@I [HLS-100] Command "get_default_platform "
@I [HLS-100] Command 'get_default_platform' returned 0; elapsed 0Total elapsed time: 0.673 sec.
@I [HLS-100] Command "license_exists VIVADO_HLS "
@I [LICQ-103] Checked out feature [VIVADO_HLS]
@I [LIC-101] Checked out feature [VIVADO_HLS]
@I [HLS-100] Command 'license_exists' returned 0; elapsed 0.007Total elapsed time: 0.680 sec.
@I [HLS-100] Command "get_default_platform "
@I [HLS-100] Command 'get_default_platform' returned 0; elapsed 0Total elapsed time: 0.681 sec.
@I [HLS-100] Command "config_chip_info -quiet -resource  {SLICE 13300}  {LUT 53200}     {FF 106400} {DSP48E 220}   {BRAM 280}  "
@I [HLS-100] Command 'config_chip_info' returned 0; elapsed 0Total elapsed time: 0.681 sec.
@I [HLS-100] Command "config_chip_info -quiet -speed slow "
@I [HLS-100] Command 'config_chip_info' returned 0; elapsed 0Total elapsed time: 0.681 sec.
@I [HLS-100] Command 'add_library' returned 0; elapsed 0.01Total elapsed time: 0.683 sec.
@I [HLS-100] Command "add_library xilinx/zynq/zynq_fpv6 "
@I [HLS-100] Command "get_default_platform "
@I [HLS-100] Command 'get_default_platform' returned 0; elapsed 0Total elapsed time: 0.683 sec.
@I [HLS-100] Command "license_exists VIVADO_HLS "
@I [HLS-100] Command 'license_exists' returned 0; elapsed 0Total elapsed time: 0.683 sec.
@I [HLS-100] Command 'add_library' returned 0; elapsed 0.001Total elapsed time: 0.684 sec.
@I [HLS-10] Setting target device to 'xc7z020clg484-1'
@I [HLS-100] Command 'set_part' returned 0; elapsed 0.014Total elapsed time: 0.684 sec.
@I [HLS-100] Command "get_default_platform "
@I [HLS-100] Command 'get_default_platform' returned 0; elapsed 0Total elapsed time: 0.684 sec.
@I [HLS-100] Command "config_chip_info -quiet -resource  {SLICE 13300}  {LUT 53200}     {FF 106400} {DSP48E 220}   {BRAM 280}  "
@I [HLS-100] Command 'config_chip_info' returned 0; elapsed 0Total elapsed time: 0.684 sec.
@I [HLS-100] Command "config_chip_info -quiet -speed slow "
@I [HLS-100] Command 'config_chip_info' returned 0; elapsed 0Total elapsed time: 0.684 sec.
@I [HLS-100] Command 'open_solution' returned 0; elapsed 0.207Total elapsed time: 0.685 sec.
@I [HLS-100] Command "export_design -format ip_catalog "
@I [HLS-100] Command "source C:/Users/marien.CRICKET/Documents/preprocessing/07_02_smart/hls_cropping/hls_cropping/solution1/.autopilot/db/global.setting.tcl "
@I [HLS-100] Command 'ap_source' returned 0; elapsed 0.001Total elapsed time: 0.690 sec.
@I [HLS-100] Command "source C:/Xilinx/Vivado_HLS/2014.4/common/technology/generic/autopilot/common.gen "
@I [HLS-100] Command "source C:/Xilinx/Vivado_HLS/2014.4/common/technology/generic/autopilot/APCoreGen.gen "
@I [HLS-100] Command 'ap_source' returned 0; elapsed 0Total elapsed time: 0.694 sec.
@I [HLS-100] Command 'ap_source' returned 0; elapsed 0.002Total elapsed time: 0.695 sec.
@I [HLS-100] Command "source C:/Xilinx/Vivado_HLS/2014.4/common/technology/generic/autopilot/op.gen "
@I [HLS-100] Command 'ap_source' returned 0; elapsed 0Total elapsed time: 0.695 sec.
@I [HLS-100] Command "source C:/Xilinx/Vivado_HLS/2014.4/common/technology/generic/autopilot/op_simcore.gen "
@I [HLS-100] Command 'ap_source' returned 0; elapsed 0.001Total elapsed time: 0.696 sec.
@I [HLS-100] Command "source C:/Xilinx/Vivado_HLS/2014.4/common/technology/generic/autopilot/interface.gen "
@I [HLS-100] Command 'ap_source' returned 0; elapsed 0Total elapsed time: 0.696 sec.
@I [HLS-100] Command "source C:/Users/marien.CRICKET/Documents/preprocessing/07_02_smart/hls_cropping/hls_cropping/solution1/.autopilot/db/global.setting.tcl "
@I [HLS-100] Command 'ap_source' returned 0; elapsed 0.001Total elapsed time: 0.697 sec.
@I [HLS-100] Command "source C:/Xilinx/Vivado_HLS/2014.4/common/technology/xilinx/zynq/zynq.gen "
@I [HLS-100] Command "source C:/Xilinx/Vivado_HLS/2014.4/common/technology/xilinx/common/virtex.gen "
@I [HLS-100] Command "source C:/Xilinx/Vivado_HLS/2014.4/common/technology/xilinx/common/xilinx.gen "
@I [HLS-100] Command "source C:/Xilinx/Vivado_HLS/2014.4/common/technology/xilinx/interface/plb46.gen "
@I [HLS-100] Command 'ap_source' returned 0; elapsed 0.002Total elapsed time: 0.699 sec.
@I [HLS-100] Command "source C:/Xilinx/Vivado_HLS/2014.4/common/technology/xilinx/interface/fsl.gen "
@I [HLS-100] Command 'ap_source' returned 0; elapsed 0Total elapsed time: 0.699 sec.
@I [HLS-100] Command "source C:/Xilinx/Vivado_HLS/2014.4/common/technology/xilinx/interface/axi4.gen "
@I [HLS-100] Command 'ap_source' returned 0; elapsed 0.002Total elapsed time: 0.701 sec.
@I [HLS-100] Command "source C:/Xilinx/Vivado_HLS/2014.4/common/technology/xilinx/interface/nativeAXI4.gen "
@I [HLS-100] Command "source C:/Xilinx/Vivado_HLS/2014.4/common/technology/xilinx/interface/saxilite.gen "
@I [HLS-100] Command 'ap_source' returned 0; elapsed 0.003Total elapsed time: 0.704 sec.
@I [HLS-100] Command "source C:/Xilinx/Vivado_HLS/2014.4/common/technology/xilinx/interface/maxi.gen "
@I [HLS-100] Command 'ap_source' returned 0; elapsed 0.007Total elapsed time: 0.711 sec.
@I [HLS-100] Command 'ap_source' returned 0; elapsed 0.01Total elapsed time: 0.711 sec.
@I [HLS-100] Command "source C:/Xilinx/Vivado_HLS/2014.4/common/technology/xilinx/scripts/xilinxcoregen.gen "
@I [HLS-100] Command 'ap_source' returned 0; elapsed 0.007Total elapsed time: 0.718 sec.
@I [HLS-100] Command "source C:/Xilinx/Vivado_HLS/2014.4/common/technology/xilinx/interface/XilEDKCoreGen.gen "
@I [HLS-100] Command 'ap_source' returned 0; elapsed 0.007Total elapsed time: 0.726 sec.
@I [HLS-100] Command "source C:/Xilinx/Vivado_HLS/2014.4/common/technology/xilinx/ip/util.gen "
@I [HLS-100] Command 'ap_source' returned 0; elapsed 0Total elapsed time: 0.726 sec.
@I [HLS-100] Command "source C:/Xilinx/Vivado_HLS/2014.4/common/technology/xilinx/ip/xfft.gen "
@I [HLS-100] Command 'ap_source' returned 0; elapsed 0.095Total elapsed time: 0.821 sec.
@I [HLS-100] Command "source C:/Xilinx/Vivado_HLS/2014.4/common/technology/xilinx/ip/xfir.gen "
@I [HLS-100] Command 'ap_source' returned 0; elapsed 0.022Total elapsed time: 0.843 sec.
@I [HLS-100] Command 'ap_source' returned 0; elapsed 0.146Total elapsed time: 0.843 sec.
@I [HLS-100] Command "source C:/Xilinx/Vivado_HLS/2014.4/common/technology/xilinx/common/dsp48.gen "
@I [HLS-100] Command 'ap_source' returned 0; elapsed 0Total elapsed time: 0.844 sec.
@I [HLS-100] Command 'ap_source' returned 0; elapsed 0.147Total elapsed time: 0.844 sec.
@I [HLS-100] Command 'ap_source' returned 0; elapsed 0.147Total elapsed time: 0.844 sec.
@I [HLS-100] Command "source C:/Xilinx/Vivado_HLS/2014.4/common/technology/xilinx/zynq/zynq_fpv6.gen "
@I [HLS-100] Command "source C:/Xilinx/Vivado_HLS/2014.4/common/technology/xilinx/common/xilinx_fpv6.gen "
@I [HLS-100] Command 'ap_source' returned 0; elapsed 0.002Total elapsed time: 0.846 sec.
@I [HLS-100] Command 'ap_source' returned 0; elapsed 0.002Total elapsed time: 0.846 sec.
@I [HLS-100] Command "source C:/Users/marien.CRICKET/Documents/preprocessing/07_02_smart/hls_cropping/hls_cropping/solution1/.autopilot/db/global.setting.tcl "
@I [HLS-100] Command 'ap_source' returned 0; elapsed 0Total elapsed time: 0.847 sec.
@I [IMPL-8] Exporting RTL as an IP in IP-XACT.
@I [HLS-100] Command "source C:/Users/marien.CRICKET/Documents/preprocessing/07_02_smart/hls_cropping/hls_cropping/solution1/.autopilot/db/global.setting.tcl "
@I [HLS-100] Command 'ap_source' returned 0; elapsed 0Total elapsed time: 0.849 sec.
@I [HLS-100] Command "source C:/Users/marien.CRICKET/Documents/preprocessing/07_02_smart/hls_cropping/hls_cropping/solution1/.autopilot/db/global.setting.tcl "
@I [HLS-100] Command 'ap_source' returned 0; elapsed 0Total elapsed time: 0.855 sec.
@I [HLS-100] Command "source C:/Xilinx/Vivado_HLS/2014.4/common/technology/generic/autopilot/common.gen "
@I [HLS-100] Command "source C:/Xilinx/Vivado_HLS/2014.4/common/technology/generic/autopilot/APCoreGen.gen "
@I [HLS-100] Command 'ap_source' returned 0; elapsed 0Total elapsed time: 0.856 sec.
@I [HLS-100] Command 'ap_source' returned 0; elapsed 0.001Total elapsed time: 0.857 sec.
@I [HLS-100] Command "source C:/Xilinx/Vivado_HLS/2014.4/common/technology/generic/autopilot/op.gen "
@I [HLS-100] Command 'ap_source' returned 0; elapsed 0Total elapsed time: 0.857 sec.
@I [HLS-100] Command "source C:/Xilinx/Vivado_HLS/2014.4/common/technology/generic/autopilot/op_simcore.gen "
@I [HLS-100] Command 'ap_source' returned 0; elapsed 0.001Total elapsed time: 0.858 sec.
@I [HLS-100] Command "source C:/Xilinx/Vivado_HLS/2014.4/common/technology/generic/autopilot/interface.gen "
@I [HLS-100] Command 'ap_source' returned 0; elapsed 0Total elapsed time: 0.858 sec.
@I [HLS-100] Command "source C:/Users/marien.CRICKET/Documents/preprocessing/07_02_smart/hls_cropping/hls_cropping/solution1/.autopilot/db/global.setting.tcl "
@I [HLS-100] Command 'ap_source' returned 0; elapsed 0.001Total elapsed time: 0.859 sec.
@I [HLS-100] Command "source C:/Xilinx/Vivado_HLS/2014.4/common/technology/xilinx/zynq/zynq.gen "
@I [HLS-100] Command "source C:/Xilinx/Vivado_HLS/2014.4/common/technology/xilinx/common/virtex.gen "
@I [HLS-100] Command "source C:/Xilinx/Vivado_HLS/2014.4/common/technology/xilinx/common/xilinx.gen "
@I [HLS-100] Command "source C:/Xilinx/Vivado_HLS/2014.4/common/technology/xilinx/interface/plb46.gen "
@I [HLS-100] Command 'ap_source' returned 0; elapsed 0.001Total elapsed time: 0.861 sec.
@I [HLS-100] Command "source C:/Xilinx/Vivado_HLS/2014.4/common/technology/xilinx/interface/fsl.gen "
@I [HLS-100] Command 'ap_source' returned 0; elapsed 0Total elapsed time: 0.861 sec.
@I [HLS-100] Command "source C:/Xilinx/Vivado_HLS/2014.4/common/technology/xilinx/interface/axi4.gen "
@I [HLS-100] Command 'ap_source' returned 0; elapsed 0.002Total elapsed time: 0.863 sec.
@I [HLS-100] Command "source C:/Xilinx/Vivado_HLS/2014.4/common/technology/xilinx/interface/nativeAXI4.gen "
@I [HLS-100] Command "source C:/Xilinx/Vivado_HLS/2014.4/common/technology/xilinx/interface/saxilite.gen "
@I [HLS-100] Command 'ap_source' returned 0; elapsed 0.003Total elapsed time: 0.866 sec.
@I [HLS-100] Command "source C:/Xilinx/Vivado_HLS/2014.4/common/technology/xilinx/interface/maxi.gen "
@I [HLS-100] Command 'ap_source' returned 0; elapsed 0.006Total elapsed time: 0.872 sec.
@I [HLS-100] Command 'ap_source' returned 0; elapsed 0.009Total elapsed time: 0.872 sec.
@I [HLS-100] Command "source C:/Xilinx/Vivado_HLS/2014.4/common/technology/xilinx/scripts/xilinxcoregen.gen "
@I [HLS-100] Command 'ap_source' returned 0; elapsed 0.007Total elapsed time: 0.879 sec.
@I [HLS-100] Command "source C:/Xilinx/Vivado_HLS/2014.4/common/technology/xilinx/interface/XilEDKCoreGen.gen "
@I [HLS-100] Command 'ap_source' returned 0; elapsed 0.008Total elapsed time: 0.887 sec.
@I [HLS-100] Command "source C:/Xilinx/Vivado_HLS/2014.4/common/technology/xilinx/ip/util.gen "
@I [HLS-100] Command 'ap_source' returned 0; elapsed 0Total elapsed time: 0.887 sec.
@I [HLS-100] Command "source C:/Xilinx/Vivado_HLS/2014.4/common/technology/xilinx/ip/xfft.gen "
@I [HLS-100] Command 'ap_source' returned 0; elapsed 0.093Total elapsed time: 0.980 sec.
@I [HLS-100] Command "source C:/Xilinx/Vivado_HLS/2014.4/common/technology/xilinx/ip/xfir.gen "
@I [HLS-100] Command 'ap_source' returned 0; elapsed 0.022Total elapsed time: 1.2 sec.
@I [HLS-100] Command 'ap_source' returned 0; elapsed 0.142Total elapsed time: 1.2 sec.
@I [HLS-100] Command "source C:/Xilinx/Vivado_HLS/2014.4/common/technology/xilinx/common/dsp48.gen "
@I [HLS-100] Command 'ap_source' returned 0; elapsed 0.001Total elapsed time: 1.3 sec.
@I [HLS-100] Command 'ap_source' returned 0; elapsed 0.144Total elapsed time: 1.3 sec.
@I [HLS-100] Command 'ap_source' returned 0; elapsed 0.144Total elapsed time: 1.3 sec.
@I [HLS-100] Command "source C:/Xilinx/Vivado_HLS/2014.4/common/technology/xilinx/zynq/zynq_fpv6.gen "
@I [HLS-100] Command "source C:/Xilinx/Vivado_HLS/2014.4/common/technology/xilinx/common/xilinx_fpv6.gen "
@I [HLS-100] Command 'ap_source' returned 0; elapsed 0.001Total elapsed time: 1.4 sec.
@I [HLS-100] Command 'ap_source' returned 0; elapsed 0.001Total elapsed time: 1.4 sec.
@I [HLS-100] Command "source C:/Users/marien.CRICKET/Documents/preprocessing/07_02_smart/hls_cropping/hls_cropping/solution1/.autopilot/db/global.setting.tcl "
@I [HLS-100] Command 'ap_source' returned 0; elapsed 0.001Total elapsed time: 1.6 sec.
@I [HLS-100] Command "source C:/Users/marien.CRICKET/Documents/preprocessing/07_02_smart/hls_cropping/hls_cropping/solution1/.autopilot/db/hls_cropping_strm.compgen.tcl "
@I [HLS-100] Command 'ap_source' returned 0; elapsed 0.001Total elapsed time: 1.8 sec.
@I [HLS-100] Command "source C:/Users/marien.CRICKET/Documents/preprocessing/07_02_smart/hls_cropping/hls_cropping/solution1/.autopilot/db/global.setting.tcl "
@I [HLS-100] Command 'ap_source' returned 0; elapsed 0Total elapsed time: 1.20 sec.
@I [HLS-100] Command "source C:/Users/marien.CRICKET/Documents/preprocessing/07_02_smart/hls_cropping/hls_cropping/solution1/.autopilot/db/hls_cropping_strm.compgen.tcl "
@I [HLS-100] Command "source C:/Users/marien.CRICKET/Documents/preprocessing/07_02_smart/hls_cropping/hls_cropping/solution1/.autopilot/db/hls_cropping_strm.rtl_wrap.cfg.tcl "
@I [HLS-100] Command 'ap_source' returned 0; elapsed 0.001Total elapsed time: 1.23 sec.
@I [HLS-100] Command "source C:/Users/marien.CRICKET/Documents/preprocessing/07_02_smart/hls_cropping/hls_cropping/solution1/.autopilot/db/hls_cropping_strm.rtl_wrap.cfg.tcl "
@I [HLS-100] Command 'ap_source' returned 0; elapsed 0.001Total elapsed time: 1.24 sec.
@I [HLS-100] Command "source C:/Users/marien.CRICKET/Documents/preprocessing/07_02_smart/hls_cropping/hls_cropping/solution1/.autopilot/db/hls_cropping_strm.tbgen.tcl "
@I [HLS-100] Command 'ap_source' returned 0; elapsed 0.001Total elapsed time: 1.25 sec.
@I [HLS-100] Command "source C:/Users/marien.CRICKET/Documents/preprocessing/07_02_smart/hls_cropping/hls_cropping/solution1/.autopilot/db/hls_cropping_strm.tbgen.tcl "
@I [HLS-100] Command 'ap_source' returned 0; elapsed 0.001Total elapsed time: 1.52 sec.
@I [HLS-100] Command 'ap_source' returned 0; elapsed 0.068Total elapsed time: 1.89 sec.
@I [HLS-100] Command "source C:/Users/marien.CRICKET/Documents/preprocessing/07_02_smart/hls_cropping/hls_cropping/solution1/.autopilot/db/global.setting.tcl "
@I [HLS-100] Command 'ap_source' returned 0; elapsed 0.001Total elapsed time: 1.112 sec.
@I [HLS-100] Command "source C:/Users/marien.CRICKET/Documents/preprocessing/07_02_smart/hls_cropping/hls_cropping/solution1/.autopilot/db/hls_cropping_strm.compgen.tcl "
@I [HLS-100] Command 'ap_source' returned 0; elapsed 0.001Total elapsed time: 1.113 sec.
@I [HLS-100] Command "source C:/Users/marien.CRICKET/Documents/preprocessing/07_02_smart/hls_cropping/hls_cropping/solution1/.autopilot/db/global.setting.tcl "
@I [HLS-100] Command 'ap_source' returned 0; elapsed 0.001Total elapsed time: 3.50 sec.
@I [HLS-100] Command "source C:/Users/marien.CRICKET/Documents/preprocessing/07_02_smart/hls_cropping/hls_cropping/solution1/.autopilot/db/hls_cropping_strm.constraint.tcl "
@I [HLS-100] Command 'ap_source' returned 0; elapsed 0Total elapsed time: 3.54 sec.
@I [HLS-100] Command "source C:/Users/marien.CRICKET/Documents/preprocessing/07_02_smart/hls_cropping/hls_cropping/solution1/.autopilot/db/hls_cropping_strm.rtl_wrap.cfg.tcl "
@I [HLS-100] Command 'ap_source' returned 0; elapsed 0.001Total elapsed time: 3.112 sec.
@I [HLS-100] Command "source C:/Users/marien.CRICKET/Documents/preprocessing/07_02_smart/hls_cropping/hls_cropping/solution1/.autopilot/db/hls_cropping_strm.rtl_wrap.cfg.tcl "
@I [HLS-100] Command 'ap_source' returned 0; elapsed 0.001Total elapsed time: 3.113 sec.
@I [HLS-100] Command "source C:/Users/marien.CRICKET/Documents/preprocessing/07_02_smart/hls_cropping/hls_cropping/solution1/.autopilot/db/hls_cropping_strm.tbgen.tcl "
@I [HLS-100] Command 'ap_source' returned 0; elapsed 0.001Total elapsed time: 3.114 sec.
@I [HLS-100] Command "source C:/Users/marien.CRICKET/Documents/preprocessing/07_02_smart/hls_cropping/hls_cropping/solution1/.autopilot/db/hls_cropping_strm.tbgen.tcl "
@I [HLS-100] Command 'ap_source' returned 0; elapsed 0Total elapsed time: 3.114 sec.
@I [HLS-100] Command "source C:/Users/marien.CRICKET/Documents/preprocessing/07_02_smart/hls_cropping/hls_cropping/solution1/.autopilot/db/hls_cropping_strm.rtl_wrap.cfg.tcl "
@I [HLS-100] Command 'ap_source' returned 0; elapsed 0.001Total elapsed time: 3.159 sec.
@I [HLS-100] Command "source C:/Users/marien.CRICKET/Documents/preprocessing/07_02_smart/hls_cropping/hls_cropping/solution1/.autopilot/db/hls_cropping_strm.rtl_wrap.cfg.tcl "
@I [HLS-100] Command 'ap_source' returned 0; elapsed 0.001Total elapsed time: 3.160 sec.
@I [HLS-100] Command "source C:/Users/marien.CRICKET/Documents/preprocessing/07_02_smart/hls_cropping/hls_cropping/solution1/.autopilot/db/hls_cropping_strm.tbgen.tcl "
@I [HLS-100] Command 'ap_source' returned 0; elapsed 0.001Total elapsed time: 3.161 sec.
@I [HLS-100] Command "source C:/Users/marien.CRICKET/Documents/preprocessing/07_02_smart/hls_cropping/hls_cropping/solution1/.autopilot/db/hls_cropping_strm.tbgen.tcl "
@I [HLS-100] Command 'ap_source' returned 0; elapsed 0Total elapsed time: 3.161 sec.
@I [HLS-100] Command "source C:/Users/marien.CRICKET/Documents/preprocessing/07_02_smart/hls_cropping/hls_cropping/solution1/.autopilot/db/global.setting.tcl "
@I [HLS-100] Command 'ap_source' returned 0; elapsed 0.001Total elapsed time: 3.204 sec.
@I [HLS-100] Command "source C:/Users/marien.CRICKET/Documents/preprocessing/07_02_smart/hls_cropping/hls_cropping/solution1/.autopilot/db/global.setting.tcl "
@I [HLS-100] Command 'ap_source' returned 0; elapsed 0Total elapsed time: 3.222 sec.
@I [HLS-100] Command "source C:/Users/marien.CRICKET/Documents/preprocessing/07_02_smart/hls_cropping/hls_cropping/solution1/.autopilot/db/hls_cropping_strm.constraint.tcl "
@I [HLS-100] Command 'ap_source' returned 0; elapsed 0.003Total elapsed time: 3.226 sec.
@I [HLS-100] Command "source C:/Users/marien.CRICKET/Documents/preprocessing/07_02_smart/hls_cropping/hls_cropping/solution1/.autopilot/db/hls_cropping_strm.constraint.tcl "
@I [HLS-100] Command 'ap_source' returned 0; elapsed 0.001Total elapsed time: 3.227 sec.
@I [HLS-100] Command "source C:/Xilinx/Vivado_HLS/2014.4/common/technology/generic/autopilot/common.gen "
@I [HLS-100] Command "source C:/Xilinx/Vivado_HLS/2014.4/common/technology/generic/autopilot/APCoreGen.gen "
@I [HLS-100] Command 'ap_source' returned 0; elapsed 0.001Total elapsed time: 3.251 sec.
@I [HLS-100] Command 'ap_source' returned 0; elapsed 0.001Total elapsed time: 3.251 sec.
@I [HLS-100] Command "source C:/Xilinx/Vivado_HLS/2014.4/common/technology/generic/autopilot/op.gen "
@I [HLS-100] Command 'ap_source' returned 0; elapsed 0.001Total elapsed time: 3.252 sec.
@I [HLS-100] Command "source C:/Xilinx/Vivado_HLS/2014.4/common/technology/generic/autopilot/op_simcore.gen "
@I [HLS-100] Command 'ap_source' returned 0; elapsed 0.001Total elapsed time: 3.253 sec.
@I [HLS-100] Command "source C:/Xilinx/Vivado_HLS/2014.4/common/technology/generic/autopilot/interface.gen "
@I [HLS-100] Command 'ap_source' returned 0; elapsed 0Total elapsed time: 3.253 sec.
@I [HLS-100] Command "source C:/Users/marien.CRICKET/Documents/preprocessing/07_02_smart/hls_cropping/hls_cropping/solution1/.autopilot/db/global.setting.tcl "
@I [HLS-100] Command 'ap_source' returned 0; elapsed 0Total elapsed time: 3.253 sec.
@I [HLS-100] Command "source C:/Xilinx/Vivado_HLS/2014.4/common/technology/xilinx/zynq/zynq.gen "
@I [HLS-100] Command "source C:/Xilinx/Vivado_HLS/2014.4/common/technology/xilinx/common/virtex.gen "
@I [HLS-100] Command "source C:/Xilinx/Vivado_HLS/2014.4/common/technology/xilinx/common/xilinx.gen "
@I [HLS-100] Command "source C:/Xilinx/Vivado_HLS/2014.4/common/technology/xilinx/interface/plb46.gen "
@I [HLS-100] Command 'ap_source' returned 0; elapsed 0.001Total elapsed time: 3.255 sec.
@I [HLS-100] Command "source C:/Xilinx/Vivado_HLS/2014.4/common/technology/xilinx/interface/fsl.gen "
@I [HLS-100] Command 'ap_source' returned 0; elapsed 0Total elapsed time: 3.255 sec.
@I [HLS-100] Command "source C:/Xilinx/Vivado_HLS/2014.4/common/technology/xilinx/interface/axi4.gen "
@I [HLS-100] Command 'ap_source' returned 0; elapsed 0.003Total elapsed time: 3.258 sec.
@I [HLS-100] Command "source C:/Xilinx/Vivado_HLS/2014.4/common/technology/xilinx/interface/nativeAXI4.gen "
@I [HLS-100] Command "source C:/Xilinx/Vivado_HLS/2014.4/common/technology/xilinx/interface/saxilite.gen "
@I [HLS-100] Command 'ap_source' returned 0; elapsed 0.002Total elapsed time: 3.260 sec.
@I [HLS-100] Command "source C:/Xilinx/Vivado_HLS/2014.4/common/technology/xilinx/interface/maxi.gen "
@I [HLS-100] Command 'ap_source' returned 0; elapsed 0.007Total elapsed time: 3.267 sec.
@I [HLS-100] Command 'ap_source' returned 0; elapsed 0.009Total elapsed time: 3.267 sec.
@I [HLS-100] Command "source C:/Xilinx/Vivado_HLS/2014.4/common/technology/xilinx/scripts/xilinxcoregen.gen "
@I [HLS-100] Command 'ap_source' returned 0; elapsed 0.007Total elapsed time: 3.274 sec.
@I [HLS-100] Command "source C:/Xilinx/Vivado_HLS/2014.4/common/technology/xilinx/interface/XilEDKCoreGen.gen "
@I [HLS-100] Command 'ap_source' returned 0; elapsed 0.008Total elapsed time: 3.282 sec.
@I [HLS-100] Command "source C:/Xilinx/Vivado_HLS/2014.4/common/technology/xilinx/ip/util.gen "
@I [HLS-100] Command 'ap_source' returned 0; elapsed 0Total elapsed time: 3.283 sec.
@I [HLS-100] Command "source C:/Xilinx/Vivado_HLS/2014.4/common/technology/xilinx/ip/xfft.gen "
@I [HLS-100] Command 'ap_source' returned 0; elapsed 0.091Total elapsed time: 3.374 sec.
@I [HLS-100] Command "source C:/Xilinx/Vivado_HLS/2014.4/common/technology/xilinx/ip/xfir.gen "
@I [HLS-100] Command 'ap_source' returned 0; elapsed 0.022Total elapsed time: 3.396 sec.
@I [HLS-100] Command 'ap_source' returned 0; elapsed 0.142Total elapsed time: 3.396 sec.
@I [HLS-100] Command "source C:/Xilinx/Vivado_HLS/2014.4/common/technology/xilinx/common/dsp48.gen "
@I [HLS-100] Command 'ap_source' returned 0; elapsed 0Total elapsed time: 3.397 sec.
@I [HLS-100] Command 'ap_source' returned 0; elapsed 0.144Total elapsed time: 3.397 sec.
@I [HLS-100] Command 'ap_source' returned 0; elapsed 0.144Total elapsed time: 3.397 sec.
@I [HLS-100] Command "source C:/Xilinx/Vivado_HLS/2014.4/common/technology/xilinx/zynq/zynq_fpv6.gen "
@I [HLS-100] Command "source C:/Xilinx/Vivado_HLS/2014.4/common/technology/xilinx/common/xilinx_fpv6.gen "
@I [HLS-100] Command 'ap_source' returned 0; elapsed 0.001Total elapsed time: 3.399 sec.
@I [HLS-100] Command 'ap_source' returned 0; elapsed 0.001Total elapsed time: 3.399 sec.
@I [HLS-100] Command "source C:/Users/marien.CRICKET/Documents/preprocessing/07_02_smart/hls_cropping/hls_cropping/solution1/.autopilot/db/global.setting.tcl "
@I [HLS-100] Command 'ap_source' returned 0; elapsed 0.001Total elapsed time: 8.66 sec.
@I [HLS-100] Command "source C:/Xilinx/Vivado_HLS/2014.4/common/technology/generic/autopilot/common.gen "
@I [HLS-100] Command "source C:/Xilinx/Vivado_HLS/2014.4/common/technology/generic/autopilot/APCoreGen.gen "
@I [HLS-100] Command 'ap_source' returned 0; elapsed 0.001Total elapsed time: 8.70 sec.
@I [HLS-100] Command 'ap_source' returned 0; elapsed 0.001Total elapsed time: 8.70 sec.
@I [HLS-100] Command "source C:/Xilinx/Vivado_HLS/2014.4/common/technology/generic/autopilot/op.gen "
@I [HLS-100] Command 'ap_source' returned 0; elapsed 0.001Total elapsed time: 8.71 sec.
@I [HLS-100] Command "source C:/Xilinx/Vivado_HLS/2014.4/common/technology/generic/autopilot/op_simcore.gen "
@I [HLS-100] Command 'ap_source' returned 0; elapsed 0.001Total elapsed time: 8.72 sec.
@I [HLS-100] Command "source C:/Xilinx/Vivado_HLS/2014.4/common/technology/generic/autopilot/interface.gen "
@I [HLS-100] Command 'ap_source' returned 0; elapsed 0Total elapsed time: 8.72 sec.
@I [HLS-100] Command "source C:/Users/marien.CRICKET/Documents/preprocessing/07_02_smart/hls_cropping/hls_cropping/solution1/.autopilot/db/global.setting.tcl "
@I [HLS-100] Command 'ap_source' returned 0; elapsed 0.001Total elapsed time: 8.73 sec.
@I [HLS-100] Command "source C:/Xilinx/Vivado_HLS/2014.4/common/technology/xilinx/zynq/zynq.gen "
@I [HLS-100] Command "source C:/Xilinx/Vivado_HLS/2014.4/common/technology/xilinx/common/virtex.gen "
@I [HLS-100] Command "source C:/Xilinx/Vivado_HLS/2014.4/common/technology/xilinx/common/xilinx.gen "
@I [HLS-100] Command "source C:/Xilinx/Vivado_HLS/2014.4/common/technology/xilinx/interface/plb46.gen "
@I [HLS-100] Command 'ap_source' returned 0; elapsed 0.001Total elapsed time: 8.74 sec.
@I [HLS-100] Command "source C:/Xilinx/Vivado_HLS/2014.4/common/technology/xilinx/interface/fsl.gen "
@I [HLS-100] Command 'ap_source' returned 0; elapsed 0.001Total elapsed time: 8.75 sec.
@I [HLS-100] Command "source C:/Xilinx/Vivado_HLS/2014.4/common/technology/xilinx/interface/axi4.gen "
@I [HLS-100] Command 'ap_source' returned 0; elapsed 0.002Total elapsed time: 8.77 sec.
@I [HLS-100] Command "source C:/Xilinx/Vivado_HLS/2014.4/common/technology/xilinx/interface/nativeAXI4.gen "
@I [HLS-100] Command "source C:/Xilinx/Vivado_HLS/2014.4/common/technology/xilinx/interface/saxilite.gen "
@I [HLS-100] Command 'ap_source' returned 0; elapsed 0.002Total elapsed time: 8.79 sec.
@I [HLS-100] Command "source C:/Xilinx/Vivado_HLS/2014.4/common/technology/xilinx/interface/maxi.gen "
@I [HLS-100] Command 'ap_source' returned 0; elapsed 0.007Total elapsed time: 8.86 sec.
@I [HLS-100] Command 'ap_source' returned 0; elapsed 0.009Total elapsed time: 8.86 sec.
@I [HLS-100] Command "source C:/Xilinx/Vivado_HLS/2014.4/common/technology/xilinx/scripts/xilinxcoregen.gen "
@I [HLS-100] Command 'ap_source' returned 0; elapsed 0.007Total elapsed time: 8.93 sec.
@I [HLS-100] Command "source C:/Xilinx/Vivado_HLS/2014.4/common/technology/xilinx/interface/XilEDKCoreGen.gen "
@I [HLS-100] Command 'ap_source' returned 0; elapsed 0.007Total elapsed time: 8.100 sec.
@I [HLS-100] Command "source C:/Xilinx/Vivado_HLS/2014.4/common/technology/xilinx/ip/util.gen "
@I [HLS-100] Command 'ap_source' returned 0; elapsed 0Total elapsed time: 8.100 sec.
@I [HLS-100] Command "source C:/Xilinx/Vivado_HLS/2014.4/common/technology/xilinx/ip/xfft.gen "
@I [HLS-100] Command 'ap_source' returned 0; elapsed 0.094Total elapsed time: 8.194 sec.
@I [HLS-100] Command "source C:/Xilinx/Vivado_HLS/2014.4/common/technology/xilinx/ip/xfir.gen "
@I [HLS-100] Command 'ap_source' returned 0; elapsed 0.023Total elapsed time: 8.217 sec.
@I [HLS-100] Command 'ap_source' returned 0; elapsed 0.144Total elapsed time: 8.217 sec.
@I [HLS-100] Command "source C:/Xilinx/Vivado_HLS/2014.4/common/technology/xilinx/common/dsp48.gen "
@I [HLS-100] Command 'ap_source' returned 0; elapsed 0Total elapsed time: 8.218 sec.
@I [HLS-100] Command 'ap_source' returned 0; elapsed 0.145Total elapsed time: 8.218 sec.
@I [HLS-100] Command 'ap_source' returned 0; elapsed 0.145Total elapsed time: 8.218 sec.
@I [HLS-100] Command "source C:/Xilinx/Vivado_HLS/2014.4/common/technology/xilinx/zynq/zynq_fpv6.gen "
@I [HLS-100] Command "source C:/Xilinx/Vivado_HLS/2014.4/common/technology/xilinx/common/xilinx_fpv6.gen "
@I [HLS-100] Command 'ap_source' returned 0; elapsed 0.002Total elapsed time: 8.220 sec.
@I [HLS-100] Command 'ap_source' returned 0; elapsed 0.002Total elapsed time: 8.220 sec.
@I [HLS-100] Command "source C:/Users/marien.CRICKET/Documents/preprocessing/07_02_smart/hls_cropping/hls_cropping/solution1/.autopilot/db/global.setting.tcl "
@I [HLS-100] Command 'ap_source' returned 0; elapsed 0.001Total elapsed time: 8.221 sec.
@I [HLS-100] Command "source C:/Users/marien.CRICKET/Documents/preprocessing/07_02_smart/hls_cropping/hls_cropping/solution1/.autopilot/db/global.setting.tcl "
@I [HLS-100] Command 'ap_source' returned 0; elapsed 0.001Total elapsed time: 8.224 sec.
@I [HLS-100] Command "source C:/Users/marien.CRICKET/Documents/preprocessing/07_02_smart/hls_cropping/hls_cropping/solution1/.autopilot/db/global.setting.tcl "
@I [HLS-100] Command 'ap_source' returned 0; elapsed 0.001Total elapsed time: 8.228 sec.
@I [HLS-100] Command "source C:/Xilinx/Vivado_HLS/2014.4/common/technology/generic/autopilot/common.gen "
@I [HLS-100] Command "source C:/Xilinx/Vivado_HLS/2014.4/common/technology/generic/autopilot/APCoreGen.gen "
@I [HLS-100] Command 'ap_source' returned 0; elapsed 0Total elapsed time: 8.229 sec.
@I [HLS-100] Command 'ap_source' returned 0; elapsed 0.001Total elapsed time: 8.230 sec.
@I [HLS-100] Command "source C:/Xilinx/Vivado_HLS/2014.4/common/technology/generic/autopilot/op.gen "
@I [HLS-100] Command 'ap_source' returned 0; elapsed 0Total elapsed time: 8.230 sec.
@I [HLS-100] Command "source C:/Xilinx/Vivado_HLS/2014.4/common/technology/generic/autopilot/op_simcore.gen "
@I [HLS-100] Command 'ap_source' returned 0; elapsed 0.001Total elapsed time: 8.231 sec.
@I [HLS-100] Command "source C:/Xilinx/Vivado_HLS/2014.4/common/technology/generic/autopilot/interface.gen "
@I [HLS-100] Command 'ap_source' returned 0; elapsed 0Total elapsed time: 8.231 sec.
@I [HLS-100] Command "source C:/Users/marien.CRICKET/Documents/preprocessing/07_02_smart/hls_cropping/hls_cropping/solution1/.autopilot/db/global.setting.tcl "
@I [HLS-100] Command 'ap_source' returned 0; elapsed 0.001Total elapsed time: 8.232 sec.
@I [HLS-100] Command "source C:/Xilinx/Vivado_HLS/2014.4/common/technology/xilinx/zynq/zynq.gen "
@I [HLS-100] Command "source C:/Xilinx/Vivado_HLS/2014.4/common/technology/xilinx/common/virtex.gen "
@I [HLS-100] Command "source C:/Xilinx/Vivado_HLS/2014.4/common/technology/xilinx/common/xilinx.gen "
@I [HLS-100] Command "source C:/Xilinx/Vivado_HLS/2014.4/common/technology/xilinx/interface/plb46.gen "
@I [HLS-100] Command 'ap_source' returned 0; elapsed 0.001Total elapsed time: 8.234 sec.
@I [HLS-100] Command "source C:/Xilinx/Vivado_HLS/2014.4/common/technology/xilinx/interface/fsl.gen "
@I [HLS-100] Command 'ap_source' returned 0; elapsed 0Total elapsed time: 8.234 sec.
@I [HLS-100] Command "source C:/Xilinx/Vivado_HLS/2014.4/common/technology/xilinx/interface/axi4.gen "
@I [HLS-100] Command 'ap_source' returned 0; elapsed 0.002Total elapsed time: 8.236 sec.
@I [HLS-100] Command "source C:/Xilinx/Vivado_HLS/2014.4/common/technology/xilinx/interface/nativeAXI4.gen "
@I [HLS-100] Command "source C:/Xilinx/Vivado_HLS/2014.4/common/technology/xilinx/interface/saxilite.gen "
@I [HLS-100] Command 'ap_source' returned 0; elapsed 0.003Total elapsed time: 8.239 sec.
@I [HLS-100] Command "source C:/Xilinx/Vivado_HLS/2014.4/common/technology/xilinx/interface/maxi.gen "
@I [HLS-100] Command 'ap_source' returned 0; elapsed 0.006Total elapsed time: 8.245 sec.
@I [HLS-100] Command 'ap_source' returned 0; elapsed 0.009Total elapsed time: 8.245 sec.
@I [HLS-100] Command "source C:/Xilinx/Vivado_HLS/2014.4/common/technology/xilinx/scripts/xilinxcoregen.gen "
@I [HLS-100] Command 'ap_source' returned 0; elapsed 0.009Total elapsed time: 8.254 sec.
@I [HLS-100] Command "source C:/Xilinx/Vivado_HLS/2014.4/common/technology/xilinx/interface/XilEDKCoreGen.gen "
@I [HLS-100] Command 'ap_source' returned 0; elapsed 0.007Total elapsed time: 8.261 sec.
@I [HLS-100] Command "source C:/Xilinx/Vivado_HLS/2014.4/common/technology/xilinx/ip/util.gen "
@I [HLS-100] Command 'ap_source' returned 0; elapsed 0Total elapsed time: 8.262 sec.
@I [HLS-100] Command "source C:/Xilinx/Vivado_HLS/2014.4/common/technology/xilinx/ip/xfft.gen "
@I [HLS-100] Command 'ap_source' returned 0; elapsed 0.097Total elapsed time: 8.359 sec.
@I [HLS-100] Command "source C:/Xilinx/Vivado_HLS/2014.4/common/technology/xilinx/ip/xfir.gen "
@I [HLS-100] Command 'ap_source' returned 0; elapsed 0.022Total elapsed time: 8.381 sec.
@I [HLS-100] Command 'ap_source' returned 0; elapsed 0.148Total elapsed time: 8.381 sec.
@I [HLS-100] Command "source C:/Xilinx/Vivado_HLS/2014.4/common/technology/xilinx/common/dsp48.gen "
@I [HLS-100] Command 'ap_source' returned 0; elapsed 0Total elapsed time: 8.382 sec.
@I [HLS-100] Command 'ap_source' returned 0; elapsed 0.15Total elapsed time: 8.382 sec.
@I [HLS-100] Command 'ap_source' returned 0; elapsed 0.15Total elapsed time: 8.382 sec.
@I [HLS-100] Command "source C:/Xilinx/Vivado_HLS/2014.4/common/technology/xilinx/zynq/zynq_fpv6.gen "
@I [HLS-100] Command "source C:/Xilinx/Vivado_HLS/2014.4/common/technology/xilinx/common/xilinx_fpv6.gen "
@I [HLS-100] Command 'ap_source' returned 0; elapsed 0.002Total elapsed time: 8.384 sec.
@I [HLS-100] Command 'ap_source' returned 0; elapsed 0.002Total elapsed time: 8.384 sec.
@I [HLS-100] Command "source C:/Users/marien.CRICKET/Documents/preprocessing/07_02_smart/hls_cropping/hls_cropping/solution1/.autopilot/db/global.setting.tcl "
@I [HLS-100] Command 'ap_source' returned 0; elapsed 0Total elapsed time: 8.385 sec.
@I [HLS-100] Command "source C:/Users/marien.CRICKET/Documents/preprocessing/07_02_smart/hls_cropping/hls_cropping/solution1/.autopilot/db/hls_cropping_strm.compgen.tcl "
@I [HLS-100] Command 'ap_source' returned 0; elapsed 0.001Total elapsed time: 8.387 sec.
@I [HLS-100] Command "source C:/Users/marien.CRICKET/Documents/preprocessing/07_02_smart/hls_cropping/hls_cropping/solution1/.autopilot/db/global.setting.tcl "
@I [HLS-100] Command 'ap_source' returned 0; elapsed 0Total elapsed time: 8.418 sec.
@I [HLS-100] Command "source C:/Users/marien.CRICKET/Documents/preprocessing/07_02_smart/hls_cropping/hls_cropping/solution1/.autopilot/db/hls_cropping_strm.constraint.tcl "
@I [HLS-100] Command 'ap_source' returned 0; elapsed 0.001Total elapsed time: 8.420 sec.
@I [HLS-100] Command "source C:/Xilinx/Vivado_HLS/2014.4/common/technology/generic/autopilot/common.gen "
@I [HLS-100] Command "source C:/Xilinx/Vivado_HLS/2014.4/common/technology/generic/autopilot/APCoreGen.gen "
@I [HLS-100] Command 'ap_source' returned 0; elapsed 0.001Total elapsed time: 8.426 sec.
@I [HLS-100] Command 'ap_source' returned 0; elapsed 0.001Total elapsed time: 8.426 sec.
@I [HLS-100] Command "source C:/Xilinx/Vivado_HLS/2014.4/common/technology/generic/autopilot/op.gen "
@I [HLS-100] Command 'ap_source' returned 0; elapsed 0.001Total elapsed time: 8.427 sec.
@I [HLS-100] Command "source C:/Xilinx/Vivado_HLS/2014.4/common/technology/generic/autopilot/op_simcore.gen "
@I [HLS-100] Command 'ap_source' returned 0; elapsed 0.001Total elapsed time: 8.428 sec.
@I [HLS-100] Command "source C:/Xilinx/Vivado_HLS/2014.4/common/technology/generic/autopilot/interface.gen "
@I [HLS-100] Command 'ap_source' returned 0; elapsed 0Total elapsed time: 8.428 sec.
@I [HLS-100] Command "source C:/Users/marien.CRICKET/Documents/preprocessing/07_02_smart/hls_cropping/hls_cropping/solution1/.autopilot/db/global.setting.tcl "
@I [HLS-100] Command 'ap_source' returned 0; elapsed 0.002Total elapsed time: 8.430 sec.
@I [HLS-100] Command "source C:/Xilinx/Vivado_HLS/2014.4/common/technology/xilinx/zynq/zynq.gen "
@I [HLS-100] Command "source C:/Xilinx/Vivado_HLS/2014.4/common/technology/xilinx/common/virtex.gen "
@I [HLS-100] Command "source C:/Xilinx/Vivado_HLS/2014.4/common/technology/xilinx/common/xilinx.gen "
@I [HLS-100] Command "source C:/Xilinx/Vivado_HLS/2014.4/common/technology/xilinx/interface/plb46.gen "
@I [HLS-100] Command 'ap_source' returned 0; elapsed 0.001Total elapsed time: 8.432 sec.
@I [HLS-100] Command "source C:/Xilinx/Vivado_HLS/2014.4/common/technology/xilinx/interface/fsl.gen "
@I [HLS-100] Command 'ap_source' returned 0; elapsed 0Total elapsed time: 8.432 sec.
@I [HLS-100] Command "source C:/Xilinx/Vivado_HLS/2014.4/common/technology/xilinx/interface/axi4.gen "
@I [HLS-100] Command 'ap_source' returned 0; elapsed 0.002Total elapsed time: 8.434 sec.
@I [HLS-100] Command "source C:/Xilinx/Vivado_HLS/2014.4/common/technology/xilinx/interface/nativeAXI4.gen "
@I [HLS-100] Command "source C:/Xilinx/Vivado_HLS/2014.4/common/technology/xilinx/interface/saxilite.gen "
@I [HLS-100] Command 'ap_source' returned 0; elapsed 0.003Total elapsed time: 8.437 sec.
@I [HLS-100] Command "source C:/Xilinx/Vivado_HLS/2014.4/common/technology/xilinx/interface/maxi.gen "
@I [HLS-100] Command 'ap_source' returned 0; elapsed 0.006Total elapsed time: 8.443 sec.
@I [HLS-100] Command 'ap_source' returned 0; elapsed 0.009Total elapsed time: 8.443 sec.
@I [HLS-100] Command "source C:/Xilinx/Vivado_HLS/2014.4/common/technology/xilinx/scripts/xilinxcoregen.gen "
@I [HLS-100] Command 'ap_source' returned 0; elapsed 0.007Total elapsed time: 8.450 sec.
@I [HLS-100] Command "source C:/Xilinx/Vivado_HLS/2014.4/common/technology/xilinx/interface/XilEDKCoreGen.gen "
@I [HLS-100] Command 'ap_source' returned 0; elapsed 0.007Total elapsed time: 8.458 sec.
@I [HLS-100] Command "source C:/Xilinx/Vivado_HLS/2014.4/common/technology/xilinx/ip/util.gen "
@I [HLS-100] Command 'ap_source' returned 0; elapsed 0.001Total elapsed time: 8.459 sec.
@I [HLS-100] Command "source C:/Xilinx/Vivado_HLS/2014.4/common/technology/xilinx/ip/xfft.gen "
@I [HLS-100] Command 'ap_source' returned 0; elapsed 0.092Total elapsed time: 8.551 sec.
@I [HLS-100] Command "source C:/Xilinx/Vivado_HLS/2014.4/common/technology/xilinx/ip/xfir.gen "
@I [HLS-100] Command 'ap_source' returned 0; elapsed 0.022Total elapsed time: 8.573 sec.
@I [HLS-100] Command 'ap_source' returned 0; elapsed 0.141Total elapsed time: 8.573 sec.
@I [HLS-100] Command "source C:/Xilinx/Vivado_HLS/2014.4/common/technology/xilinx/common/dsp48.gen "
@I [HLS-100] Command 'ap_source' returned 0; elapsed 0Total elapsed time: 8.574 sec.
@I [HLS-100] Command 'ap_source' returned 0; elapsed 0.144Total elapsed time: 8.575 sec.
@I [HLS-100] Command 'ap_source' returned 0; elapsed 0.144Total elapsed time: 8.575 sec.
@I [HLS-100] Command "source C:/Xilinx/Vivado_HLS/2014.4/common/technology/xilinx/zynq/zynq_fpv6.gen "
@I [HLS-100] Command "source C:/Xilinx/Vivado_HLS/2014.4/common/technology/xilinx/common/xilinx_fpv6.gen "
@I [HLS-100] Command 'ap_source' returned 0; elapsed 0.001Total elapsed time: 8.576 sec.
@I [HLS-100] Command 'ap_source' returned 0; elapsed 0.001Total elapsed time: 8.576 sec.
@I [HLS-100] Command "source C:/Users/marien.CRICKET/Documents/preprocessing/07_02_smart/hls_cropping/hls_cropping/solution1/.autopilot/db/global.setting.tcl "
@I [HLS-100] Command 'ap_source' returned 0; elapsed 0.001Total elapsed time: 8.593 sec.
@I [HLS-100] Command "source C:/Users/marien.CRICKET/Documents/preprocessing/07_02_smart/hls_cropping/hls_cropping/solution1/.autopilot/db/global.setting.tcl "
@I [HLS-100] Command 'ap_source' returned 0; elapsed 0.001Total elapsed time: 11.583 sec.
@I [HLS-100] Command "source C:/Xilinx/Vivado_HLS/2014.4/common/technology/generic/autopilot/common.gen "
@I [HLS-100] Command "source C:/Xilinx/Vivado_HLS/2014.4/common/technology/generic/autopilot/APCoreGen.gen "
@I [HLS-100] Command 'ap_source' returned 0; elapsed 0.001Total elapsed time: 11.587 sec.
@I [HLS-100] Command 'ap_source' returned 0; elapsed 0.001Total elapsed time: 11.587 sec.
@I [HLS-100] Command "source C:/Xilinx/Vivado_HLS/2014.4/common/technology/generic/autopilot/op.gen "
@I [HLS-100] Command 'ap_source' returned 0; elapsed 0.001Total elapsed time: 11.588 sec.
@I [HLS-100] Command "source C:/Xilinx/Vivado_HLS/2014.4/common/technology/generic/autopilot/op_simcore.gen "
@I [HLS-100] Command 'ap_source' returned 0; elapsed 0.001Total elapsed time: 11.589 sec.
@I [HLS-100] Command "source C:/Xilinx/Vivado_HLS/2014.4/common/technology/generic/autopilot/interface.gen "
@I [HLS-100] Command 'ap_source' returned 0; elapsed 0Total elapsed time: 11.589 sec.
@I [HLS-100] Command "source C:/Users/marien.CRICKET/Documents/preprocessing/07_02_smart/hls_cropping/hls_cropping/solution1/.autopilot/db/global.setting.tcl "
@I [HLS-100] Command 'ap_source' returned 0; elapsed 0.001Total elapsed time: 11.590 sec.
@I [HLS-100] Command "source C:/Xilinx/Vivado_HLS/2014.4/common/technology/xilinx/zynq/zynq.gen "
@I [HLS-100] Command "source C:/Xilinx/Vivado_HLS/2014.4/common/technology/xilinx/common/virtex.gen "
@I [HLS-100] Command "source C:/Xilinx/Vivado_HLS/2014.4/common/technology/xilinx/common/xilinx.gen "
@I [HLS-100] Command "source C:/Xilinx/Vivado_HLS/2014.4/common/technology/xilinx/interface/plb46.gen "
@I [HLS-100] Command 'ap_source' returned 0; elapsed 0.002Total elapsed time: 11.592 sec.
@I [HLS-100] Command "source C:/Xilinx/Vivado_HLS/2014.4/common/technology/xilinx/interface/fsl.gen "
@I [HLS-100] Command 'ap_source' returned 0; elapsed 0Total elapsed time: 11.592 sec.
@I [HLS-100] Command "source C:/Xilinx/Vivado_HLS/2014.4/common/technology/xilinx/interface/axi4.gen "
@I [HLS-100] Command 'ap_source' returned 0; elapsed 0.002Total elapsed time: 11.594 sec.
@I [HLS-100] Command "source C:/Xilinx/Vivado_HLS/2014.4/common/technology/xilinx/interface/nativeAXI4.gen "
@I [HLS-100] Command "source C:/Xilinx/Vivado_HLS/2014.4/common/technology/xilinx/interface/saxilite.gen "
@I [HLS-100] Command 'ap_source' returned 0; elapsed 0.003Total elapsed time: 11.597 sec.
@I [HLS-100] Command "source C:/Xilinx/Vivado_HLS/2014.4/common/technology/xilinx/interface/maxi.gen "
@I [HLS-100] Command 'ap_source' returned 0; elapsed 0.006Total elapsed time: 11.603 sec.
@I [HLS-100] Command 'ap_source' returned 0; elapsed 0.009Total elapsed time: 11.603 sec.
@I [HLS-100] Command "source C:/Xilinx/Vivado_HLS/2014.4/common/technology/xilinx/scripts/xilinxcoregen.gen "
@I [HLS-100] Command 'ap_source' returned 0; elapsed 0.007Total elapsed time: 11.610 sec.
@I [HLS-100] Command "source C:/Xilinx/Vivado_HLS/2014.4/common/technology/xilinx/interface/XilEDKCoreGen.gen "
@I [HLS-100] Command 'ap_source' returned 0; elapsed 0.008Total elapsed time: 11.618 sec.
@I [HLS-100] Command "source C:/Xilinx/Vivado_HLS/2014.4/common/technology/xilinx/ip/util.gen "
@I [HLS-100] Command 'ap_source' returned 0; elapsed 0.001Total elapsed time: 11.619 sec.
@I [HLS-100] Command "source C:/Xilinx/Vivado_HLS/2014.4/common/technology/xilinx/ip/xfft.gen "
@I [HLS-100] Command 'ap_source' returned 0; elapsed 0.094Total elapsed time: 11.713 sec.
@I [HLS-100] Command "source C:/Xilinx/Vivado_HLS/2014.4/common/technology/xilinx/ip/xfir.gen "
@I [HLS-100] Command 'ap_source' returned 0; elapsed 0.022Total elapsed time: 11.735 sec.
@I [HLS-100] Command 'ap_source' returned 0; elapsed 0.145Total elapsed time: 11.735 sec.
@I [HLS-100] Command "source C:/Xilinx/Vivado_HLS/2014.4/common/technology/xilinx/common/dsp48.gen "
@I [HLS-100] Command 'ap_source' returned 0; elapsed 0Total elapsed time: 11.736 sec.
@I [HLS-100] Command 'ap_source' returned 0; elapsed 0.146Total elapsed time: 11.736 sec.
@I [HLS-100] Command 'ap_source' returned 0; elapsed 0.146Total elapsed time: 11.736 sec.
@I [HLS-100] Command "source C:/Xilinx/Vivado_HLS/2014.4/common/technology/xilinx/zynq/zynq_fpv6.gen "
@I [HLS-100] Command "source C:/Xilinx/Vivado_HLS/2014.4/common/technology/xilinx/common/xilinx_fpv6.gen "
@I [HLS-100] Command 'ap_source' returned 0; elapsed 0.001Total elapsed time: 11.738 sec.
@I [HLS-100] Command 'ap_source' returned 0; elapsed 0.001Total elapsed time: 11.738 sec.
@I [HLS-100] Command "source C:/Users/marien.CRICKET/Documents/preprocessing/07_02_smart/hls_cropping/hls_cropping/solution1/.autopilot/db/global.setting.tcl "
@I [HLS-100] Command 'ap_source' returned 0; elapsed 0.001Total elapsed time: 11.740 sec.
@I [HLS-100] Command "source C:/Users/marien.CRICKET/Documents/preprocessing/07_02_smart/hls_cropping/hls_cropping/solution1/.autopilot/db/global.setting.tcl "
@I [HLS-100] Command 'ap_source' returned 0; elapsed 0.001Total elapsed time: 11.743 sec.
@I [HLS-100] Command "source C:/Users/marien.CRICKET/Documents/preprocessing/07_02_smart/hls_cropping/hls_cropping/solution1/.autopilot/db/global.setting.tcl "
@I [HLS-100] Command 'ap_source' returned 0; elapsed 0.001Total elapsed time: 11.747 sec.
@I [HLS-100] Command "source C:/Xilinx/Vivado_HLS/2014.4/common/technology/generic/autopilot/common.gen "
@I [HLS-100] Command "source C:/Xilinx/Vivado_HLS/2014.4/common/technology/generic/autopilot/APCoreGen.gen "
@I [HLS-100] Command 'ap_source' returned 0; elapsed 0.001Total elapsed time: 11.749 sec.
@I [HLS-100] Command 'ap_source' returned 0; elapsed 0.001Total elapsed time: 11.749 sec.
@I [HLS-100] Command "source C:/Xilinx/Vivado_HLS/2014.4/common/technology/generic/autopilot/op.gen "
@I [HLS-100] Command 'ap_source' returned 0; elapsed 0Total elapsed time: 11.749 sec.
@I [HLS-100] Command "source C:/Xilinx/Vivado_HLS/2014.4/common/technology/generic/autopilot/op_simcore.gen "
@I [HLS-100] Command 'ap_source' returned 0; elapsed 0.001Total elapsed time: 11.750 sec.
@I [HLS-100] Command "source C:/Xilinx/Vivado_HLS/2014.4/common/technology/generic/autopilot/interface.gen "
@I [HLS-100] Command 'ap_source' returned 0; elapsed 0Total elapsed time: 11.750 sec.
@I [HLS-100] Command "source C:/Users/marien.CRICKET/Documents/preprocessing/07_02_smart/hls_cropping/hls_cropping/solution1/.autopilot/db/global.setting.tcl "
@I [HLS-100] Command 'ap_source' returned 0; elapsed 0Total elapsed time: 11.751 sec.
@I [HLS-100] Command "source C:/Xilinx/Vivado_HLS/2014.4/common/technology/xilinx/zynq/zynq.gen "
@I [HLS-100] Command "source C:/Xilinx/Vivado_HLS/2014.4/common/technology/xilinx/common/virtex.gen "
@I [HLS-100] Command "source C:/Xilinx/Vivado_HLS/2014.4/common/technology/xilinx/common/xilinx.gen "
@I [HLS-100] Command "source C:/Xilinx/Vivado_HLS/2014.4/common/technology/xilinx/interface/plb46.gen "
@I [HLS-100] Command 'ap_source' returned 0; elapsed 0.001Total elapsed time: 11.753 sec.
@I [HLS-100] Command "source C:/Xilinx/Vivado_HLS/2014.4/common/technology/xilinx/interface/fsl.gen "
@I [HLS-100] Command 'ap_source' returned 0; elapsed 0Total elapsed time: 11.753 sec.
@I [HLS-100] Command "source C:/Xilinx/Vivado_HLS/2014.4/common/technology/xilinx/interface/axi4.gen "
@I [HLS-100] Command 'ap_source' returned 0; elapsed 0.002Total elapsed time: 11.755 sec.
@I [HLS-100] Command "source C:/Xilinx/Vivado_HLS/2014.4/common/technology/xilinx/interface/nativeAXI4.gen "
@I [HLS-100] Command "source C:/Xilinx/Vivado_HLS/2014.4/common/technology/xilinx/interface/saxilite.gen "
@I [HLS-100] Command 'ap_source' returned 0; elapsed 0.002Total elapsed time: 11.758 sec.
@I [HLS-100] Command "source C:/Xilinx/Vivado_HLS/2014.4/common/technology/xilinx/interface/maxi.gen "
@I [HLS-100] Command 'ap_source' returned 0; elapsed 0.006Total elapsed time: 11.764 sec.
@I [HLS-100] Command 'ap_source' returned 0; elapsed 0.009Total elapsed time: 11.764 sec.
@I [HLS-100] Command "source C:/Xilinx/Vivado_HLS/2014.4/common/technology/xilinx/scripts/xilinxcoregen.gen "
@I [HLS-100] Command 'ap_source' returned 0; elapsed 0.007Total elapsed time: 11.771 sec.
@I [HLS-100] Command "source C:/Xilinx/Vivado_HLS/2014.4/common/technology/xilinx/interface/XilEDKCoreGen.gen "
@I [HLS-100] Command 'ap_source' returned 0; elapsed 0.008Total elapsed time: 11.779 sec.
@I [HLS-100] Command "source C:/Xilinx/Vivado_HLS/2014.4/common/technology/xilinx/ip/util.gen "
@I [HLS-100] Command 'ap_source' returned 0; elapsed 0Total elapsed time: 11.779 sec.
@I [HLS-100] Command "source C:/Xilinx/Vivado_HLS/2014.4/common/technology/xilinx/ip/xfft.gen "
@I [HLS-100] Command 'ap_source' returned 0; elapsed 0.094Total elapsed time: 11.873 sec.
@I [HLS-100] Command "source C:/Xilinx/Vivado_HLS/2014.4/common/technology/xilinx/ip/xfir.gen "
@I [HLS-100] Command 'ap_source' returned 0; elapsed 0.027Total elapsed time: 11.900 sec.
@I [HLS-100] Command 'ap_source' returned 0; elapsed 0.148Total elapsed time: 11.900 sec.
@I [HLS-100] Command "source C:/Xilinx/Vivado_HLS/2014.4/common/technology/xilinx/common/dsp48.gen "
@I [HLS-100] Command 'ap_source' returned 0; elapsed 0Total elapsed time: 11.901 sec.
@I [HLS-100] Command 'ap_source' returned 0; elapsed 0.15Total elapsed time: 11.901 sec.
@I [HLS-100] Command 'ap_source' returned 0; elapsed 0.15Total elapsed time: 11.901 sec.
@I [HLS-100] Command "source C:/Xilinx/Vivado_HLS/2014.4/common/technology/xilinx/zynq/zynq_fpv6.gen "
@I [HLS-100] Command "source C:/Xilinx/Vivado_HLS/2014.4/common/technology/xilinx/common/xilinx_fpv6.gen "
@I [HLS-100] Command 'ap_source' returned 0; elapsed 0.001Total elapsed time: 11.902 sec.
@I [HLS-100] Command 'ap_source' returned 0; elapsed 0.001Total elapsed time: 11.902 sec.
@I [HLS-100] Command "source C:/Users/marien.CRICKET/Documents/preprocessing/07_02_smart/hls_cropping/hls_cropping/solution1/.autopilot/db/global.setting.tcl "
@I [HLS-100] Command 'ap_source' returned 0; elapsed 0.001Total elapsed time: 11.904 sec.
@I [HLS-100] Command "source C:/Users/marien.CRICKET/Documents/preprocessing/07_02_smart/hls_cropping/hls_cropping/solution1/.autopilot/db/hls_cropping_strm.compgen.tcl "
@I [HLS-100] Command 'ap_source' returned 0; elapsed 0Total elapsed time: 11.905 sec.
@I [HLS-100] Command "source C:/Users/marien.CRICKET/Documents/preprocessing/07_02_smart/hls_cropping/hls_cropping/solution1/.autopilot/db/global.setting.tcl "
@I [HLS-100] Command 'ap_source' returned 0; elapsed 0Total elapsed time: 11.938 sec.
@I [HLS-100] Command "source C:/Users/marien.CRICKET/Documents/preprocessing/07_02_smart/hls_cropping/hls_cropping/solution1/.autopilot/db/hls_cropping_strm.constraint.tcl "
@I [HLS-100] Command 'ap_source' returned 0; elapsed 0Total elapsed time: 11.940 sec.
@I [HLS-100] Command "source C:/Xilinx/Vivado_HLS/2014.4/common/technology/generic/autopilot/common.gen "
@I [HLS-100] Command "source C:/Xilinx/Vivado_HLS/2014.4/common/technology/generic/autopilot/APCoreGen.gen "
@I [HLS-100] Command 'ap_source' returned 0; elapsed 0Total elapsed time: 11.946 sec.
@I [HLS-100] Command 'ap_source' returned 0; elapsed 0.001Total elapsed time: 11.947 sec.
@I [HLS-100] Command "source C:/Xilinx/Vivado_HLS/2014.4/common/technology/generic/autopilot/op.gen "
@I [HLS-100] Command 'ap_source' returned 0; elapsed 0Total elapsed time: 11.947 sec.
@I [HLS-100] Command "source C:/Xilinx/Vivado_HLS/2014.4/common/technology/generic/autopilot/op_simcore.gen "
@I [HLS-100] Command 'ap_source' returned 0; elapsed 0.001Total elapsed time: 11.948 sec.
@I [HLS-100] Command "source C:/Xilinx/Vivado_HLS/2014.4/common/technology/generic/autopilot/interface.gen "
@I [HLS-100] Command 'ap_source' returned 0; elapsed 0Total elapsed time: 11.948 sec.
@I [HLS-100] Command "source C:/Users/marien.CRICKET/Documents/preprocessing/07_02_smart/hls_cropping/hls_cropping/solution1/.autopilot/db/global.setting.tcl "
@I [HLS-100] Command 'ap_source' returned 0; elapsed 0.001Total elapsed time: 11.950 sec.
@I [HLS-100] Command "source C:/Xilinx/Vivado_HLS/2014.4/common/technology/xilinx/zynq/zynq.gen "
@I [HLS-100] Command "source C:/Xilinx/Vivado_HLS/2014.4/common/technology/xilinx/common/virtex.gen "
@I [HLS-100] Command "source C:/Xilinx/Vivado_HLS/2014.4/common/technology/xilinx/common/xilinx.gen "
@I [HLS-100] Command "source C:/Xilinx/Vivado_HLS/2014.4/common/technology/xilinx/interface/plb46.gen "
@I [HLS-100] Command 'ap_source' returned 0; elapsed 0Total elapsed time: 11.951 sec.
@I [HLS-100] Command "source C:/Xilinx/Vivado_HLS/2014.4/common/technology/xilinx/interface/fsl.gen "
@I [HLS-100] Command 'ap_source' returned 0; elapsed 0Total elapsed time: 11.952 sec.
@I [HLS-100] Command "source C:/Xilinx/Vivado_HLS/2014.4/common/technology/xilinx/interface/axi4.gen "
@I [HLS-100] Command 'ap_source' returned 0; elapsed 0.002Total elapsed time: 11.954 sec.
@I [HLS-100] Command "source C:/Xilinx/Vivado_HLS/2014.4/common/technology/xilinx/interface/nativeAXI4.gen "
@I [HLS-100] Command "source C:/Xilinx/Vivado_HLS/2014.4/common/technology/xilinx/interface/saxilite.gen "
@I [HLS-100] Command 'ap_source' returned 0; elapsed 0.003Total elapsed time: 11.957 sec.
@I [HLS-100] Command "source C:/Xilinx/Vivado_HLS/2014.4/common/technology/xilinx/interface/maxi.gen "
@I [HLS-100] Command 'ap_source' returned 0; elapsed 0.006Total elapsed time: 11.963 sec.
@I [HLS-100] Command 'ap_source' returned 0; elapsed 0.009Total elapsed time: 11.963 sec.
@I [HLS-100] Command "source C:/Xilinx/Vivado_HLS/2014.4/common/technology/xilinx/scripts/xilinxcoregen.gen "
@I [HLS-100] Command 'ap_source' returned 0; elapsed 0.007Total elapsed time: 11.970 sec.
@I [HLS-100] Command "source C:/Xilinx/Vivado_HLS/2014.4/common/technology/xilinx/interface/XilEDKCoreGen.gen "
@I [HLS-100] Command 'ap_source' returned 0; elapsed 0.008Total elapsed time: 11.978 sec.
@I [HLS-100] Command "source C:/Xilinx/Vivado_HLS/2014.4/common/technology/xilinx/ip/util.gen "
@I [HLS-100] Command 'ap_source' returned 0; elapsed 0Total elapsed time: 11.978 sec.
@I [HLS-100] Command "source C:/Xilinx/Vivado_HLS/2014.4/common/technology/xilinx/ip/xfft.gen "
@I [HLS-100] Command 'ap_source' returned 0; elapsed 0.094Total elapsed time: 12.72 sec.
@I [HLS-100] Command "source C:/Xilinx/Vivado_HLS/2014.4/common/technology/xilinx/ip/xfir.gen "
@I [HLS-100] Command 'ap_source' returned 0; elapsed 0.022Total elapsed time: 12.94 sec.
@I [HLS-100] Command 'ap_source' returned 0; elapsed 0.144Total elapsed time: 12.94 sec.
@I [HLS-100] Command "source C:/Xilinx/Vivado_HLS/2014.4/common/technology/xilinx/common/dsp48.gen "
@I [HLS-100] Command 'ap_source' returned 0; elapsed 0Total elapsed time: 12.95 sec.
@I [HLS-100] Command 'ap_source' returned 0; elapsed 0.145Total elapsed time: 12.95 sec.
@I [HLS-100] Command 'ap_source' returned 0; elapsed 0.145Total elapsed time: 12.95 sec.
@I [HLS-100] Command "source C:/Xilinx/Vivado_HLS/2014.4/common/technology/xilinx/zynq/zynq_fpv6.gen "
@I [HLS-100] Command "source C:/Xilinx/Vivado_HLS/2014.4/common/technology/xilinx/common/xilinx_fpv6.gen "
@I [HLS-100] Command 'ap_source' returned 0; elapsed 0.002Total elapsed time: 12.97 sec.
@I [HLS-100] Command 'ap_source' returned 0; elapsed 0.002Total elapsed time: 12.97 sec.
@I [HLS-100] Command "source C:/Users/marien.CRICKET/Documents/preprocessing/07_02_smart/hls_cropping/hls_cropping/solution1/.autopilot/db/global.setting.tcl "
@I [HLS-100] Command 'ap_source' returned 0; elapsed 0Total elapsed time: 12.111 sec.
@I [HLS-100] Command 'export_design' returned 0; elapsed 14.44Total elapsed time: 15.126 sec.
@I [HLS-100] Command "cleanup_all "
@I [HLS-100] Command 'cleanup_all' returned 0; elapsed 0Total elapsed time: 15.126 sec.
