

================================================================
== Vivado HLS Report for 'hls_cropping_strm'
================================================================
* Date:           Tue Jul 14 18:12:54 2015

* Version:        2014.4 (Build 1071461 on Tue Nov 18 16:42:57 PM 2014)
* Project:        hls_cropping
* Solution:       solution2
* Product family: zynq
* Target device:  xc7z020clg484-1


================================================================
== Performance Estimates
================================================================
+ Timing (ns): 
    * Summary: 
    +---------+-------+----------+------------+
    |  Clock  | Target| Estimated| Uncertainty|
    +---------+-------+----------+------------+
    |default  |  20.00|     15.18|        2.50|
    +---------+-------+----------+------------+

+ Latency (clock cycles): 
    * Summary: 
    +-----+-----+-----+-----+----------+
    |  Latency  |  Interval | Pipeline |
    | min | max | min | max |   Type   |
    +-----+-----+-----+-----+----------+
    |  125|  255|  126|  256| dataflow |
    +-----+-----+-----+-----+----------+

    + Detail: 
        * Instance: 
        N/A

        * Loop: 
        N/A



================================================================
== Utilization Estimates
================================================================
* Summary: 
+-----------------+---------+-------+--------+-------+
|       Name      | BRAM_18K| DSP48E|   FF   |  LUT  |
+-----------------+---------+-------+--------+-------+
|Expression       |        -|      -|       -|      -|
|FIFO             |        -|      -|       -|      -|
|Instance         |        -|      -|       -|      -|
|Memory           |        -|      -|       -|      -|
|Multiplexer      |        -|      -|       -|      -|
|Register         |        -|      -|       -|      -|
+-----------------+---------+-------+--------+-------+
|Total            |        0|      0|       0|      0|
+-----------------+---------+-------+--------+-------+
|Available        |      280|    220|  106400|  53200|
+-----------------+---------+-------+--------+-------+
|Utilization (%)  |        0|      0|       0|      0|
+-----------------+---------+-------+--------+-------+

+ Detail: 
    * Instance: 
    N/A

    * Memory: 
    N/A

    * FIFO: 
    N/A

    * Expression: 
    N/A

    * Multiplexer: 
    N/A

    * Register: 
    N/A



================================================================
== Interface
================================================================
* Summary: 
N/A

============================================================
+ Verbose Summary: Synthesis Manager
============================================================
InlineROM: 1
ExposeGlobal: 0
============================================================
+ Verbose Summary: CDFG Model
============================================================
IsTopModel: 1
ResetActiveHigh: 1
IsCombinational: 2
IsDatapathOnly: 0
HasWiredReturn: 1
HasMFsm: 0
HasVarLatency: 1
IsPipeline: 0
IsRtlPipelined: 0
IsInstanceOverlapped: 0
IsDontTouch: 0
HasImplIP: 0
IsGatedGlobalClock: 0


============================================================
+ Verbose Summary: Schedule
============================================================
* Number of FSM states: 2
* Pipeline: 0
* Dataflow Pipeline: 1
  DF-Pipeline-0: Size = 2, States = { 1 2 }

* FSM state transitions: 
1 --> 
	2  / true
2 --> 
* FSM state operations: 

 <State 1>: 0.00ns
ST_1: stg_3 [2/2] 0.00ns
codeRepl:15  call fastcc void @hls_cropping_strm_Block__proc(i8* %src_V_data_V, i1* %src_V_keep_V, i1* %src_V_strb_V, i1* %src_V_user_V, i1* %src_V_last_V, i1* %src_V_id_V, i1* %src_V_dest_V, i16* %dst_V_V, i1* %sof_sig, i1* %dst_valid)


 <State 2>: 1.37ns
ST_2: stg_4 [1/1] 0.00ns
codeRepl:0  call void (...)* @_ssdm_op_SpecDataflowPipeline(i32 -1, [1 x i8]* @p_str1) nounwind

ST_2: stg_5 [1/1] 0.00ns
codeRepl:1  call void (...)* @_ssdm_op_SpecBitsMap(i8* %src_V_data_V), !map !7

ST_2: stg_6 [1/1] 0.00ns
codeRepl:2  call void (...)* @_ssdm_op_SpecBitsMap(i1* %src_V_keep_V), !map !11

ST_2: stg_7 [1/1] 0.00ns
codeRepl:3  call void (...)* @_ssdm_op_SpecBitsMap(i1* %src_V_strb_V), !map !15

ST_2: stg_8 [1/1] 0.00ns
codeRepl:4  call void (...)* @_ssdm_op_SpecBitsMap(i1* %src_V_user_V), !map !19

ST_2: stg_9 [1/1] 0.00ns
codeRepl:5  call void (...)* @_ssdm_op_SpecBitsMap(i1* %src_V_last_V), !map !23

ST_2: stg_10 [1/1] 0.00ns
codeRepl:6  call void (...)* @_ssdm_op_SpecBitsMap(i1* %src_V_id_V), !map !27

ST_2: stg_11 [1/1] 0.00ns
codeRepl:7  call void (...)* @_ssdm_op_SpecBitsMap(i1* %src_V_dest_V), !map !31

ST_2: stg_12 [1/1] 0.00ns
codeRepl:8  call void (...)* @_ssdm_op_SpecBitsMap(i16* %dst_V_V), !map !35

ST_2: stg_13 [1/1] 0.00ns
codeRepl:9  call void (...)* @_ssdm_op_SpecBitsMap(i1* %dst_valid), !map !39

ST_2: stg_14 [1/1] 0.00ns
codeRepl:10  call void (...)* @_ssdm_op_SpecBitsMap(i1* %sof_sig), !map !43

ST_2: stg_15 [1/1] 0.00ns
codeRepl:11  call void (...)* @_ssdm_op_SpecTopModule([18 x i8]* @str) nounwind

ST_2: stg_16 [1/1] 0.00ns
codeRepl:12  call void (...)* @_ssdm_op_SpecInterface(i32 0, [13 x i8]* @p_str6, i32 0, i32 0, i32 0, i32 0, [1 x i8]* @p_str1, [1 x i8]* @p_str1, [1 x i8]* @p_str1) nounwind

ST_2: stg_17 [1/1] 0.00ns
codeRepl:13  call void (...)* @_ssdm_op_SpecInterface(i8* %src_V_data_V, i1* %src_V_keep_V, i1* %src_V_strb_V, i1* %src_V_user_V, i1* %src_V_last_V, i1* %src_V_id_V, i1* %src_V_dest_V, [5 x i8]* @p_str7, i32 0, i32 0, i32 0, i32 0, [1 x i8]* @p_str1, [1 x i8]* @p_str1, [1 x i8]* @p_str1) nounwind

ST_2: stg_18 [1/1] 0.00ns
codeRepl:14  call void (...)* @_ssdm_op_SpecInterface(i16* %dst_V_V, [5 x i8]* @p_str7, i32 0, i32 0, i32 0, i32 0, [1 x i8]* @p_str1, [1 x i8]* @p_str1, [1 x i8]* @p_str1) nounwind

ST_2: stg_19 [1/2] 1.37ns
codeRepl:15  call fastcc void @hls_cropping_strm_Block__proc(i8* %src_V_data_V, i1* %src_V_keep_V, i1* %src_V_strb_V, i1* %src_V_user_V, i1* %src_V_last_V, i1* %src_V_id_V, i1* %src_V_dest_V, i16* %dst_V_V, i1* %sof_sig, i1* %dst_valid)

ST_2: stg_20 [1/1] 0.00ns
codeRepl:16  ret void



============================================================
+ Verbose Summary: Binding
============================================================
STG Binding: 
---------------- STG Properties BEGIN ----------------
- Is combinational: 0
- Is one-state seq: 0
- Is datapath-only: 0
- Is clock enabled: 0
- Is pipelined: 0
- Is top level: 1
Port [ Return ] is wired: 1; IO mode=ap_ctrl_none:ce=0
Port [ src_V_data_V]:  wired=1; compound=1; hidden=0; nouse=0; global=0; static=0; extern=0; dir=0; type=0; mode=0x6eb9a30; pingpong=0; private_global=0; IO mode=axis:ce=0
Port [ src_V_keep_V]:  wired=1; compound=1; hidden=0; nouse=0; global=0; static=0; extern=0; dir=0; type=0; mode=0x6eb97f0; pingpong=0; private_global=0; IO mode=axis:ce=0
Port [ src_V_strb_V]:  wired=1; compound=1; hidden=0; nouse=0; global=0; static=0; extern=0; dir=0; type=0; mode=0x6eb8050; pingpong=0; private_global=0; IO mode=axis:ce=0
Port [ src_V_user_V]:  wired=1; compound=1; hidden=0; nouse=0; global=0; static=0; extern=0; dir=0; type=0; mode=0x98b6850; pingpong=0; private_global=0; IO mode=axis:ce=0
Port [ src_V_last_V]:  wired=1; compound=1; hidden=0; nouse=0; global=0; static=0; extern=0; dir=0; type=0; mode=0x98b68e0; pingpong=0; private_global=0; IO mode=axis:ce=0
Port [ src_V_id_V]:  wired=1; compound=1; hidden=0; nouse=0; global=0; static=0; extern=0; dir=0; type=0; mode=0x98b6970; pingpong=0; private_global=0; IO mode=axis:ce=0
Port [ src_V_dest_V]:  wired=1; compound=1; hidden=0; nouse=0; global=0; static=0; extern=0; dir=0; type=0; mode=0x98b6a00; pingpong=0; private_global=0; IO mode=axis:ce=0
Port [ dst_V_V]:  wired=1; compound=1; hidden=0; nouse=0; global=0; static=0; extern=0; dir=1; type=0; mode=0x98b6a90; pingpong=0; private_global=0; IO mode=axis:ce=0
Port [ dst_valid]:  wired=1; compound=0; hidden=0; nouse=0; global=0; static=0; extern=0; dir=1; type=0; mode=0x98b6b20; pingpong=0; private_global=0; IO mode=ap_vld:ce=0
Port [ sof_sig]:  wired=1; compound=0; hidden=0; nouse=0; global=0; static=0; extern=0; dir=1; type=0; mode=0x98b6bb0; pingpong=0; private_global=0; IO mode=ap_vld:ce=0
Port [ cur_range]:  wired=0; compound=0; hidden=1; nouse=1; global=1; static=1; extern=0; dir=2; type=0; mode=0x9ac1f80; pingpong=0; private_global=0; linkage=7; visibility=0; IO mode=ap_ovld:ce=0
Port [ cur_trans]:  wired=0; compound=0; hidden=1; nouse=1; global=1; static=1; extern=0; dir=2; type=0; mode=0x9ac2010; pingpong=0; private_global=0; linkage=7; visibility=0; IO mode=ap_ovld:ce=0
Port [ buff_in]:  wired=0; compound=0; hidden=1; nouse=1; global=1; static=1; extern=0; dir=2; type=0; mode=0x9ac20a0; pingpong=0; private_global=0; linkage=7; visibility=0; IO mode=ap_ovld:ce=0
Port [ linebuffer1b_V_0]:  wired=0; compound=0; hidden=1; nouse=1; global=1; static=1; extern=0; dir=2; type=0; mode=0x9ac2130; pingpong=0; private_global=0; linkage=7; visibility=0; IO mode=ap_ovld:ce=0
Port [ linebuffer1b_V_1]:  wired=0; compound=0; hidden=1; nouse=1; global=1; static=1; extern=0; dir=2; type=0; mode=0x9ac21c0; pingpong=0; private_global=0; linkage=7; visibility=0; IO mode=ap_ovld:ce=0
Port [ linebuffer1b_V_2]:  wired=0; compound=0; hidden=1; nouse=1; global=1; static=1; extern=0; dir=2; type=0; mode=0x9ac2250; pingpong=0; private_global=0; linkage=7; visibility=0; IO mode=ap_ovld:ce=0
Port [ linebuffer1b_V_3]:  wired=0; compound=0; hidden=1; nouse=1; global=1; static=1; extern=0; dir=2; type=0; mode=0x9ac22e0; pingpong=0; private_global=0; linkage=7; visibility=0; IO mode=ap_ovld:ce=0
Port [ linebuffer1b_V_4]:  wired=0; compound=0; hidden=1; nouse=1; global=1; static=1; extern=0; dir=2; type=0; mode=0x9ac2370; pingpong=0; private_global=0; linkage=7; visibility=0; IO mode=ap_ovld:ce=0
Port [ linebuffer1b_V_5]:  wired=0; compound=0; hidden=1; nouse=1; global=1; static=1; extern=0; dir=2; type=0; mode=0x9ac2400; pingpong=0; private_global=0; linkage=7; visibility=0; IO mode=ap_ovld:ce=0
Port [ linebuffer1b_V_6]:  wired=0; compound=0; hidden=1; nouse=1; global=1; static=1; extern=0; dir=2; type=0; mode=0x9ac2490; pingpong=0; private_global=0; linkage=7; visibility=0; IO mode=ap_ovld:ce=0
Port [ linebuffer1b_V_7]:  wired=0; compound=0; hidden=1; nouse=1; global=1; static=1; extern=0; dir=2; type=0; mode=0x9ac2520; pingpong=0; private_global=0; linkage=7; visibility=0; IO mode=ap_ovld:ce=0
Port [ linebuffer1b_V_8]:  wired=0; compound=0; hidden=1; nouse=1; global=1; static=1; extern=0; dir=2; type=0; mode=0x9ac25b0; pingpong=0; private_global=0; linkage=7; visibility=0; IO mode=ap_ovld:ce=0
Port [ linebuffer1b_V_9]:  wired=0; compound=0; hidden=1; nouse=1; global=1; static=1; extern=0; dir=2; type=0; mode=0x9ac2640; pingpong=0; private_global=0; linkage=7; visibility=0; IO mode=ap_ovld:ce=0
Port [ linebuffer1b_V_10]:  wired=0; compound=0; hidden=1; nouse=1; global=1; static=1; extern=0; dir=2; type=0; mode=0x9ac26d0; pingpong=0; private_global=0; linkage=7; visibility=0; IO mode=ap_ovld:ce=0
Port [ linebuffer1b_V_11]:  wired=0; compound=0; hidden=1; nouse=1; global=1; static=1; extern=0; dir=2; type=0; mode=0x9ac2760; pingpong=0; private_global=0; linkage=7; visibility=0; IO mode=ap_ovld:ce=0
Port [ linebuffer1b_V_12]:  wired=0; compound=0; hidden=1; nouse=1; global=1; static=1; extern=0; dir=2; type=0; mode=0x9ac27f0; pingpong=0; private_global=0; linkage=7; visibility=0; IO mode=ap_ovld:ce=0
Port [ linebuffer1b_V_13]:  wired=0; compound=0; hidden=1; nouse=1; global=1; static=1; extern=0; dir=2; type=0; mode=0x9ac2880; pingpong=0; private_global=0; linkage=7; visibility=0; IO mode=ap_ovld:ce=0
Port [ linebuffer1b_V_14]:  wired=0; compound=0; hidden=1; nouse=1; global=1; static=1; extern=0; dir=2; type=0; mode=0x9ac2910; pingpong=0; private_global=0; linkage=7; visibility=0; IO mode=ap_ovld:ce=0
Port [ linebuffer1b_V_15]:  wired=0; compound=0; hidden=1; nouse=1; global=1; static=1; extern=0; dir=2; type=0; mode=0x9ac29a0; pingpong=0; private_global=0; linkage=7; visibility=0; IO mode=ap_ovld:ce=0
Port [ linebuffer1b_V_16]:  wired=0; compound=0; hidden=1; nouse=1; global=1; static=1; extern=0; dir=2; type=0; mode=0x9ac2a30; pingpong=0; private_global=0; linkage=7; visibility=0; IO mode=ap_ovld:ce=0
Port [ linebuffer1b_V_17]:  wired=0; compound=0; hidden=1; nouse=1; global=1; static=1; extern=0; dir=2; type=0; mode=0x9ac2ac0; pingpong=0; private_global=0; linkage=7; visibility=0; IO mode=ap_ovld:ce=0
Port [ linebuffer1b_V_18]:  wired=0; compound=0; hidden=1; nouse=1; global=1; static=1; extern=0; dir=2; type=0; mode=0x9ac2b50; pingpong=0; private_global=0; linkage=7; visibility=0; IO mode=ap_ovld:ce=0
Port [ linebuffer1b_V_19]:  wired=0; compound=0; hidden=1; nouse=1; global=1; static=1; extern=0; dir=2; type=0; mode=0x9ac2be0; pingpong=0; private_global=0; linkage=7; visibility=0; IO mode=ap_ovld:ce=0
Port [ linebuffer1b_V_20]:  wired=0; compound=0; hidden=1; nouse=1; global=1; static=1; extern=0; dir=2; type=0; mode=0x9ac2c70; pingpong=0; private_global=0; linkage=7; visibility=0; IO mode=ap_ovld:ce=0
Port [ linebuffer1b_V_21]:  wired=0; compound=0; hidden=1; nouse=1; global=1; static=1; extern=0; dir=2; type=0; mode=0x9ac2d00; pingpong=0; private_global=0; linkage=7; visibility=0; IO mode=ap_ovld:ce=0
Port [ linebuffer1b_V_22]:  wired=0; compound=0; hidden=1; nouse=1; global=1; static=1; extern=0; dir=2; type=0; mode=0x9ac2d90; pingpong=0; private_global=0; linkage=7; visibility=0; IO mode=ap_ovld:ce=0
Port [ linebuffer1b_V_23]:  wired=0; compound=0; hidden=1; nouse=1; global=1; static=1; extern=0; dir=2; type=0; mode=0x9ac2e20; pingpong=0; private_global=0; linkage=7; visibility=0; IO mode=ap_ovld:ce=0
Port [ linebuffer1b_V_24]:  wired=0; compound=0; hidden=1; nouse=1; global=1; static=1; extern=0; dir=2; type=0; mode=0x9ac2eb0; pingpong=0; private_global=0; linkage=7; visibility=0; IO mode=ap_ovld:ce=0
Port [ linebuffer1b_V_25]:  wired=0; compound=0; hidden=1; nouse=1; global=1; static=1; extern=0; dir=2; type=0; mode=0x9ac2f40; pingpong=0; private_global=0; linkage=7; visibility=0; IO mode=ap_ovld:ce=0
Port [ linebuffer1b_V_26]:  wired=0; compound=0; hidden=1; nouse=1; global=1; static=1; extern=0; dir=2; type=0; mode=0x9ac2fd0; pingpong=0; private_global=0; linkage=7; visibility=0; IO mode=ap_ovld:ce=0
Port [ linebuffer1b_V_27]:  wired=0; compound=0; hidden=1; nouse=1; global=1; static=1; extern=0; dir=2; type=0; mode=0x9ac3060; pingpong=0; private_global=0; linkage=7; visibility=0; IO mode=ap_ovld:ce=0
Port [ linebuffer1b_V_28]:  wired=0; compound=0; hidden=1; nouse=1; global=1; static=1; extern=0; dir=2; type=0; mode=0x9ac30f0; pingpong=0; private_global=0; linkage=7; visibility=0; IO mode=ap_ovld:ce=0
Port [ linebuffer1b_V_29]:  wired=0; compound=0; hidden=1; nouse=1; global=1; static=1; extern=0; dir=2; type=0; mode=0x9ac3180; pingpong=0; private_global=0; linkage=7; visibility=0; IO mode=ap_ovld:ce=0
Port [ linebuffer1b_V_30]:  wired=0; compound=0; hidden=1; nouse=1; global=1; static=1; extern=0; dir=2; type=0; mode=0x9ac3210; pingpong=0; private_global=0; linkage=7; visibility=0; IO mode=ap_ovld:ce=0
Port [ linebuffer1b_V_31]:  wired=0; compound=0; hidden=1; nouse=1; global=1; static=1; extern=0; dir=2; type=0; mode=0x9ac32a0; pingpong=0; private_global=0; linkage=7; visibility=0; IO mode=ap_ovld:ce=0
Port [ linebuffer1b_V_32]:  wired=0; compound=0; hidden=1; nouse=1; global=1; static=1; extern=0; dir=2; type=0; mode=0x9ac3330; pingpong=0; private_global=0; linkage=7; visibility=0; IO mode=ap_ovld:ce=0
Port [ linebuffer1b_V_33]:  wired=0; compound=0; hidden=1; nouse=1; global=1; static=1; extern=0; dir=2; type=0; mode=0x9ac33c0; pingpong=0; private_global=0; linkage=7; visibility=0; IO mode=ap_ovld:ce=0
Port [ linebuffer1b_V_34]:  wired=0; compound=0; hidden=1; nouse=1; global=1; static=1; extern=0; dir=2; type=0; mode=0x9ac3450; pingpong=0; private_global=0; linkage=7; visibility=0; IO mode=ap_ovld:ce=0
Port [ linebuffer1b_V_35]:  wired=0; compound=0; hidden=1; nouse=1; global=1; static=1; extern=0; dir=2; type=0; mode=0x9ac34e0; pingpong=0; private_global=0; linkage=7; visibility=0; IO mode=ap_ovld:ce=0
Port [ linebuffer1b_V_36]:  wired=0; compound=0; hidden=1; nouse=1; global=1; static=1; extern=0; dir=2; type=0; mode=0x9ac3570; pingpong=0; private_global=0; linkage=7; visibility=0; IO mode=ap_ovld:ce=0
Port [ linebuffer1b_V_37]:  wired=0; compound=0; hidden=1; nouse=1; global=1; static=1; extern=0; dir=2; type=0; mode=0x9ac3600; pingpong=0; private_global=0; linkage=7; visibility=0; IO mode=ap_ovld:ce=0
Port [ linebuffer1b_V_38]:  wired=0; compound=0; hidden=1; nouse=1; global=1; static=1; extern=0; dir=2; type=0; mode=0x9ac3690; pingpong=0; private_global=0; linkage=7; visibility=0; IO mode=ap_ovld:ce=0
Port [ linebuffer1b_V_39]:  wired=0; compound=0; hidden=1; nouse=1; global=1; static=1; extern=0; dir=2; type=0; mode=0x9ac3720; pingpong=0; private_global=0; linkage=7; visibility=0; IO mode=ap_ovld:ce=0
Port [ linebuffer1b_V_40]:  wired=0; compound=0; hidden=1; nouse=1; global=1; static=1; extern=0; dir=2; type=0; mode=0x9ac37b0; pingpong=0; private_global=0; linkage=7; visibility=0; IO mode=ap_ovld:ce=0
Port [ linebuffer1b_V_41]:  wired=0; compound=0; hidden=1; nouse=1; global=1; static=1; extern=0; dir=2; type=0; mode=0x9ac3840; pingpong=0; private_global=0; linkage=7; visibility=0; IO mode=ap_ovld:ce=0
Port [ linebuffer1b_V_42]:  wired=0; compound=0; hidden=1; nouse=1; global=1; static=1; extern=0; dir=2; type=0; mode=0x9ac38d0; pingpong=0; private_global=0; linkage=7; visibility=0; IO mode=ap_ovld:ce=0
Port [ linebuffer1b_V_43]:  wired=0; compound=0; hidden=1; nouse=1; global=1; static=1; extern=0; dir=2; type=0; mode=0x9ac3960; pingpong=0; private_global=0; linkage=7; visibility=0; IO mode=ap_ovld:ce=0
Port [ linebuffer1b_V_44]:  wired=0; compound=0; hidden=1; nouse=1; global=1; static=1; extern=0; dir=2; type=0; mode=0x9ac39f0; pingpong=0; private_global=0; linkage=7; visibility=0; IO mode=ap_ovld:ce=0
Port [ linebuffer1b_V_45]:  wired=0; compound=0; hidden=1; nouse=1; global=1; static=1; extern=0; dir=2; type=0; mode=0x9ac3a80; pingpong=0; private_global=0; linkage=7; visibility=0; IO mode=ap_ovld:ce=0
Port [ linebuffer1b_V_46]:  wired=0; compound=0; hidden=1; nouse=1; global=1; static=1; extern=0; dir=2; type=0; mode=0x9ac3b10; pingpong=0; private_global=0; linkage=7; visibility=0; IO mode=ap_ovld:ce=0
Port [ linebuffer1b_V_47]:  wired=0; compound=0; hidden=1; nouse=1; global=1; static=1; extern=0; dir=2; type=0; mode=0x9ac3ba0; pingpong=0; private_global=0; linkage=7; visibility=0; IO mode=ap_ovld:ce=0
Port [ linebuffer1b_V_48]:  wired=0; compound=0; hidden=1; nouse=1; global=1; static=1; extern=0; dir=2; type=0; mode=0x9ac3c30; pingpong=0; private_global=0; linkage=7; visibility=0; IO mode=ap_ovld:ce=0
Port [ linebuffer1b_V_49]:  wired=0; compound=0; hidden=1; nouse=1; global=1; static=1; extern=0; dir=2; type=0; mode=0x9ac3cc0; pingpong=0; private_global=0; linkage=7; visibility=0; IO mode=ap_ovld:ce=0
Port [ linebuffer1b_V_50]:  wired=0; compound=0; hidden=1; nouse=1; global=1; static=1; extern=0; dir=2; type=0; mode=0x9ac3d50; pingpong=0; private_global=0; linkage=7; visibility=0; IO mode=ap_ovld:ce=0
Port [ linebuffer1b_V_51]:  wired=0; compound=0; hidden=1; nouse=1; global=1; static=1; extern=0; dir=2; type=0; mode=0x9ac3de0; pingpong=0; private_global=0; linkage=7; visibility=0; IO mode=ap_ovld:ce=0
Port [ linebuffer1b_V_52]:  wired=0; compound=0; hidden=1; nouse=1; global=1; static=1; extern=0; dir=2; type=0; mode=0x9ac3e70; pingpong=0; private_global=0; linkage=7; visibility=0; IO mode=ap_ovld:ce=0
Port [ linebuffer1b_V_53]:  wired=0; compound=0; hidden=1; nouse=1; global=1; static=1; extern=0; dir=2; type=0; mode=0x7067c90; pingpong=0; private_global=0; linkage=7; visibility=0; IO mode=ap_ovld:ce=0
Port [ linebuffer1b_V_54]:  wired=0; compound=0; hidden=1; nouse=1; global=1; static=1; extern=0; dir=2; type=0; mode=0x7067d20; pingpong=0; private_global=0; linkage=7; visibility=0; IO mode=ap_ovld:ce=0
Port [ linebuffer1b_V_55]:  wired=0; compound=0; hidden=1; nouse=1; global=1; static=1; extern=0; dir=2; type=0; mode=0x7067db0; pingpong=0; private_global=0; linkage=7; visibility=0; IO mode=ap_ovld:ce=0
Port [ linebuffer1b_V_56]:  wired=0; compound=0; hidden=1; nouse=1; global=1; static=1; extern=0; dir=2; type=0; mode=0x7067e40; pingpong=0; private_global=0; linkage=7; visibility=0; IO mode=ap_ovld:ce=0
Port [ linebuffer1b_V_57]:  wired=0; compound=0; hidden=1; nouse=1; global=1; static=1; extern=0; dir=2; type=0; mode=0x7067ed0; pingpong=0; private_global=0; linkage=7; visibility=0; IO mode=ap_ovld:ce=0
Port [ linebuffer1b_V_58]:  wired=0; compound=0; hidden=1; nouse=1; global=1; static=1; extern=0; dir=2; type=0; mode=0x7067f60; pingpong=0; private_global=0; linkage=7; visibility=0; IO mode=ap_ovld:ce=0
Port [ linebuffer1b_V_59]:  wired=0; compound=0; hidden=1; nouse=1; global=1; static=1; extern=0; dir=2; type=0; mode=0x7067ff0; pingpong=0; private_global=0; linkage=7; visibility=0; IO mode=ap_ovld:ce=0
Port [ linebuffer2b_V_0]:  wired=0; compound=0; hidden=1; nouse=1; global=1; static=1; extern=0; dir=2; type=0; mode=0x7068080; pingpong=0; private_global=0; linkage=7; visibility=0; IO mode=ap_ovld:ce=0
Port [ linebuffer2b_V_1]:  wired=0; compound=0; hidden=1; nouse=1; global=1; static=1; extern=0; dir=2; type=0; mode=0x7068110; pingpong=0; private_global=0; linkage=7; visibility=0; IO mode=ap_ovld:ce=0
Port [ linebuffer2b_V_2]:  wired=0; compound=0; hidden=1; nouse=1; global=1; static=1; extern=0; dir=2; type=0; mode=0x70681a0; pingpong=0; private_global=0; linkage=7; visibility=0; IO mode=ap_ovld:ce=0
Port [ linebuffer2b_V_3]:  wired=0; compound=0; hidden=1; nouse=1; global=1; static=1; extern=0; dir=2; type=0; mode=0x7068230; pingpong=0; private_global=0; linkage=7; visibility=0; IO mode=ap_ovld:ce=0
Port [ linebuffer2b_V_4]:  wired=0; compound=0; hidden=1; nouse=1; global=1; static=1; extern=0; dir=2; type=0; mode=0x70682c0; pingpong=0; private_global=0; linkage=7; visibility=0; IO mode=ap_ovld:ce=0
Port [ linebuffer2b_V_5]:  wired=0; compound=0; hidden=1; nouse=1; global=1; static=1; extern=0; dir=2; type=0; mode=0x7068350; pingpong=0; private_global=0; linkage=7; visibility=0; IO mode=ap_ovld:ce=0
Port [ linebuffer2b_V_6]:  wired=0; compound=0; hidden=1; nouse=1; global=1; static=1; extern=0; dir=2; type=0; mode=0x70683e0; pingpong=0; private_global=0; linkage=7; visibility=0; IO mode=ap_ovld:ce=0
Port [ linebuffer2b_V_7]:  wired=0; compound=0; hidden=1; nouse=1; global=1; static=1; extern=0; dir=2; type=0; mode=0x7068470; pingpong=0; private_global=0; linkage=7; visibility=0; IO mode=ap_ovld:ce=0
Port [ linebuffer2b_V_8]:  wired=0; compound=0; hidden=1; nouse=1; global=1; static=1; extern=0; dir=2; type=0; mode=0x7068500; pingpong=0; private_global=0; linkage=7; visibility=0; IO mode=ap_ovld:ce=0
Port [ linebuffer2b_V_9]:  wired=0; compound=0; hidden=1; nouse=1; global=1; static=1; extern=0; dir=2; type=0; mode=0x7068590; pingpong=0; private_global=0; linkage=7; visibility=0; IO mode=ap_ovld:ce=0
Port [ linebuffer2b_V_10]:  wired=0; compound=0; hidden=1; nouse=1; global=1; static=1; extern=0; dir=2; type=0; mode=0x7068620; pingpong=0; private_global=0; linkage=7; visibility=0; IO mode=ap_ovld:ce=0
Port [ linebuffer2b_V_11]:  wired=0; compound=0; hidden=1; nouse=1; global=1; static=1; extern=0; dir=2; type=0; mode=0x70686b0; pingpong=0; private_global=0; linkage=7; visibility=0; IO mode=ap_ovld:ce=0
Port [ linebuffer2b_V_12]:  wired=0; compound=0; hidden=1; nouse=1; global=1; static=1; extern=0; dir=2; type=0; mode=0x7068740; pingpong=0; private_global=0; linkage=7; visibility=0; IO mode=ap_ovld:ce=0
Port [ linebuffer2b_V_13]:  wired=0; compound=0; hidden=1; nouse=1; global=1; static=1; extern=0; dir=2; type=0; mode=0x70687d0; pingpong=0; private_global=0; linkage=7; visibility=0; IO mode=ap_ovld:ce=0
Port [ linebuffer2b_V_14]:  wired=0; compound=0; hidden=1; nouse=1; global=1; static=1; extern=0; dir=2; type=0; mode=0x7068860; pingpong=0; private_global=0; linkage=7; visibility=0; IO mode=ap_ovld:ce=0
Port [ linebuffer2b_V_15]:  wired=0; compound=0; hidden=1; nouse=1; global=1; static=1; extern=0; dir=2; type=0; mode=0x70688f0; pingpong=0; private_global=0; linkage=7; visibility=0; IO mode=ap_ovld:ce=0
Port [ linebuffer2b_V_16]:  wired=0; compound=0; hidden=1; nouse=1; global=1; static=1; extern=0; dir=2; type=0; mode=0x7068980; pingpong=0; private_global=0; linkage=7; visibility=0; IO mode=ap_ovld:ce=0
Port [ linebuffer2b_V_17]:  wired=0; compound=0; hidden=1; nouse=1; global=1; static=1; extern=0; dir=2; type=0; mode=0x7068a10; pingpong=0; private_global=0; linkage=7; visibility=0; IO mode=ap_ovld:ce=0
Port [ linebuffer2b_V_18]:  wired=0; compound=0; hidden=1; nouse=1; global=1; static=1; extern=0; dir=2; type=0; mode=0x7068aa0; pingpong=0; private_global=0; linkage=7; visibility=0; IO mode=ap_ovld:ce=0
Port [ linebuffer2b_V_19]:  wired=0; compound=0; hidden=1; nouse=1; global=1; static=1; extern=0; dir=2; type=0; mode=0x7068b30; pingpong=0; private_global=0; linkage=7; visibility=0; IO mode=ap_ovld:ce=0
Port [ linebuffer2b_V_20]:  wired=0; compound=0; hidden=1; nouse=1; global=1; static=1; extern=0; dir=2; type=0; mode=0x7068bc0; pingpong=0; private_global=0; linkage=7; visibility=0; IO mode=ap_ovld:ce=0
Port [ linebuffer2b_V_21]:  wired=0; compound=0; hidden=1; nouse=1; global=1; static=1; extern=0; dir=2; type=0; mode=0x7068c50; pingpong=0; private_global=0; linkage=7; visibility=0; IO mode=ap_ovld:ce=0
Port [ linebuffer2b_V_22]:  wired=0; compound=0; hidden=1; nouse=1; global=1; static=1; extern=0; dir=2; type=0; mode=0x7068ce0; pingpong=0; private_global=0; linkage=7; visibility=0; IO mode=ap_ovld:ce=0
Port [ linebuffer2b_V_23]:  wired=0; compound=0; hidden=1; nouse=1; global=1; static=1; extern=0; dir=2; type=0; mode=0x7068d70; pingpong=0; private_global=0; linkage=7; visibility=0; IO mode=ap_ovld:ce=0
Port [ linebuffer2b_V_24]:  wired=0; compound=0; hidden=1; nouse=1; global=1; static=1; extern=0; dir=2; type=0; mode=0x7068e00; pingpong=0; private_global=0; linkage=7; visibility=0; IO mode=ap_ovld:ce=0
Port [ linebuffer2b_V_25]:  wired=0; compound=0; hidden=1; nouse=1; global=1; static=1; extern=0; dir=2; type=0; mode=0x7068e90; pingpong=0; private_global=0; linkage=7; visibility=0; IO mode=ap_ovld:ce=0
Port [ linebuffer2b_V_26]:  wired=0; compound=0; hidden=1; nouse=1; global=1; static=1; extern=0; dir=2; type=0; mode=0x7068f20; pingpong=0; private_global=0; linkage=7; visibility=0; IO mode=ap_ovld:ce=0
Port [ linebuffer2b_V_27]:  wired=0; compound=0; hidden=1; nouse=1; global=1; static=1; extern=0; dir=2; type=0; mode=0x7068fb0; pingpong=0; private_global=0; linkage=7; visibility=0; IO mode=ap_ovld:ce=0
Port [ linebuffer2b_V_28]:  wired=0; compound=0; hidden=1; nouse=1; global=1; static=1; extern=0; dir=2; type=0; mode=0x7069040; pingpong=0; private_global=0; linkage=7; visibility=0; IO mode=ap_ovld:ce=0
Port [ linebuffer2b_V_29]:  wired=0; compound=0; hidden=1; nouse=1; global=1; static=1; extern=0; dir=2; type=0; mode=0x70690d0; pingpong=0; private_global=0; linkage=7; visibility=0; IO mode=ap_ovld:ce=0
Port [ linebuffer2b_V_30]:  wired=0; compound=0; hidden=1; nouse=1; global=1; static=1; extern=0; dir=2; type=0; mode=0x7069160; pingpong=0; private_global=0; linkage=7; visibility=0; IO mode=ap_ovld:ce=0
Port [ linebuffer2b_V_31]:  wired=0; compound=0; hidden=1; nouse=1; global=1; static=1; extern=0; dir=2; type=0; mode=0x70691f0; pingpong=0; private_global=0; linkage=7; visibility=0; IO mode=ap_ovld:ce=0
Port [ linebuffer2b_V_32]:  wired=0; compound=0; hidden=1; nouse=1; global=1; static=1; extern=0; dir=2; type=0; mode=0x7069280; pingpong=0; private_global=0; linkage=7; visibility=0; IO mode=ap_ovld:ce=0
Port [ linebuffer2b_V_33]:  wired=0; compound=0; hidden=1; nouse=1; global=1; static=1; extern=0; dir=2; type=0; mode=0x7069310; pingpong=0; private_global=0; linkage=7; visibility=0; IO mode=ap_ovld:ce=0
Port [ linebuffer2b_V_34]:  wired=0; compound=0; hidden=1; nouse=1; global=1; static=1; extern=0; dir=2; type=0; mode=0x70693a0; pingpong=0; private_global=0; linkage=7; visibility=0; IO mode=ap_ovld:ce=0
Port [ linebuffer2b_V_35]:  wired=0; compound=0; hidden=1; nouse=1; global=1; static=1; extern=0; dir=2; type=0; mode=0x7069430; pingpong=0; private_global=0; linkage=7; visibility=0; IO mode=ap_ovld:ce=0
Port [ linebuffer2b_V_36]:  wired=0; compound=0; hidden=1; nouse=1; global=1; static=1; extern=0; dir=2; type=0; mode=0x70694c0; pingpong=0; private_global=0; linkage=7; visibility=0; IO mode=ap_ovld:ce=0
Port [ linebuffer2b_V_37]:  wired=0; compound=0; hidden=1; nouse=1; global=1; static=1; extern=0; dir=2; type=0; mode=0x7069550; pingpong=0; private_global=0; linkage=7; visibility=0; IO mode=ap_ovld:ce=0
Port [ linebuffer2b_V_38]:  wired=0; compound=0; hidden=1; nouse=1; global=1; static=1; extern=0; dir=2; type=0; mode=0x70695e0; pingpong=0; private_global=0; linkage=7; visibility=0; IO mode=ap_ovld:ce=0
Port [ linebuffer2b_V_39]:  wired=0; compound=0; hidden=1; nouse=1; global=1; static=1; extern=0; dir=2; type=0; mode=0x7069670; pingpong=0; private_global=0; linkage=7; visibility=0; IO mode=ap_ovld:ce=0
Port [ linebuffer2b_V_40]:  wired=0; compound=0; hidden=1; nouse=1; global=1; static=1; extern=0; dir=2; type=0; mode=0x7069700; pingpong=0; private_global=0; linkage=7; visibility=0; IO mode=ap_ovld:ce=0
Port [ linebuffer2b_V_41]:  wired=0; compound=0; hidden=1; nouse=1; global=1; static=1; extern=0; dir=2; type=0; mode=0x7069790; pingpong=0; private_global=0; linkage=7; visibility=0; IO mode=ap_ovld:ce=0
Port [ linebuffer2b_V_42]:  wired=0; compound=0; hidden=1; nouse=1; global=1; static=1; extern=0; dir=2; type=0; mode=0x7069820; pingpong=0; private_global=0; linkage=7; visibility=0; IO mode=ap_ovld:ce=0
Port [ linebuffer2b_V_43]:  wired=0; compound=0; hidden=1; nouse=1; global=1; static=1; extern=0; dir=2; type=0; mode=0x70698b0; pingpong=0; private_global=0; linkage=7; visibility=0; IO mode=ap_ovld:ce=0
Port [ linebuffer2b_V_44]:  wired=0; compound=0; hidden=1; nouse=1; global=1; static=1; extern=0; dir=2; type=0; mode=0x7069940; pingpong=0; private_global=0; linkage=7; visibility=0; IO mode=ap_ovld:ce=0
Port [ linebuffer2b_V_45]:  wired=0; compound=0; hidden=1; nouse=1; global=1; static=1; extern=0; dir=2; type=0; mode=0x70699d0; pingpong=0; private_global=0; linkage=7; visibility=0; IO mode=ap_ovld:ce=0
Port [ linebuffer2b_V_46]:  wired=0; compound=0; hidden=1; nouse=1; global=1; static=1; extern=0; dir=2; type=0; mode=0x7069a60; pingpong=0; private_global=0; linkage=7; visibility=0; IO mode=ap_ovld:ce=0
Port [ linebuffer2b_V_47]:  wired=0; compound=0; hidden=1; nouse=1; global=1; static=1; extern=0; dir=2; type=0; mode=0x7069af0; pingpong=0; private_global=0; linkage=7; visibility=0; IO mode=ap_ovld:ce=0
Port [ linebuffer2b_V_48]:  wired=0; compound=0; hidden=1; nouse=1; global=1; static=1; extern=0; dir=2; type=0; mode=0x7069b80; pingpong=0; private_global=0; linkage=7; visibility=0; IO mode=ap_ovld:ce=0
Port [ linebuffer2b_V_49]:  wired=0; compound=0; hidden=1; nouse=1; global=1; static=1; extern=0; dir=2; type=0; mode=0x982cdb0; pingpong=0; private_global=0; linkage=7; visibility=0; IO mode=ap_ovld:ce=0
Port [ linebuffer2b_V_50]:  wired=0; compound=0; hidden=1; nouse=1; global=1; static=1; extern=0; dir=2; type=0; mode=0x982ce40; pingpong=0; private_global=0; linkage=7; visibility=0; IO mode=ap_ovld:ce=0
Port [ linebuffer2b_V_51]:  wired=0; compound=0; hidden=1; nouse=1; global=1; static=1; extern=0; dir=2; type=0; mode=0x982ced0; pingpong=0; private_global=0; linkage=7; visibility=0; IO mode=ap_ovld:ce=0
Port [ linebuffer2b_V_52]:  wired=0; compound=0; hidden=1; nouse=1; global=1; static=1; extern=0; dir=2; type=0; mode=0x982cf60; pingpong=0; private_global=0; linkage=7; visibility=0; IO mode=ap_ovld:ce=0
Port [ linebuffer2b_V_53]:  wired=0; compound=0; hidden=1; nouse=1; global=1; static=1; extern=0; dir=2; type=0; mode=0x982cff0; pingpong=0; private_global=0; linkage=7; visibility=0; IO mode=ap_ovld:ce=0
Port [ linebuffer2b_V_54]:  wired=0; compound=0; hidden=1; nouse=1; global=1; static=1; extern=0; dir=2; type=0; mode=0x982d080; pingpong=0; private_global=0; linkage=7; visibility=0; IO mode=ap_ovld:ce=0
Port [ linebuffer2b_V_55]:  wired=0; compound=0; hidden=1; nouse=1; global=1; static=1; extern=0; dir=2; type=0; mode=0x982d110; pingpong=0; private_global=0; linkage=7; visibility=0; IO mode=ap_ovld:ce=0
Port [ linebuffer2b_V_56]:  wired=0; compound=0; hidden=1; nouse=1; global=1; static=1; extern=0; dir=2; type=0; mode=0x982d1a0; pingpong=0; private_global=0; linkage=7; visibility=0; IO mode=ap_ovld:ce=0
Port [ linebuffer2b_V_57]:  wired=0; compound=0; hidden=1; nouse=1; global=1; static=1; extern=0; dir=2; type=0; mode=0x982d230; pingpong=0; private_global=0; linkage=7; visibility=0; IO mode=ap_ovld:ce=0
Port [ linebuffer2b_V_58]:  wired=0; compound=0; hidden=1; nouse=1; global=1; static=1; extern=0; dir=2; type=0; mode=0x982d2c0; pingpong=0; private_global=0; linkage=7; visibility=0; IO mode=ap_ovld:ce=0
Port [ linebuffer2b_V_59]:  wired=0; compound=0; hidden=1; nouse=1; global=1; static=1; extern=0; dir=2; type=0; mode=0x982d350; pingpong=0; private_global=0; linkage=7; visibility=0; IO mode=ap_ovld:ce=0
Port [ buff_full1]:  wired=0; compound=0; hidden=1; nouse=1; global=1; static=1; extern=0; dir=2; type=0; mode=0x982d3e0; pingpong=0; private_global=0; linkage=7; visibility=0; IO mode=ap_ovld:ce=0
Port [ nb_eol]:  wired=0; compound=0; hidden=1; nouse=1; global=1; static=1; extern=0; dir=2; type=0; mode=0x982d470; pingpong=0; private_global=0; linkage=7; visibility=0; IO mode=ap_ovld:ce=0
Port [ buff_full2]:  wired=0; compound=0; hidden=1; nouse=1; global=1; static=1; extern=0; dir=2; type=0; mode=0x982d500; pingpong=0; private_global=0; linkage=7; visibility=0; IO mode=ap_ovld:ce=0
---------------- STG Properties END ------------------

---------------- Datapath Model BEGIN ----------------

<LifeTime>
<method=bitvector/>
stg_4  (specdataflowpipeline) [ 000]
stg_5  (specbitsmap         ) [ 000]
stg_6  (specbitsmap         ) [ 000]
stg_7  (specbitsmap         ) [ 000]
stg_8  (specbitsmap         ) [ 000]
stg_9  (specbitsmap         ) [ 000]
stg_10 (specbitsmap         ) [ 000]
stg_11 (specbitsmap         ) [ 000]
stg_12 (specbitsmap         ) [ 000]
stg_13 (specbitsmap         ) [ 000]
stg_14 (specbitsmap         ) [ 000]
stg_15 (spectopmodule       ) [ 000]
stg_16 (specinterface       ) [ 000]
stg_17 (specinterface       ) [ 000]
stg_18 (specinterface       ) [ 000]
stg_19 (call                ) [ 000]
stg_20 (ret                 ) [ 000]
</LifeTime>

<model>

<comp_list>
<comp id="0" class="1000" name="src_V_data_V">
<pin_list>
<pin id="1" dir="1" index="0" bw="1" slack="0"/>
</pin_list>
<bind>
<StgValue><ssdm name="src_V_data_V"/></StgValue>
</bind>
</comp>

<comp id="2" class="1000" name="src_V_keep_V">
<pin_list>
<pin id="3" dir="1" index="0" bw="1" slack="0"/>
</pin_list>
<bind>
<StgValue><ssdm name="src_V_keep_V"/></StgValue>
</bind>
</comp>

<comp id="4" class="1000" name="src_V_strb_V">
<pin_list>
<pin id="5" dir="1" index="0" bw="1" slack="0"/>
</pin_list>
<bind>
<StgValue><ssdm name="src_V_strb_V"/></StgValue>
</bind>
</comp>

<comp id="6" class="1000" name="src_V_user_V">
<pin_list>
<pin id="7" dir="1" index="0" bw="1" slack="0"/>
</pin_list>
<bind>
<StgValue><ssdm name="src_V_user_V"/></StgValue>
</bind>
</comp>

<comp id="8" class="1000" name="src_V_last_V">
<pin_list>
<pin id="9" dir="1" index="0" bw="1" slack="0"/>
</pin_list>
<bind>
<StgValue><ssdm name="src_V_last_V"/></StgValue>
</bind>
</comp>

<comp id="10" class="1000" name="src_V_id_V">
<pin_list>
<pin id="11" dir="1" index="0" bw="1" slack="0"/>
</pin_list>
<bind>
<StgValue><ssdm name="src_V_id_V"/></StgValue>
</bind>
</comp>

<comp id="12" class="1000" name="src_V_dest_V">
<pin_list>
<pin id="13" dir="1" index="0" bw="1" slack="0"/>
</pin_list>
<bind>
<StgValue><ssdm name="src_V_dest_V"/></StgValue>
</bind>
</comp>

<comp id="14" class="1000" name="dst_V_V">
<pin_list>
<pin id="15" dir="1" index="0" bw="1" slack="0"/>
</pin_list>
<bind>
<StgValue><ssdm name="dst_V_V"/></StgValue>
</bind>
</comp>

<comp id="16" class="1000" name="dst_valid">
<pin_list>
<pin id="17" dir="1" index="0" bw="1" slack="0"/>
</pin_list>
<bind>
<StgValue><ssdm name="dst_valid"/></StgValue>
</bind>
</comp>

<comp id="18" class="1000" name="sof_sig">
<pin_list>
<pin id="19" dir="1" index="0" bw="1" slack="0"/>
</pin_list>
<bind>
<StgValue><ssdm name="sof_sig"/></StgValue>
</bind>
</comp>

<comp id="20" class="1000" name="cur_range">
<pin_list>
<pin id="21" dir="1" index="0" bw="1" slack="0"/>
</pin_list>
<bind>
<StgValue><ssdm name="cur_range"/></StgValue>
</bind>
</comp>

<comp id="22" class="1000" name="cur_trans">
<pin_list>
<pin id="23" dir="1" index="0" bw="1" slack="0"/>
</pin_list>
<bind>
<StgValue><ssdm name="cur_trans"/></StgValue>
</bind>
</comp>

<comp id="24" class="1000" name="buff_in">
<pin_list>
<pin id="25" dir="1" index="0" bw="1" slack="0"/>
</pin_list>
<bind>
<StgValue><ssdm name="buff_in"/></StgValue>
</bind>
</comp>

<comp id="26" class="1000" name="linebuffer1b_V_0">
<pin_list>
<pin id="27" dir="1" index="0" bw="1" slack="0"/>
</pin_list>
<bind>
<StgValue><ssdm name="linebuffer1b_V_0"/></StgValue>
</bind>
</comp>

<comp id="28" class="1000" name="linebuffer1b_V_1">
<pin_list>
<pin id="29" dir="1" index="0" bw="1" slack="0"/>
</pin_list>
<bind>
<StgValue><ssdm name="linebuffer1b_V_1"/></StgValue>
</bind>
</comp>

<comp id="30" class="1000" name="linebuffer1b_V_2">
<pin_list>
<pin id="31" dir="1" index="0" bw="1" slack="0"/>
</pin_list>
<bind>
<StgValue><ssdm name="linebuffer1b_V_2"/></StgValue>
</bind>
</comp>

<comp id="32" class="1000" name="linebuffer1b_V_3">
<pin_list>
<pin id="33" dir="1" index="0" bw="1" slack="0"/>
</pin_list>
<bind>
<StgValue><ssdm name="linebuffer1b_V_3"/></StgValue>
</bind>
</comp>

<comp id="34" class="1000" name="linebuffer1b_V_4">
<pin_list>
<pin id="35" dir="1" index="0" bw="1" slack="0"/>
</pin_list>
<bind>
<StgValue><ssdm name="linebuffer1b_V_4"/></StgValue>
</bind>
</comp>

<comp id="36" class="1000" name="linebuffer1b_V_5">
<pin_list>
<pin id="37" dir="1" index="0" bw="1" slack="0"/>
</pin_list>
<bind>
<StgValue><ssdm name="linebuffer1b_V_5"/></StgValue>
</bind>
</comp>

<comp id="38" class="1000" name="linebuffer1b_V_6">
<pin_list>
<pin id="39" dir="1" index="0" bw="1" slack="0"/>
</pin_list>
<bind>
<StgValue><ssdm name="linebuffer1b_V_6"/></StgValue>
</bind>
</comp>

<comp id="40" class="1000" name="linebuffer1b_V_7">
<pin_list>
<pin id="41" dir="1" index="0" bw="1" slack="0"/>
</pin_list>
<bind>
<StgValue><ssdm name="linebuffer1b_V_7"/></StgValue>
</bind>
</comp>

<comp id="42" class="1000" name="linebuffer1b_V_8">
<pin_list>
<pin id="43" dir="1" index="0" bw="1" slack="0"/>
</pin_list>
<bind>
<StgValue><ssdm name="linebuffer1b_V_8"/></StgValue>
</bind>
</comp>

<comp id="44" class="1000" name="linebuffer1b_V_9">
<pin_list>
<pin id="45" dir="1" index="0" bw="1" slack="0"/>
</pin_list>
<bind>
<StgValue><ssdm name="linebuffer1b_V_9"/></StgValue>
</bind>
</comp>

<comp id="46" class="1000" name="linebuffer1b_V_10">
<pin_list>
<pin id="47" dir="1" index="0" bw="1" slack="0"/>
</pin_list>
<bind>
<StgValue><ssdm name="linebuffer1b_V_10"/></StgValue>
</bind>
</comp>

<comp id="48" class="1000" name="linebuffer1b_V_11">
<pin_list>
<pin id="49" dir="1" index="0" bw="1" slack="0"/>
</pin_list>
<bind>
<StgValue><ssdm name="linebuffer1b_V_11"/></StgValue>
</bind>
</comp>

<comp id="50" class="1000" name="linebuffer1b_V_12">
<pin_list>
<pin id="51" dir="1" index="0" bw="1" slack="0"/>
</pin_list>
<bind>
<StgValue><ssdm name="linebuffer1b_V_12"/></StgValue>
</bind>
</comp>

<comp id="52" class="1000" name="linebuffer1b_V_13">
<pin_list>
<pin id="53" dir="1" index="0" bw="1" slack="0"/>
</pin_list>
<bind>
<StgValue><ssdm name="linebuffer1b_V_13"/></StgValue>
</bind>
</comp>

<comp id="54" class="1000" name="linebuffer1b_V_14">
<pin_list>
<pin id="55" dir="1" index="0" bw="1" slack="0"/>
</pin_list>
<bind>
<StgValue><ssdm name="linebuffer1b_V_14"/></StgValue>
</bind>
</comp>

<comp id="56" class="1000" name="linebuffer1b_V_15">
<pin_list>
<pin id="57" dir="1" index="0" bw="1" slack="0"/>
</pin_list>
<bind>
<StgValue><ssdm name="linebuffer1b_V_15"/></StgValue>
</bind>
</comp>

<comp id="58" class="1000" name="linebuffer1b_V_16">
<pin_list>
<pin id="59" dir="1" index="0" bw="1" slack="0"/>
</pin_list>
<bind>
<StgValue><ssdm name="linebuffer1b_V_16"/></StgValue>
</bind>
</comp>

<comp id="60" class="1000" name="linebuffer1b_V_17">
<pin_list>
<pin id="61" dir="1" index="0" bw="1" slack="0"/>
</pin_list>
<bind>
<StgValue><ssdm name="linebuffer1b_V_17"/></StgValue>
</bind>
</comp>

<comp id="62" class="1000" name="linebuffer1b_V_18">
<pin_list>
<pin id="63" dir="1" index="0" bw="1" slack="0"/>
</pin_list>
<bind>
<StgValue><ssdm name="linebuffer1b_V_18"/></StgValue>
</bind>
</comp>

<comp id="64" class="1000" name="linebuffer1b_V_19">
<pin_list>
<pin id="65" dir="1" index="0" bw="1" slack="0"/>
</pin_list>
<bind>
<StgValue><ssdm name="linebuffer1b_V_19"/></StgValue>
</bind>
</comp>

<comp id="66" class="1000" name="linebuffer1b_V_20">
<pin_list>
<pin id="67" dir="1" index="0" bw="1" slack="0"/>
</pin_list>
<bind>
<StgValue><ssdm name="linebuffer1b_V_20"/></StgValue>
</bind>
</comp>

<comp id="68" class="1000" name="linebuffer1b_V_21">
<pin_list>
<pin id="69" dir="1" index="0" bw="1" slack="0"/>
</pin_list>
<bind>
<StgValue><ssdm name="linebuffer1b_V_21"/></StgValue>
</bind>
</comp>

<comp id="70" class="1000" name="linebuffer1b_V_22">
<pin_list>
<pin id="71" dir="1" index="0" bw="1" slack="0"/>
</pin_list>
<bind>
<StgValue><ssdm name="linebuffer1b_V_22"/></StgValue>
</bind>
</comp>

<comp id="72" class="1000" name="linebuffer1b_V_23">
<pin_list>
<pin id="73" dir="1" index="0" bw="1" slack="0"/>
</pin_list>
<bind>
<StgValue><ssdm name="linebuffer1b_V_23"/></StgValue>
</bind>
</comp>

<comp id="74" class="1000" name="linebuffer1b_V_24">
<pin_list>
<pin id="75" dir="1" index="0" bw="1" slack="0"/>
</pin_list>
<bind>
<StgValue><ssdm name="linebuffer1b_V_24"/></StgValue>
</bind>
</comp>

<comp id="76" class="1000" name="linebuffer1b_V_25">
<pin_list>
<pin id="77" dir="1" index="0" bw="1" slack="0"/>
</pin_list>
<bind>
<StgValue><ssdm name="linebuffer1b_V_25"/></StgValue>
</bind>
</comp>

<comp id="78" class="1000" name="linebuffer1b_V_26">
<pin_list>
<pin id="79" dir="1" index="0" bw="1" slack="0"/>
</pin_list>
<bind>
<StgValue><ssdm name="linebuffer1b_V_26"/></StgValue>
</bind>
</comp>

<comp id="80" class="1000" name="linebuffer1b_V_27">
<pin_list>
<pin id="81" dir="1" index="0" bw="1" slack="0"/>
</pin_list>
<bind>
<StgValue><ssdm name="linebuffer1b_V_27"/></StgValue>
</bind>
</comp>

<comp id="82" class="1000" name="linebuffer1b_V_28">
<pin_list>
<pin id="83" dir="1" index="0" bw="1" slack="0"/>
</pin_list>
<bind>
<StgValue><ssdm name="linebuffer1b_V_28"/></StgValue>
</bind>
</comp>

<comp id="84" class="1000" name="linebuffer1b_V_29">
<pin_list>
<pin id="85" dir="1" index="0" bw="1" slack="0"/>
</pin_list>
<bind>
<StgValue><ssdm name="linebuffer1b_V_29"/></StgValue>
</bind>
</comp>

<comp id="86" class="1000" name="linebuffer1b_V_30">
<pin_list>
<pin id="87" dir="1" index="0" bw="1" slack="0"/>
</pin_list>
<bind>
<StgValue><ssdm name="linebuffer1b_V_30"/></StgValue>
</bind>
</comp>

<comp id="88" class="1000" name="linebuffer1b_V_31">
<pin_list>
<pin id="89" dir="1" index="0" bw="1" slack="0"/>
</pin_list>
<bind>
<StgValue><ssdm name="linebuffer1b_V_31"/></StgValue>
</bind>
</comp>

<comp id="90" class="1000" name="linebuffer1b_V_32">
<pin_list>
<pin id="91" dir="1" index="0" bw="1" slack="0"/>
</pin_list>
<bind>
<StgValue><ssdm name="linebuffer1b_V_32"/></StgValue>
</bind>
</comp>

<comp id="92" class="1000" name="linebuffer1b_V_33">
<pin_list>
<pin id="93" dir="1" index="0" bw="1" slack="0"/>
</pin_list>
<bind>
<StgValue><ssdm name="linebuffer1b_V_33"/></StgValue>
</bind>
</comp>

<comp id="94" class="1000" name="linebuffer1b_V_34">
<pin_list>
<pin id="95" dir="1" index="0" bw="1" slack="0"/>
</pin_list>
<bind>
<StgValue><ssdm name="linebuffer1b_V_34"/></StgValue>
</bind>
</comp>

<comp id="96" class="1000" name="linebuffer1b_V_35">
<pin_list>
<pin id="97" dir="1" index="0" bw="1" slack="0"/>
</pin_list>
<bind>
<StgValue><ssdm name="linebuffer1b_V_35"/></StgValue>
</bind>
</comp>

<comp id="98" class="1000" name="linebuffer1b_V_36">
<pin_list>
<pin id="99" dir="1" index="0" bw="1" slack="0"/>
</pin_list>
<bind>
<StgValue><ssdm name="linebuffer1b_V_36"/></StgValue>
</bind>
</comp>

<comp id="100" class="1000" name="linebuffer1b_V_37">
<pin_list>
<pin id="101" dir="1" index="0" bw="1" slack="0"/>
</pin_list>
<bind>
<StgValue><ssdm name="linebuffer1b_V_37"/></StgValue>
</bind>
</comp>

<comp id="102" class="1000" name="linebuffer1b_V_38">
<pin_list>
<pin id="103" dir="1" index="0" bw="1" slack="0"/>
</pin_list>
<bind>
<StgValue><ssdm name="linebuffer1b_V_38"/></StgValue>
</bind>
</comp>

<comp id="104" class="1000" name="linebuffer1b_V_39">
<pin_list>
<pin id="105" dir="1" index="0" bw="1" slack="0"/>
</pin_list>
<bind>
<StgValue><ssdm name="linebuffer1b_V_39"/></StgValue>
</bind>
</comp>

<comp id="106" class="1000" name="linebuffer1b_V_40">
<pin_list>
<pin id="107" dir="1" index="0" bw="1" slack="0"/>
</pin_list>
<bind>
<StgValue><ssdm name="linebuffer1b_V_40"/></StgValue>
</bind>
</comp>

<comp id="108" class="1000" name="linebuffer1b_V_41">
<pin_list>
<pin id="109" dir="1" index="0" bw="1" slack="0"/>
</pin_list>
<bind>
<StgValue><ssdm name="linebuffer1b_V_41"/></StgValue>
</bind>
</comp>

<comp id="110" class="1000" name="linebuffer1b_V_42">
<pin_list>
<pin id="111" dir="1" index="0" bw="1" slack="0"/>
</pin_list>
<bind>
<StgValue><ssdm name="linebuffer1b_V_42"/></StgValue>
</bind>
</comp>

<comp id="112" class="1000" name="linebuffer1b_V_43">
<pin_list>
<pin id="113" dir="1" index="0" bw="1" slack="0"/>
</pin_list>
<bind>
<StgValue><ssdm name="linebuffer1b_V_43"/></StgValue>
</bind>
</comp>

<comp id="114" class="1000" name="linebuffer1b_V_44">
<pin_list>
<pin id="115" dir="1" index="0" bw="1" slack="0"/>
</pin_list>
<bind>
<StgValue><ssdm name="linebuffer1b_V_44"/></StgValue>
</bind>
</comp>

<comp id="116" class="1000" name="linebuffer1b_V_45">
<pin_list>
<pin id="117" dir="1" index="0" bw="1" slack="0"/>
</pin_list>
<bind>
<StgValue><ssdm name="linebuffer1b_V_45"/></StgValue>
</bind>
</comp>

<comp id="118" class="1000" name="linebuffer1b_V_46">
<pin_list>
<pin id="119" dir="1" index="0" bw="1" slack="0"/>
</pin_list>
<bind>
<StgValue><ssdm name="linebuffer1b_V_46"/></StgValue>
</bind>
</comp>

<comp id="120" class="1000" name="linebuffer1b_V_47">
<pin_list>
<pin id="121" dir="1" index="0" bw="1" slack="0"/>
</pin_list>
<bind>
<StgValue><ssdm name="linebuffer1b_V_47"/></StgValue>
</bind>
</comp>

<comp id="122" class="1000" name="linebuffer1b_V_48">
<pin_list>
<pin id="123" dir="1" index="0" bw="1" slack="0"/>
</pin_list>
<bind>
<StgValue><ssdm name="linebuffer1b_V_48"/></StgValue>
</bind>
</comp>

<comp id="124" class="1000" name="linebuffer1b_V_49">
<pin_list>
<pin id="125" dir="1" index="0" bw="1" slack="0"/>
</pin_list>
<bind>
<StgValue><ssdm name="linebuffer1b_V_49"/></StgValue>
</bind>
</comp>

<comp id="126" class="1000" name="linebuffer1b_V_50">
<pin_list>
<pin id="127" dir="1" index="0" bw="1" slack="0"/>
</pin_list>
<bind>
<StgValue><ssdm name="linebuffer1b_V_50"/></StgValue>
</bind>
</comp>

<comp id="128" class="1000" name="linebuffer1b_V_51">
<pin_list>
<pin id="129" dir="1" index="0" bw="1" slack="0"/>
</pin_list>
<bind>
<StgValue><ssdm name="linebuffer1b_V_51"/></StgValue>
</bind>
</comp>

<comp id="130" class="1000" name="linebuffer1b_V_52">
<pin_list>
<pin id="131" dir="1" index="0" bw="1" slack="0"/>
</pin_list>
<bind>
<StgValue><ssdm name="linebuffer1b_V_52"/></StgValue>
</bind>
</comp>

<comp id="132" class="1000" name="linebuffer1b_V_53">
<pin_list>
<pin id="133" dir="1" index="0" bw="1" slack="0"/>
</pin_list>
<bind>
<StgValue><ssdm name="linebuffer1b_V_53"/></StgValue>
</bind>
</comp>

<comp id="134" class="1000" name="linebuffer1b_V_54">
<pin_list>
<pin id="135" dir="1" index="0" bw="1" slack="0"/>
</pin_list>
<bind>
<StgValue><ssdm name="linebuffer1b_V_54"/></StgValue>
</bind>
</comp>

<comp id="136" class="1000" name="linebuffer1b_V_55">
<pin_list>
<pin id="137" dir="1" index="0" bw="1" slack="0"/>
</pin_list>
<bind>
<StgValue><ssdm name="linebuffer1b_V_55"/></StgValue>
</bind>
</comp>

<comp id="138" class="1000" name="linebuffer1b_V_56">
<pin_list>
<pin id="139" dir="1" index="0" bw="1" slack="0"/>
</pin_list>
<bind>
<StgValue><ssdm name="linebuffer1b_V_56"/></StgValue>
</bind>
</comp>

<comp id="140" class="1000" name="linebuffer1b_V_57">
<pin_list>
<pin id="141" dir="1" index="0" bw="1" slack="0"/>
</pin_list>
<bind>
<StgValue><ssdm name="linebuffer1b_V_57"/></StgValue>
</bind>
</comp>

<comp id="142" class="1000" name="linebuffer1b_V_58">
<pin_list>
<pin id="143" dir="1" index="0" bw="1" slack="0"/>
</pin_list>
<bind>
<StgValue><ssdm name="linebuffer1b_V_58"/></StgValue>
</bind>
</comp>

<comp id="144" class="1000" name="linebuffer1b_V_59">
<pin_list>
<pin id="145" dir="1" index="0" bw="1" slack="0"/>
</pin_list>
<bind>
<StgValue><ssdm name="linebuffer1b_V_59"/></StgValue>
</bind>
</comp>

<comp id="146" class="1000" name="linebuffer2b_V_0">
<pin_list>
<pin id="147" dir="1" index="0" bw="1" slack="0"/>
</pin_list>
<bind>
<StgValue><ssdm name="linebuffer2b_V_0"/></StgValue>
</bind>
</comp>

<comp id="148" class="1000" name="linebuffer2b_V_1">
<pin_list>
<pin id="149" dir="1" index="0" bw="1" slack="0"/>
</pin_list>
<bind>
<StgValue><ssdm name="linebuffer2b_V_1"/></StgValue>
</bind>
</comp>

<comp id="150" class="1000" name="linebuffer2b_V_2">
<pin_list>
<pin id="151" dir="1" index="0" bw="1" slack="0"/>
</pin_list>
<bind>
<StgValue><ssdm name="linebuffer2b_V_2"/></StgValue>
</bind>
</comp>

<comp id="152" class="1000" name="linebuffer2b_V_3">
<pin_list>
<pin id="153" dir="1" index="0" bw="1" slack="0"/>
</pin_list>
<bind>
<StgValue><ssdm name="linebuffer2b_V_3"/></StgValue>
</bind>
</comp>

<comp id="154" class="1000" name="linebuffer2b_V_4">
<pin_list>
<pin id="155" dir="1" index="0" bw="1" slack="0"/>
</pin_list>
<bind>
<StgValue><ssdm name="linebuffer2b_V_4"/></StgValue>
</bind>
</comp>

<comp id="156" class="1000" name="linebuffer2b_V_5">
<pin_list>
<pin id="157" dir="1" index="0" bw="1" slack="0"/>
</pin_list>
<bind>
<StgValue><ssdm name="linebuffer2b_V_5"/></StgValue>
</bind>
</comp>

<comp id="158" class="1000" name="linebuffer2b_V_6">
<pin_list>
<pin id="159" dir="1" index="0" bw="1" slack="0"/>
</pin_list>
<bind>
<StgValue><ssdm name="linebuffer2b_V_6"/></StgValue>
</bind>
</comp>

<comp id="160" class="1000" name="linebuffer2b_V_7">
<pin_list>
<pin id="161" dir="1" index="0" bw="1" slack="0"/>
</pin_list>
<bind>
<StgValue><ssdm name="linebuffer2b_V_7"/></StgValue>
</bind>
</comp>

<comp id="162" class="1000" name="linebuffer2b_V_8">
<pin_list>
<pin id="163" dir="1" index="0" bw="1" slack="0"/>
</pin_list>
<bind>
<StgValue><ssdm name="linebuffer2b_V_8"/></StgValue>
</bind>
</comp>

<comp id="164" class="1000" name="linebuffer2b_V_9">
<pin_list>
<pin id="165" dir="1" index="0" bw="1" slack="0"/>
</pin_list>
<bind>
<StgValue><ssdm name="linebuffer2b_V_9"/></StgValue>
</bind>
</comp>

<comp id="166" class="1000" name="linebuffer2b_V_10">
<pin_list>
<pin id="167" dir="1" index="0" bw="1" slack="0"/>
</pin_list>
<bind>
<StgValue><ssdm name="linebuffer2b_V_10"/></StgValue>
</bind>
</comp>

<comp id="168" class="1000" name="linebuffer2b_V_11">
<pin_list>
<pin id="169" dir="1" index="0" bw="1" slack="0"/>
</pin_list>
<bind>
<StgValue><ssdm name="linebuffer2b_V_11"/></StgValue>
</bind>
</comp>

<comp id="170" class="1000" name="linebuffer2b_V_12">
<pin_list>
<pin id="171" dir="1" index="0" bw="1" slack="0"/>
</pin_list>
<bind>
<StgValue><ssdm name="linebuffer2b_V_12"/></StgValue>
</bind>
</comp>

<comp id="172" class="1000" name="linebuffer2b_V_13">
<pin_list>
<pin id="173" dir="1" index="0" bw="1" slack="0"/>
</pin_list>
<bind>
<StgValue><ssdm name="linebuffer2b_V_13"/></StgValue>
</bind>
</comp>

<comp id="174" class="1000" name="linebuffer2b_V_14">
<pin_list>
<pin id="175" dir="1" index="0" bw="1" slack="0"/>
</pin_list>
<bind>
<StgValue><ssdm name="linebuffer2b_V_14"/></StgValue>
</bind>
</comp>

<comp id="176" class="1000" name="linebuffer2b_V_15">
<pin_list>
<pin id="177" dir="1" index="0" bw="1" slack="0"/>
</pin_list>
<bind>
<StgValue><ssdm name="linebuffer2b_V_15"/></StgValue>
</bind>
</comp>

<comp id="178" class="1000" name="linebuffer2b_V_16">
<pin_list>
<pin id="179" dir="1" index="0" bw="1" slack="0"/>
</pin_list>
<bind>
<StgValue><ssdm name="linebuffer2b_V_16"/></StgValue>
</bind>
</comp>

<comp id="180" class="1000" name="linebuffer2b_V_17">
<pin_list>
<pin id="181" dir="1" index="0" bw="1" slack="0"/>
</pin_list>
<bind>
<StgValue><ssdm name="linebuffer2b_V_17"/></StgValue>
</bind>
</comp>

<comp id="182" class="1000" name="linebuffer2b_V_18">
<pin_list>
<pin id="183" dir="1" index="0" bw="1" slack="0"/>
</pin_list>
<bind>
<StgValue><ssdm name="linebuffer2b_V_18"/></StgValue>
</bind>
</comp>

<comp id="184" class="1000" name="linebuffer2b_V_19">
<pin_list>
<pin id="185" dir="1" index="0" bw="1" slack="0"/>
</pin_list>
<bind>
<StgValue><ssdm name="linebuffer2b_V_19"/></StgValue>
</bind>
</comp>

<comp id="186" class="1000" name="linebuffer2b_V_20">
<pin_list>
<pin id="187" dir="1" index="0" bw="1" slack="0"/>
</pin_list>
<bind>
<StgValue><ssdm name="linebuffer2b_V_20"/></StgValue>
</bind>
</comp>

<comp id="188" class="1000" name="linebuffer2b_V_21">
<pin_list>
<pin id="189" dir="1" index="0" bw="1" slack="0"/>
</pin_list>
<bind>
<StgValue><ssdm name="linebuffer2b_V_21"/></StgValue>
</bind>
</comp>

<comp id="190" class="1000" name="linebuffer2b_V_22">
<pin_list>
<pin id="191" dir="1" index="0" bw="1" slack="0"/>
</pin_list>
<bind>
<StgValue><ssdm name="linebuffer2b_V_22"/></StgValue>
</bind>
</comp>

<comp id="192" class="1000" name="linebuffer2b_V_23">
<pin_list>
<pin id="193" dir="1" index="0" bw="1" slack="0"/>
</pin_list>
<bind>
<StgValue><ssdm name="linebuffer2b_V_23"/></StgValue>
</bind>
</comp>

<comp id="194" class="1000" name="linebuffer2b_V_24">
<pin_list>
<pin id="195" dir="1" index="0" bw="1" slack="0"/>
</pin_list>
<bind>
<StgValue><ssdm name="linebuffer2b_V_24"/></StgValue>
</bind>
</comp>

<comp id="196" class="1000" name="linebuffer2b_V_25">
<pin_list>
<pin id="197" dir="1" index="0" bw="1" slack="0"/>
</pin_list>
<bind>
<StgValue><ssdm name="linebuffer2b_V_25"/></StgValue>
</bind>
</comp>

<comp id="198" class="1000" name="linebuffer2b_V_26">
<pin_list>
<pin id="199" dir="1" index="0" bw="1" slack="0"/>
</pin_list>
<bind>
<StgValue><ssdm name="linebuffer2b_V_26"/></StgValue>
</bind>
</comp>

<comp id="200" class="1000" name="linebuffer2b_V_27">
<pin_list>
<pin id="201" dir="1" index="0" bw="1" slack="0"/>
</pin_list>
<bind>
<StgValue><ssdm name="linebuffer2b_V_27"/></StgValue>
</bind>
</comp>

<comp id="202" class="1000" name="linebuffer2b_V_28">
<pin_list>
<pin id="203" dir="1" index="0" bw="1" slack="0"/>
</pin_list>
<bind>
<StgValue><ssdm name="linebuffer2b_V_28"/></StgValue>
</bind>
</comp>

<comp id="204" class="1000" name="linebuffer2b_V_29">
<pin_list>
<pin id="205" dir="1" index="0" bw="1" slack="0"/>
</pin_list>
<bind>
<StgValue><ssdm name="linebuffer2b_V_29"/></StgValue>
</bind>
</comp>

<comp id="206" class="1000" name="linebuffer2b_V_30">
<pin_list>
<pin id="207" dir="1" index="0" bw="1" slack="0"/>
</pin_list>
<bind>
<StgValue><ssdm name="linebuffer2b_V_30"/></StgValue>
</bind>
</comp>

<comp id="208" class="1000" name="linebuffer2b_V_31">
<pin_list>
<pin id="209" dir="1" index="0" bw="1" slack="0"/>
</pin_list>
<bind>
<StgValue><ssdm name="linebuffer2b_V_31"/></StgValue>
</bind>
</comp>

<comp id="210" class="1000" name="linebuffer2b_V_32">
<pin_list>
<pin id="211" dir="1" index="0" bw="1" slack="0"/>
</pin_list>
<bind>
<StgValue><ssdm name="linebuffer2b_V_32"/></StgValue>
</bind>
</comp>

<comp id="212" class="1000" name="linebuffer2b_V_33">
<pin_list>
<pin id="213" dir="1" index="0" bw="1" slack="0"/>
</pin_list>
<bind>
<StgValue><ssdm name="linebuffer2b_V_33"/></StgValue>
</bind>
</comp>

<comp id="214" class="1000" name="linebuffer2b_V_34">
<pin_list>
<pin id="215" dir="1" index="0" bw="1" slack="0"/>
</pin_list>
<bind>
<StgValue><ssdm name="linebuffer2b_V_34"/></StgValue>
</bind>
</comp>

<comp id="216" class="1000" name="linebuffer2b_V_35">
<pin_list>
<pin id="217" dir="1" index="0" bw="1" slack="0"/>
</pin_list>
<bind>
<StgValue><ssdm name="linebuffer2b_V_35"/></StgValue>
</bind>
</comp>

<comp id="218" class="1000" name="linebuffer2b_V_36">
<pin_list>
<pin id="219" dir="1" index="0" bw="1" slack="0"/>
</pin_list>
<bind>
<StgValue><ssdm name="linebuffer2b_V_36"/></StgValue>
</bind>
</comp>

<comp id="220" class="1000" name="linebuffer2b_V_37">
<pin_list>
<pin id="221" dir="1" index="0" bw="1" slack="0"/>
</pin_list>
<bind>
<StgValue><ssdm name="linebuffer2b_V_37"/></StgValue>
</bind>
</comp>

<comp id="222" class="1000" name="linebuffer2b_V_38">
<pin_list>
<pin id="223" dir="1" index="0" bw="1" slack="0"/>
</pin_list>
<bind>
<StgValue><ssdm name="linebuffer2b_V_38"/></StgValue>
</bind>
</comp>

<comp id="224" class="1000" name="linebuffer2b_V_39">
<pin_list>
<pin id="225" dir="1" index="0" bw="1" slack="0"/>
</pin_list>
<bind>
<StgValue><ssdm name="linebuffer2b_V_39"/></StgValue>
</bind>
</comp>

<comp id="226" class="1000" name="linebuffer2b_V_40">
<pin_list>
<pin id="227" dir="1" index="0" bw="1" slack="0"/>
</pin_list>
<bind>
<StgValue><ssdm name="linebuffer2b_V_40"/></StgValue>
</bind>
</comp>

<comp id="228" class="1000" name="linebuffer2b_V_41">
<pin_list>
<pin id="229" dir="1" index="0" bw="1" slack="0"/>
</pin_list>
<bind>
<StgValue><ssdm name="linebuffer2b_V_41"/></StgValue>
</bind>
</comp>

<comp id="230" class="1000" name="linebuffer2b_V_42">
<pin_list>
<pin id="231" dir="1" index="0" bw="1" slack="0"/>
</pin_list>
<bind>
<StgValue><ssdm name="linebuffer2b_V_42"/></StgValue>
</bind>
</comp>

<comp id="232" class="1000" name="linebuffer2b_V_43">
<pin_list>
<pin id="233" dir="1" index="0" bw="1" slack="0"/>
</pin_list>
<bind>
<StgValue><ssdm name="linebuffer2b_V_43"/></StgValue>
</bind>
</comp>

<comp id="234" class="1000" name="linebuffer2b_V_44">
<pin_list>
<pin id="235" dir="1" index="0" bw="1" slack="0"/>
</pin_list>
<bind>
<StgValue><ssdm name="linebuffer2b_V_44"/></StgValue>
</bind>
</comp>

<comp id="236" class="1000" name="linebuffer2b_V_45">
<pin_list>
<pin id="237" dir="1" index="0" bw="1" slack="0"/>
</pin_list>
<bind>
<StgValue><ssdm name="linebuffer2b_V_45"/></StgValue>
</bind>
</comp>

<comp id="238" class="1000" name="linebuffer2b_V_46">
<pin_list>
<pin id="239" dir="1" index="0" bw="1" slack="0"/>
</pin_list>
<bind>
<StgValue><ssdm name="linebuffer2b_V_46"/></StgValue>
</bind>
</comp>

<comp id="240" class="1000" name="linebuffer2b_V_47">
<pin_list>
<pin id="241" dir="1" index="0" bw="1" slack="0"/>
</pin_list>
<bind>
<StgValue><ssdm name="linebuffer2b_V_47"/></StgValue>
</bind>
</comp>

<comp id="242" class="1000" name="linebuffer2b_V_48">
<pin_list>
<pin id="243" dir="1" index="0" bw="1" slack="0"/>
</pin_list>
<bind>
<StgValue><ssdm name="linebuffer2b_V_48"/></StgValue>
</bind>
</comp>

<comp id="244" class="1000" name="linebuffer2b_V_49">
<pin_list>
<pin id="245" dir="1" index="0" bw="1" slack="0"/>
</pin_list>
<bind>
<StgValue><ssdm name="linebuffer2b_V_49"/></StgValue>
</bind>
</comp>

<comp id="246" class="1000" name="linebuffer2b_V_50">
<pin_list>
<pin id="247" dir="1" index="0" bw="1" slack="0"/>
</pin_list>
<bind>
<StgValue><ssdm name="linebuffer2b_V_50"/></StgValue>
</bind>
</comp>

<comp id="248" class="1000" name="linebuffer2b_V_51">
<pin_list>
<pin id="249" dir="1" index="0" bw="1" slack="0"/>
</pin_list>
<bind>
<StgValue><ssdm name="linebuffer2b_V_51"/></StgValue>
</bind>
</comp>

<comp id="250" class="1000" name="linebuffer2b_V_52">
<pin_list>
<pin id="251" dir="1" index="0" bw="1" slack="0"/>
</pin_list>
<bind>
<StgValue><ssdm name="linebuffer2b_V_52"/></StgValue>
</bind>
</comp>

<comp id="252" class="1000" name="linebuffer2b_V_53">
<pin_list>
<pin id="253" dir="1" index="0" bw="1" slack="0"/>
</pin_list>
<bind>
<StgValue><ssdm name="linebuffer2b_V_53"/></StgValue>
</bind>
</comp>

<comp id="254" class="1000" name="linebuffer2b_V_54">
<pin_list>
<pin id="255" dir="1" index="0" bw="1" slack="0"/>
</pin_list>
<bind>
<StgValue><ssdm name="linebuffer2b_V_54"/></StgValue>
</bind>
</comp>

<comp id="256" class="1000" name="linebuffer2b_V_55">
<pin_list>
<pin id="257" dir="1" index="0" bw="1" slack="0"/>
</pin_list>
<bind>
<StgValue><ssdm name="linebuffer2b_V_55"/></StgValue>
</bind>
</comp>

<comp id="258" class="1000" name="linebuffer2b_V_56">
<pin_list>
<pin id="259" dir="1" index="0" bw="1" slack="0"/>
</pin_list>
<bind>
<StgValue><ssdm name="linebuffer2b_V_56"/></StgValue>
</bind>
</comp>

<comp id="260" class="1000" name="linebuffer2b_V_57">
<pin_list>
<pin id="261" dir="1" index="0" bw="1" slack="0"/>
</pin_list>
<bind>
<StgValue><ssdm name="linebuffer2b_V_57"/></StgValue>
</bind>
</comp>

<comp id="262" class="1000" name="linebuffer2b_V_58">
<pin_list>
<pin id="263" dir="1" index="0" bw="1" slack="0"/>
</pin_list>
<bind>
<StgValue><ssdm name="linebuffer2b_V_58"/></StgValue>
</bind>
</comp>

<comp id="264" class="1000" name="linebuffer2b_V_59">
<pin_list>
<pin id="265" dir="1" index="0" bw="1" slack="0"/>
</pin_list>
<bind>
<StgValue><ssdm name="linebuffer2b_V_59"/></StgValue>
</bind>
</comp>

<comp id="266" class="1000" name="buff_full1">
<pin_list>
<pin id="267" dir="1" index="0" bw="1" slack="0"/>
</pin_list>
<bind>
<StgValue><ssdm name="buff_full1"/></StgValue>
</bind>
</comp>

<comp id="268" class="1000" name="nb_eol">
<pin_list>
<pin id="269" dir="1" index="0" bw="1" slack="0"/>
</pin_list>
<bind>
<StgValue><ssdm name="nb_eol"/></StgValue>
</bind>
</comp>

<comp id="270" class="1000" name="buff_full2">
<pin_list>
<pin id="271" dir="1" index="0" bw="1" slack="0"/>
</pin_list>
<bind>
<StgValue><ssdm name="buff_full2"/></StgValue>
</bind>
</comp>

<comp id="272" class="1001" name="const_272">
<pin_list>
<pin id="273" dir="1" index="0" bw="1" slack="0"/>
</pin_list>
<bind>
<StgValue><ssdm name="hls_cropping_strm_Block__proc"/></StgValue>
</bind>
</comp>

<comp id="274" class="1001" name="const_274">
<pin_list>
<pin id="275" dir="1" index="0" bw="1" slack="2147483647"/>
</pin_list>
<bind>
<StgValue><ssdm name="_ssdm_op_SpecDataflowPipeline"/></StgValue>
</bind>
</comp>

<comp id="276" class="1001" name="const_276">
<pin_list>
<pin id="277" dir="1" index="0" bw="1" slack="2147483647"/>
</pin_list>
<bind>
<StgValue><ssdm name=""/></StgValue>
</bind>
</comp>

<comp id="278" class="1001" name="const_278">
<pin_list>
<pin id="279" dir="1" index="0" bw="1" slack="2147483647"/>
</pin_list>
<bind>
<StgValue><ssdm name="p_str1"/></StgValue>
</bind>
</comp>

<comp id="280" class="1001" name="const_280">
<pin_list>
<pin id="281" dir="1" index="0" bw="1" slack="2147483647"/>
</pin_list>
<bind>
<StgValue><ssdm name="_ssdm_op_SpecBitsMap"/></StgValue>
</bind>
</comp>

<comp id="282" class="1001" name="const_282">
<pin_list>
<pin id="283" dir="1" index="0" bw="1" slack="2147483647"/>
</pin_list>
<bind>
<StgValue><ssdm name="_ssdm_op_SpecTopModule"/></StgValue>
</bind>
</comp>

<comp id="284" class="1001" name="const_284">
<pin_list>
<pin id="285" dir="1" index="0" bw="1" slack="2147483647"/>
</pin_list>
<bind>
<StgValue><ssdm name="str"/></StgValue>
</bind>
</comp>

<comp id="286" class="1001" name="const_286">
<pin_list>
<pin id="287" dir="1" index="0" bw="1" slack="2147483647"/>
</pin_list>
<bind>
<StgValue><ssdm name="_ssdm_op_SpecInterface"/></StgValue>
</bind>
</comp>

<comp id="288" class="1001" name="const_288">
<pin_list>
<pin id="289" dir="1" index="0" bw="1" slack="2147483647"/>
</pin_list>
<bind>
<StgValue><ssdm name=""/></StgValue>
</bind>
</comp>

<comp id="290" class="1001" name="const_290">
<pin_list>
<pin id="291" dir="1" index="0" bw="1" slack="2147483647"/>
</pin_list>
<bind>
<StgValue><ssdm name="p_str6"/></StgValue>
</bind>
</comp>

<comp id="292" class="1001" name="const_292">
<pin_list>
<pin id="293" dir="1" index="0" bw="1" slack="2147483647"/>
</pin_list>
<bind>
<StgValue><ssdm name="p_str7"/></StgValue>
</bind>
</comp>

<comp id="295" class="1004" name="grp_hls_cropping_strm_Block_proc_fu_295">
<pin_list>
<pin id="296" dir="0" index="0" bw="0" slack="0"/>
<pin id="297" dir="0" index="1" bw="8" slack="0"/>
<pin id="298" dir="0" index="2" bw="1" slack="0"/>
<pin id="299" dir="0" index="3" bw="1" slack="0"/>
<pin id="300" dir="0" index="4" bw="1" slack="0"/>
<pin id="301" dir="0" index="5" bw="1" slack="0"/>
<pin id="302" dir="0" index="6" bw="1" slack="0"/>
<pin id="303" dir="0" index="7" bw="1" slack="0"/>
<pin id="304" dir="0" index="8" bw="16" slack="0"/>
<pin id="305" dir="0" index="9" bw="1" slack="0"/>
<pin id="306" dir="0" index="10" bw="1" slack="0"/>
<pin id="307" dir="0" index="11" bw="8" slack="0"/>
<pin id="308" dir="0" index="12" bw="16" slack="0"/>
<pin id="309" dir="0" index="13" bw="1" slack="0"/>
<pin id="310" dir="0" index="14" bw="16" slack="0"/>
<pin id="311" dir="0" index="15" bw="16" slack="0"/>
<pin id="312" dir="0" index="16" bw="16" slack="0"/>
<pin id="313" dir="0" index="17" bw="16" slack="0"/>
<pin id="314" dir="0" index="18" bw="16" slack="0"/>
<pin id="315" dir="0" index="19" bw="16" slack="0"/>
<pin id="316" dir="0" index="20" bw="16" slack="0"/>
<pin id="317" dir="0" index="21" bw="16" slack="0"/>
<pin id="318" dir="0" index="22" bw="16" slack="0"/>
<pin id="319" dir="0" index="23" bw="16" slack="0"/>
<pin id="320" dir="0" index="24" bw="16" slack="0"/>
<pin id="321" dir="0" index="25" bw="16" slack="0"/>
<pin id="322" dir="0" index="26" bw="16" slack="0"/>
<pin id="323" dir="0" index="27" bw="16" slack="0"/>
<pin id="324" dir="0" index="28" bw="16" slack="0"/>
<pin id="325" dir="0" index="29" bw="16" slack="0"/>
<pin id="326" dir="0" index="30" bw="16" slack="0"/>
<pin id="327" dir="0" index="31" bw="16" slack="0"/>
<pin id="328" dir="0" index="32" bw="16" slack="0"/>
<pin id="329" dir="0" index="33" bw="16" slack="0"/>
<pin id="330" dir="0" index="34" bw="16" slack="0"/>
<pin id="331" dir="0" index="35" bw="16" slack="0"/>
<pin id="332" dir="0" index="36" bw="16" slack="0"/>
<pin id="333" dir="0" index="37" bw="16" slack="0"/>
<pin id="334" dir="0" index="38" bw="16" slack="0"/>
<pin id="335" dir="0" index="39" bw="16" slack="0"/>
<pin id="336" dir="0" index="40" bw="16" slack="0"/>
<pin id="337" dir="0" index="41" bw="16" slack="0"/>
<pin id="338" dir="0" index="42" bw="16" slack="0"/>
<pin id="339" dir="0" index="43" bw="16" slack="0"/>
<pin id="340" dir="0" index="44" bw="16" slack="0"/>
<pin id="341" dir="0" index="45" bw="16" slack="0"/>
<pin id="342" dir="0" index="46" bw="16" slack="0"/>
<pin id="343" dir="0" index="47" bw="16" slack="0"/>
<pin id="344" dir="0" index="48" bw="16" slack="0"/>
<pin id="345" dir="0" index="49" bw="16" slack="0"/>
<pin id="346" dir="0" index="50" bw="16" slack="0"/>
<pin id="347" dir="0" index="51" bw="16" slack="0"/>
<pin id="348" dir="0" index="52" bw="16" slack="0"/>
<pin id="349" dir="0" index="53" bw="16" slack="0"/>
<pin id="350" dir="0" index="54" bw="16" slack="0"/>
<pin id="351" dir="0" index="55" bw="16" slack="0"/>
<pin id="352" dir="0" index="56" bw="16" slack="0"/>
<pin id="353" dir="0" index="57" bw="16" slack="0"/>
<pin id="354" dir="0" index="58" bw="16" slack="0"/>
<pin id="355" dir="0" index="59" bw="16" slack="0"/>
<pin id="356" dir="0" index="60" bw="16" slack="0"/>
<pin id="357" dir="0" index="61" bw="16" slack="0"/>
<pin id="358" dir="0" index="62" bw="16" slack="0"/>
<pin id="359" dir="0" index="63" bw="16" slack="0"/>
<pin id="360" dir="0" index="64" bw="16" slack="0"/>
<pin id="361" dir="0" index="65" bw="16" slack="0"/>
<pin id="362" dir="0" index="66" bw="16" slack="0"/>
<pin id="363" dir="0" index="67" bw="16" slack="0"/>
<pin id="364" dir="0" index="68" bw="16" slack="0"/>
<pin id="365" dir="0" index="69" bw="16" slack="0"/>
<pin id="366" dir="0" index="70" bw="16" slack="0"/>
<pin id="367" dir="0" index="71" bw="16" slack="0"/>
<pin id="368" dir="0" index="72" bw="16" slack="0"/>
<pin id="369" dir="0" index="73" bw="16" slack="0"/>
<pin id="370" dir="0" index="74" bw="16" slack="0"/>
<pin id="371" dir="0" index="75" bw="16" slack="0"/>
<pin id="372" dir="0" index="76" bw="16" slack="0"/>
<pin id="373" dir="0" index="77" bw="16" slack="0"/>
<pin id="374" dir="0" index="78" bw="16" slack="0"/>
<pin id="375" dir="0" index="79" bw="16" slack="0"/>
<pin id="376" dir="0" index="80" bw="16" slack="0"/>
<pin id="377" dir="0" index="81" bw="16" slack="0"/>
<pin id="378" dir="0" index="82" bw="16" slack="0"/>
<pin id="379" dir="0" index="83" bw="16" slack="0"/>
<pin id="380" dir="0" index="84" bw="16" slack="0"/>
<pin id="381" dir="0" index="85" bw="16" slack="0"/>
<pin id="382" dir="0" index="86" bw="16" slack="0"/>
<pin id="383" dir="0" index="87" bw="16" slack="0"/>
<pin id="384" dir="0" index="88" bw="16" slack="0"/>
<pin id="385" dir="0" index="89" bw="16" slack="0"/>
<pin id="386" dir="0" index="90" bw="16" slack="0"/>
<pin id="387" dir="0" index="91" bw="16" slack="0"/>
<pin id="388" dir="0" index="92" bw="16" slack="0"/>
<pin id="389" dir="0" index="93" bw="16" slack="0"/>
<pin id="390" dir="0" index="94" bw="16" slack="0"/>
<pin id="391" dir="0" index="95" bw="16" slack="0"/>
<pin id="392" dir="0" index="96" bw="16" slack="0"/>
<pin id="393" dir="0" index="97" bw="16" slack="0"/>
<pin id="394" dir="0" index="98" bw="16" slack="0"/>
<pin id="395" dir="0" index="99" bw="16" slack="0"/>
<pin id="396" dir="0" index="100" bw="16" slack="0"/>
<pin id="397" dir="0" index="101" bw="16" slack="0"/>
<pin id="398" dir="0" index="102" bw="16" slack="0"/>
<pin id="399" dir="0" index="103" bw="16" slack="0"/>
<pin id="400" dir="0" index="104" bw="16" slack="0"/>
<pin id="401" dir="0" index="105" bw="16" slack="0"/>
<pin id="402" dir="0" index="106" bw="16" slack="0"/>
<pin id="403" dir="0" index="107" bw="16" slack="0"/>
<pin id="404" dir="0" index="108" bw="16" slack="0"/>
<pin id="405" dir="0" index="109" bw="16" slack="0"/>
<pin id="406" dir="0" index="110" bw="16" slack="0"/>
<pin id="407" dir="0" index="111" bw="16" slack="0"/>
<pin id="408" dir="0" index="112" bw="16" slack="0"/>
<pin id="409" dir="0" index="113" bw="16" slack="0"/>
<pin id="410" dir="0" index="114" bw="16" slack="0"/>
<pin id="411" dir="0" index="115" bw="16" slack="0"/>
<pin id="412" dir="0" index="116" bw="16" slack="0"/>
<pin id="413" dir="0" index="117" bw="16" slack="0"/>
<pin id="414" dir="0" index="118" bw="16" slack="0"/>
<pin id="415" dir="0" index="119" bw="16" slack="0"/>
<pin id="416" dir="0" index="120" bw="16" slack="0"/>
<pin id="417" dir="0" index="121" bw="16" slack="0"/>
<pin id="418" dir="0" index="122" bw="16" slack="0"/>
<pin id="419" dir="0" index="123" bw="16" slack="0"/>
<pin id="420" dir="0" index="124" bw="16" slack="0"/>
<pin id="421" dir="0" index="125" bw="16" slack="0"/>
<pin id="422" dir="0" index="126" bw="16" slack="0"/>
<pin id="423" dir="0" index="127" bw="16" slack="0"/>
<pin id="424" dir="0" index="128" bw="16" slack="0"/>
<pin id="425" dir="0" index="129" bw="16" slack="0"/>
<pin id="426" dir="0" index="130" bw="16" slack="0"/>
<pin id="427" dir="0" index="131" bw="16" slack="0"/>
<pin id="428" dir="0" index="132" bw="16" slack="0"/>
<pin id="429" dir="0" index="133" bw="16" slack="0"/>
<pin id="430" dir="0" index="134" bw="1" slack="0"/>
<pin id="431" dir="0" index="135" bw="16" slack="0"/>
<pin id="432" dir="0" index="136" bw="1" slack="0"/>
<pin id="433" dir="1" index="137" bw="0" slack="2147483647"/>
</pin_list>
<bind>
<opcode="call(48) " fcode="call"/>
<opset="stg_3/1 "/>
</bind>
</comp>

</comp_list>

<net_list>
<net id="434"><net_src comp="272" pin="0"/><net_sink comp="295" pin=0"/></net>

<net id="435"><net_src comp="0" pin="0"/><net_sink comp="295" pin=1"/></net>

<net id="436"><net_src comp="2" pin="0"/><net_sink comp="295" pin=2"/></net>

<net id="437"><net_src comp="4" pin="0"/><net_sink comp="295" pin=3"/></net>

<net id="438"><net_src comp="6" pin="0"/><net_sink comp="295" pin=4"/></net>

<net id="439"><net_src comp="8" pin="0"/><net_sink comp="295" pin=5"/></net>

<net id="440"><net_src comp="10" pin="0"/><net_sink comp="295" pin=6"/></net>

<net id="441"><net_src comp="12" pin="0"/><net_sink comp="295" pin=7"/></net>

<net id="442"><net_src comp="14" pin="0"/><net_sink comp="295" pin=8"/></net>

<net id="443"><net_src comp="18" pin="0"/><net_sink comp="295" pin=9"/></net>

<net id="444"><net_src comp="16" pin="0"/><net_sink comp="295" pin=10"/></net>

<net id="445"><net_src comp="20" pin="0"/><net_sink comp="295" pin=11"/></net>

<net id="446"><net_src comp="22" pin="0"/><net_sink comp="295" pin=12"/></net>

<net id="447"><net_src comp="24" pin="0"/><net_sink comp="295" pin=13"/></net>

<net id="448"><net_src comp="26" pin="0"/><net_sink comp="295" pin=14"/></net>

<net id="449"><net_src comp="28" pin="0"/><net_sink comp="295" pin=15"/></net>

<net id="450"><net_src comp="30" pin="0"/><net_sink comp="295" pin=16"/></net>

<net id="451"><net_src comp="32" pin="0"/><net_sink comp="295" pin=17"/></net>

<net id="452"><net_src comp="34" pin="0"/><net_sink comp="295" pin=18"/></net>

<net id="453"><net_src comp="36" pin="0"/><net_sink comp="295" pin=19"/></net>

<net id="454"><net_src comp="38" pin="0"/><net_sink comp="295" pin=20"/></net>

<net id="455"><net_src comp="40" pin="0"/><net_sink comp="295" pin=21"/></net>

<net id="456"><net_src comp="42" pin="0"/><net_sink comp="295" pin=22"/></net>

<net id="457"><net_src comp="44" pin="0"/><net_sink comp="295" pin=23"/></net>

<net id="458"><net_src comp="46" pin="0"/><net_sink comp="295" pin=24"/></net>

<net id="459"><net_src comp="48" pin="0"/><net_sink comp="295" pin=25"/></net>

<net id="460"><net_src comp="50" pin="0"/><net_sink comp="295" pin=26"/></net>

<net id="461"><net_src comp="52" pin="0"/><net_sink comp="295" pin=27"/></net>

<net id="462"><net_src comp="54" pin="0"/><net_sink comp="295" pin=28"/></net>

<net id="463"><net_src comp="56" pin="0"/><net_sink comp="295" pin=29"/></net>

<net id="464"><net_src comp="58" pin="0"/><net_sink comp="295" pin=30"/></net>

<net id="465"><net_src comp="60" pin="0"/><net_sink comp="295" pin=31"/></net>

<net id="466"><net_src comp="62" pin="0"/><net_sink comp="295" pin=32"/></net>

<net id="467"><net_src comp="64" pin="0"/><net_sink comp="295" pin=33"/></net>

<net id="468"><net_src comp="66" pin="0"/><net_sink comp="295" pin=34"/></net>

<net id="469"><net_src comp="68" pin="0"/><net_sink comp="295" pin=35"/></net>

<net id="470"><net_src comp="70" pin="0"/><net_sink comp="295" pin=36"/></net>

<net id="471"><net_src comp="72" pin="0"/><net_sink comp="295" pin=37"/></net>

<net id="472"><net_src comp="74" pin="0"/><net_sink comp="295" pin=38"/></net>

<net id="473"><net_src comp="76" pin="0"/><net_sink comp="295" pin=39"/></net>

<net id="474"><net_src comp="78" pin="0"/><net_sink comp="295" pin=40"/></net>

<net id="475"><net_src comp="80" pin="0"/><net_sink comp="295" pin=41"/></net>

<net id="476"><net_src comp="82" pin="0"/><net_sink comp="295" pin=42"/></net>

<net id="477"><net_src comp="84" pin="0"/><net_sink comp="295" pin=43"/></net>

<net id="478"><net_src comp="86" pin="0"/><net_sink comp="295" pin=44"/></net>

<net id="479"><net_src comp="88" pin="0"/><net_sink comp="295" pin=45"/></net>

<net id="480"><net_src comp="90" pin="0"/><net_sink comp="295" pin=46"/></net>

<net id="481"><net_src comp="92" pin="0"/><net_sink comp="295" pin=47"/></net>

<net id="482"><net_src comp="94" pin="0"/><net_sink comp="295" pin=48"/></net>

<net id="483"><net_src comp="96" pin="0"/><net_sink comp="295" pin=49"/></net>

<net id="484"><net_src comp="98" pin="0"/><net_sink comp="295" pin=50"/></net>

<net id="485"><net_src comp="100" pin="0"/><net_sink comp="295" pin=51"/></net>

<net id="486"><net_src comp="102" pin="0"/><net_sink comp="295" pin=52"/></net>

<net id="487"><net_src comp="104" pin="0"/><net_sink comp="295" pin=53"/></net>

<net id="488"><net_src comp="106" pin="0"/><net_sink comp="295" pin=54"/></net>

<net id="489"><net_src comp="108" pin="0"/><net_sink comp="295" pin=55"/></net>

<net id="490"><net_src comp="110" pin="0"/><net_sink comp="295" pin=56"/></net>

<net id="491"><net_src comp="112" pin="0"/><net_sink comp="295" pin=57"/></net>

<net id="492"><net_src comp="114" pin="0"/><net_sink comp="295" pin=58"/></net>

<net id="493"><net_src comp="116" pin="0"/><net_sink comp="295" pin=59"/></net>

<net id="494"><net_src comp="118" pin="0"/><net_sink comp="295" pin=60"/></net>

<net id="495"><net_src comp="120" pin="0"/><net_sink comp="295" pin=61"/></net>

<net id="496"><net_src comp="122" pin="0"/><net_sink comp="295" pin=62"/></net>

<net id="497"><net_src comp="124" pin="0"/><net_sink comp="295" pin=63"/></net>

<net id="498"><net_src comp="126" pin="0"/><net_sink comp="295" pin=64"/></net>

<net id="499"><net_src comp="128" pin="0"/><net_sink comp="295" pin=65"/></net>

<net id="500"><net_src comp="130" pin="0"/><net_sink comp="295" pin=66"/></net>

<net id="501"><net_src comp="132" pin="0"/><net_sink comp="295" pin=67"/></net>

<net id="502"><net_src comp="134" pin="0"/><net_sink comp="295" pin=68"/></net>

<net id="503"><net_src comp="136" pin="0"/><net_sink comp="295" pin=69"/></net>

<net id="504"><net_src comp="138" pin="0"/><net_sink comp="295" pin=70"/></net>

<net id="505"><net_src comp="140" pin="0"/><net_sink comp="295" pin=71"/></net>

<net id="506"><net_src comp="142" pin="0"/><net_sink comp="295" pin=72"/></net>

<net id="507"><net_src comp="144" pin="0"/><net_sink comp="295" pin=73"/></net>

<net id="508"><net_src comp="146" pin="0"/><net_sink comp="295" pin=74"/></net>

<net id="509"><net_src comp="148" pin="0"/><net_sink comp="295" pin=75"/></net>

<net id="510"><net_src comp="150" pin="0"/><net_sink comp="295" pin=76"/></net>

<net id="511"><net_src comp="152" pin="0"/><net_sink comp="295" pin=77"/></net>

<net id="512"><net_src comp="154" pin="0"/><net_sink comp="295" pin=78"/></net>

<net id="513"><net_src comp="156" pin="0"/><net_sink comp="295" pin=79"/></net>

<net id="514"><net_src comp="158" pin="0"/><net_sink comp="295" pin=80"/></net>

<net id="515"><net_src comp="160" pin="0"/><net_sink comp="295" pin=81"/></net>

<net id="516"><net_src comp="162" pin="0"/><net_sink comp="295" pin=82"/></net>

<net id="517"><net_src comp="164" pin="0"/><net_sink comp="295" pin=83"/></net>

<net id="518"><net_src comp="166" pin="0"/><net_sink comp="295" pin=84"/></net>

<net id="519"><net_src comp="168" pin="0"/><net_sink comp="295" pin=85"/></net>

<net id="520"><net_src comp="170" pin="0"/><net_sink comp="295" pin=86"/></net>

<net id="521"><net_src comp="172" pin="0"/><net_sink comp="295" pin=87"/></net>

<net id="522"><net_src comp="174" pin="0"/><net_sink comp="295" pin=88"/></net>

<net id="523"><net_src comp="176" pin="0"/><net_sink comp="295" pin=89"/></net>

<net id="524"><net_src comp="178" pin="0"/><net_sink comp="295" pin=90"/></net>

<net id="525"><net_src comp="180" pin="0"/><net_sink comp="295" pin=91"/></net>

<net id="526"><net_src comp="182" pin="0"/><net_sink comp="295" pin=92"/></net>

<net id="527"><net_src comp="184" pin="0"/><net_sink comp="295" pin=93"/></net>

<net id="528"><net_src comp="186" pin="0"/><net_sink comp="295" pin=94"/></net>

<net id="529"><net_src comp="188" pin="0"/><net_sink comp="295" pin=95"/></net>

<net id="530"><net_src comp="190" pin="0"/><net_sink comp="295" pin=96"/></net>

<net id="531"><net_src comp="192" pin="0"/><net_sink comp="295" pin=97"/></net>

<net id="532"><net_src comp="194" pin="0"/><net_sink comp="295" pin=98"/></net>

<net id="533"><net_src comp="196" pin="0"/><net_sink comp="295" pin=99"/></net>

<net id="534"><net_src comp="198" pin="0"/><net_sink comp="295" pin=100"/></net>

<net id="535"><net_src comp="200" pin="0"/><net_sink comp="295" pin=101"/></net>

<net id="536"><net_src comp="202" pin="0"/><net_sink comp="295" pin=102"/></net>

<net id="537"><net_src comp="204" pin="0"/><net_sink comp="295" pin=103"/></net>

<net id="538"><net_src comp="206" pin="0"/><net_sink comp="295" pin=104"/></net>

<net id="539"><net_src comp="208" pin="0"/><net_sink comp="295" pin=105"/></net>

<net id="540"><net_src comp="210" pin="0"/><net_sink comp="295" pin=106"/></net>

<net id="541"><net_src comp="212" pin="0"/><net_sink comp="295" pin=107"/></net>

<net id="542"><net_src comp="214" pin="0"/><net_sink comp="295" pin=108"/></net>

<net id="543"><net_src comp="216" pin="0"/><net_sink comp="295" pin=109"/></net>

<net id="544"><net_src comp="218" pin="0"/><net_sink comp="295" pin=110"/></net>

<net id="545"><net_src comp="220" pin="0"/><net_sink comp="295" pin=111"/></net>

<net id="546"><net_src comp="222" pin="0"/><net_sink comp="295" pin=112"/></net>

<net id="547"><net_src comp="224" pin="0"/><net_sink comp="295" pin=113"/></net>

<net id="548"><net_src comp="226" pin="0"/><net_sink comp="295" pin=114"/></net>

<net id="549"><net_src comp="228" pin="0"/><net_sink comp="295" pin=115"/></net>

<net id="550"><net_src comp="230" pin="0"/><net_sink comp="295" pin=116"/></net>

<net id="551"><net_src comp="232" pin="0"/><net_sink comp="295" pin=117"/></net>

<net id="552"><net_src comp="234" pin="0"/><net_sink comp="295" pin=118"/></net>

<net id="553"><net_src comp="236" pin="0"/><net_sink comp="295" pin=119"/></net>

<net id="554"><net_src comp="238" pin="0"/><net_sink comp="295" pin=120"/></net>

<net id="555"><net_src comp="240" pin="0"/><net_sink comp="295" pin=121"/></net>

<net id="556"><net_src comp="242" pin="0"/><net_sink comp="295" pin=122"/></net>

<net id="557"><net_src comp="244" pin="0"/><net_sink comp="295" pin=123"/></net>

<net id="558"><net_src comp="246" pin="0"/><net_sink comp="295" pin=124"/></net>

<net id="559"><net_src comp="248" pin="0"/><net_sink comp="295" pin=125"/></net>

<net id="560"><net_src comp="250" pin="0"/><net_sink comp="295" pin=126"/></net>

<net id="561"><net_src comp="252" pin="0"/><net_sink comp="295" pin=127"/></net>

<net id="562"><net_src comp="254" pin="0"/><net_sink comp="295" pin=128"/></net>

<net id="563"><net_src comp="256" pin="0"/><net_sink comp="295" pin=129"/></net>

<net id="564"><net_src comp="258" pin="0"/><net_sink comp="295" pin=130"/></net>

<net id="565"><net_src comp="260" pin="0"/><net_sink comp="295" pin=131"/></net>

<net id="566"><net_src comp="262" pin="0"/><net_sink comp="295" pin=132"/></net>

<net id="567"><net_src comp="264" pin="0"/><net_sink comp="295" pin=133"/></net>

<net id="568"><net_src comp="266" pin="0"/><net_sink comp="295" pin=134"/></net>

<net id="569"><net_src comp="268" pin="0"/><net_sink comp="295" pin=135"/></net>

<net id="570"><net_src comp="270" pin="0"/><net_sink comp="295" pin=136"/></net>

</net_list>

</model> 
---------------- Datapath Model END ------------------

* FSMD analyzer results:
  - Output states:
	Port: dst_V_V | {1 2 }
	Port: dst_valid | {1 2 }
	Port: sof_sig | {1 2 }
  - Chain level:
	State 1
	State 2


============================================================
+ Verbose Summary: Datapath Resource usage 
============================================================

* Functional unit list:
|----------|-----------------------------------------|---------|---------|---------|
| Operation|             Functional Unit             |  Delay  |    FF   |   LUT   |
|----------|-----------------------------------------|---------|---------|---------|
|   call   | grp_hls_cropping_strm_Block_proc_fu_295 |  18.852 |   4367  |   898   |
|----------|-----------------------------------------|---------|---------|---------|
|   Total  |                                         |  18.852 |   4367  |   898   |
|----------|-----------------------------------------|---------|---------|---------|

Memories:
N/A

* Register list:
N/A

* Multiplexer (MUX) list: 
|--------|------|------|------|--------|
|  Comp  |  Pin | Size |  BW  | S x BW |
|--------|------|------|------|--------|
|  Total |      |      |      |    0   |
|--------|------|------|------|--------|



* Summary:
+-----------+--------+--------+--------+
|           |  Delay |   FF   |   LUT  |
+-----------+--------+--------+--------+
|  Function |   18   |  4367  |   898  |
|   Memory  |    -   |    -   |    -   |
|Multiplexer|    -   |    -   |    -   |
|  Register |    -   |    -   |    -   |
+-----------+--------+--------+--------+
|   Total   |   18   |  4367  |   898  |
+-----------+--------+--------+--------+
